#
# There is insufficient memory for the Java Runtime Environment to continue.
# Native memory allocation (malloc) failed to allocate 1805776 bytes. Error detail: Chunk::new
# Possible reasons:
#   The system is out of physical RAM or swap space
#   This process is running with CompressedOops enabled, and the Java Heap may be blocking the growth of the native heap
# Possible solutions:
#   Reduce memory load on the system
#   Increase physical memory or swap space
#   Check if swap backing store is full
#   Decrease Java heap size (-Xmx/-Xms)
#   Decrease number of Java threads
#   Decrease Java thread stack sizes (-Xss)
#   Set larger code cache with -XX:ReservedCodeCacheSize=
#   JVM is running with Unscaled Compressed Oops mode in which the Java heap is
#     placed in the first 4GB address space. The Java Heap base address is the
#     maximum limit for the native heap growth. Please use -XX:HeapBaseMinAddress
#     to set the Java Heap base and to place the Java Heap above 4GB virtual address.
# This output file may be truncated or incomplete.
#
#  Out of Memory Error (arena.cpp:168), pid=11380, tid=22728
#
# JRE version: OpenJDK Runtime Environment Temurin-21.0.9+10 (21.0.9+10) (build 21.0.9+10-LTS)
# Java VM: OpenJDK 64-Bit Server VM Temurin-21.0.9+10 (21.0.9+10-LTS, mixed mode, sharing, tiered, compressed oops, compressed class ptrs, g1 gc, windows-amd64)
# No core dump will be written. Minidumps are not enabled by default on client versions of Windows
#

---------------  S U M M A R Y ------------

Command Line: -Djava.awt.headless=true -Xmx512m -XX:ReservedCodeCacheSize=128m -Dscanner.home=C:\Users\gusta\Desktop\Sonar\sonar-scanner-8.0.1.6346-windows-x64\bin\.. -Dproject.home=C:\Users\gusta\Desktop\djangoProjects\integradora-8B-RAMA-DEV-SpeakBranchAI org.sonarsource.scanner.cli.Main -Dsonar.projectKey=sonarInitF -Dsonar.sources=. -Dsonar.host.url=http://localhost:9000 -Dsonar.login=sqp_37a162d1b881eafb981a61cbd4c8f87d5cf1e336

Host: 11th Gen Intel(R) Core(TM) i5-1135G7 @ 2.40GHz, 8 cores, 15G,  Windows 11 , 64 bit Build 26100 (10.0.26100.7920)
Time: Thu Mar 26 15:41:19 2026 Hora est嫕dar central (M憖ico) elapsed time: 51.521078 seconds (0d 0h 0m 51s)

---------------  T H R E A D  ---------------

Current thread (0x0000018fe0a8e4a0):  JavaThread "C2 CompilerThread1" daemon [_thread_in_native, id=22728, stack(0x0000005192f00000,0x0000005193000000) (1024K)]


Current CompileTask:
C2:51521 10840       4       java.lang.invoke.MethodType::makeImpl (109 bytes)

Stack: [0x0000005192f00000,0x0000005193000000]
Native frames: (J=compiled Java code, j=interpreted, Vv=VM code, C=native code)
V  [jvm.dll+0x6d6e29]
V  [jvm.dll+0x8b4b76]
V  [jvm.dll+0x8b712e]
V  [jvm.dll+0x8b7813]
V  [jvm.dll+0x283d86]
V  [jvm.dll+0xc66ed]
V  [jvm.dll+0xc6c31]
V  [jvm.dll+0x3be501]
V  [jvm.dll+0x38ab92]
V  [jvm.dll+0x389fda]
V  [jvm.dll+0x24bfa0]
V  [jvm.dll+0x24b580]
V  [jvm.dll+0x1cb13e]
V  [jvm.dll+0x25b29d]
V  [jvm.dll+0x25982a]
V  [jvm.dll+0x3f7ea6]
V  [jvm.dll+0x85e9ad]
V  [jvm.dll+0x6d565d]
C  [ucrtbase.dll+0x37b0]
C  [KERNEL32.DLL+0x2e8d7]
C  [ntdll.dll+0x8c48c]


---------------  P R O C E S S  ---------------

Threads class SMR info:
_java_thread_list=0x0000018fe0b5e760, length=27, elements={
0x0000018f84932b10, 0x0000018f98376160, 0x0000018f983787d0, 0x0000018f98379fb0,
0x0000018f9837b790, 0x0000018f9837bdf0, 0x0000018f9837c450, 0x0000018f98386780,
0x0000018f9838e1a0, 0x0000018f984dd2d0, 0x0000018f984e9800, 0x0000018f98e6b170,
0x0000018fde7eecb0, 0x0000018fdeb43ea0, 0x0000018fdeb44500, 0x0000018fe12f62c0,
0x0000018fdfb0ca30, 0x0000018fdff22c00, 0x0000018fde4c8720, 0x0000018fe064c300,
0x0000018fe064dd40, 0x0000018fe064fe10, 0x0000018fe064c990, 0x0000018fe06504a0,
0x0000018fe0a8e4a0, 0x0000018f985e7010, 0x0000018fe064d020
}

Java Threads: ( => current thread )
  0x0000018f84932b10 JavaThread "main"                              [_thread_blocked, id=13376, stack(0x0000005190400000,0x0000005190500000) (1024K)]
  0x0000018f98376160 JavaThread "Reference Handler"          daemon [_thread_blocked, id=816, stack(0x0000005190c00000,0x0000005190d00000) (1024K)]
  0x0000018f983787d0 JavaThread "Finalizer"                  daemon [_thread_blocked, id=17964, stack(0x0000005190d00000,0x0000005190e00000) (1024K)]
  0x0000018f98379fb0 JavaThread "Signal Dispatcher"          daemon [_thread_blocked, id=2852, stack(0x0000005190e00000,0x0000005190f00000) (1024K)]
  0x0000018f9837b790 JavaThread "Attach Listener"            daemon [_thread_blocked, id=12396, stack(0x0000005190f00000,0x0000005191000000) (1024K)]
  0x0000018f9837bdf0 JavaThread "Service Thread"             daemon [_thread_blocked, id=9352, stack(0x0000005191000000,0x0000005191100000) (1024K)]
  0x0000018f9837c450 JavaThread "Monitor Deflation Thread"   daemon [_thread_blocked, id=5608, stack(0x0000005191100000,0x0000005191200000) (1024K)]
  0x0000018f98386780 JavaThread "C2 CompilerThread0"         daemon [_thread_blocked, id=23656, stack(0x0000005191200000,0x0000005191300000) (1024K)]
  0x0000018f9838e1a0 JavaThread "C1 CompilerThread0"         daemon [_thread_blocked, id=27248, stack(0x0000005191300000,0x0000005191400000) (1024K)]
  0x0000018f984dd2d0 JavaThread "Notification Thread"        daemon [_thread_blocked, id=9340, stack(0x0000005191400000,0x0000005191500000) (1024K)]
  0x0000018f984e9800 JavaThread "Common-Cleaner"             daemon [_thread_blocked, id=13240, stack(0x0000005191500000,0x0000005191600000) (1024K)]
  0x0000018f98e6b170 JavaThread "HttpClient-1-SelectorManager" daemon [_thread_in_native, id=22564, stack(0x0000005191600000,0x0000005191700000) (1024K)]
  0x0000018fde7eecb0 JavaThread "HttpClient-1-Worker-0"      daemon [_thread_blocked, id=25416, stack(0x0000005192000000,0x0000005192100000) (1024K)]
  0x0000018fdeb43ea0 JavaThread "HttpClient-1-Worker-1"      daemon [_thread_blocked, id=2496, stack(0x0000005192100000,0x0000005192200000) (1024K)]
  0x0000018fdeb44500 JavaThread "HttpClient-1-Worker-2"      daemon [_thread_blocked, id=26004, stack(0x0000005192200000,0x0000005192300000) (1024K)]
  0x0000018fe12f62c0 JavaThread "OkHttp TaskRunner"          daemon [_thread_blocked, id=25580, stack(0x0000005192600000,0x0000005192700000) (1024K)]
  0x0000018fdfb0ca30 JavaThread "Okio Watchdog"              daemon [_thread_blocked, id=13328, stack(0x0000005192700000,0x0000005192800000) (1024K)]
  0x0000018fdff22c00 JavaThread "HttpClient-2-SelectorManager" daemon [_thread_in_native, id=27332, stack(0x0000005192800000,0x0000005192900000) (1024K)]
  0x0000018fde4c8720 JavaThread "JGit-WorkQueue"             daemon [_thread_blocked, id=17748, stack(0x0000005192300000,0x0000005192400000) (1024K)]
  0x0000018fe064c300 JavaThread "nodejs-stream-consumer"     daemon [_thread_in_native, id=6024, stack(0x0000005192a00000,0x0000005192b00000) (1024K)]
  0x0000018fe064dd40 JavaThread "nodejs-stream-consumer"     daemon [_thread_in_native, id=25288, stack(0x0000005192b00000,0x0000005192c00000) (1024K)]
  0x0000018fe064fe10 JavaThread "HttpClient-2-Worker-0"      daemon [_thread_blocked, id=18012, stack(0x0000005192c00000,0x0000005192d00000) (1024K)]
  0x0000018fe064c990 JavaThread "HttpClient-2-Worker-1"      daemon [_thread_blocked, id=1872, stack(0x0000005192d00000,0x0000005192e00000) (1024K)]
  0x0000018fe06504a0 JavaThread "pool-1-thread-1"                   [_thread_blocked, id=20448, stack(0x0000005192e00000,0x0000005192f00000) (1024K)]
=>0x0000018fe0a8e4a0 JavaThread "C2 CompilerThread1"         daemon [_thread_in_native, id=22728, stack(0x0000005192f00000,0x0000005193000000) (1024K)]
  0x0000018f985e7010 JavaThread "C2 CompilerThread2"         daemon [_thread_blocked, id=10164, stack(0x0000005193000000,0x0000005193100000) (1024K)]
  0x0000018fe064d020 JavaThread "Analysis progress"          daemon [_thread_blocked, id=11980, stack(0x0000005193100000,0x0000005193200000) (1024K)]
Total: 27

Other Threads:
  0x0000018f9835de70 VMThread "VM Thread"                           [id=24680, stack(0x0000005190b00000,0x0000005190c00000) (1024K)]
  0x0000018f98343830 WatcherThread "VM Periodic Task Thread"        [id=14076, stack(0x0000005190a00000,0x0000005190b00000) (1024K)]
  0x0000018f86d40ff0 WorkerThread "GC Thread#0"                     [id=26428, stack(0x0000005190500000,0x0000005190600000) (1024K)]
  0x0000018f987df460 WorkerThread "GC Thread#1"                     [id=17264, stack(0x0000005191800000,0x0000005191900000) (1024K)]
  0x0000018f987df800 WorkerThread "GC Thread#2"                     [id=26980, stack(0x0000005191900000,0x0000005191a00000) (1024K)]
  0x0000018f987dfba0 WorkerThread "GC Thread#3"                     [id=6984, stack(0x0000005191a00000,0x0000005191b00000) (1024K)]
  0x0000018f98bff080 WorkerThread "GC Thread#4"                     [id=17804, stack(0x0000005191b00000,0x0000005191c00000) (1024K)]
  0x0000018f98bff420 WorkerThread "GC Thread#5"                     [id=4580, stack(0x0000005191c00000,0x0000005191d00000) (1024K)]
  0x0000018f98c1a220 WorkerThread "GC Thread#6"                     [id=12796, stack(0x0000005191d00000,0x0000005191e00000) (1024K)]
  0x0000018f98c1a5c0 WorkerThread "GC Thread#7"                     [id=19840, stack(0x0000005191e00000,0x0000005191f00000) (1024K)]
  0x0000018f86d45fe0 ConcurrentGCThread "G1 Main Marker"            [id=23484, stack(0x0000005190600000,0x0000005190700000) (1024K)]
  0x0000018f86d46ae0 WorkerThread "G1 Conc#0"                       [id=12528, stack(0x0000005190700000,0x0000005190800000) (1024K)]
  0x0000018f98d22720 WorkerThread "G1 Conc#1"                       [id=25860, stack(0x0000005192500000,0x0000005192600000) (1024K)]
  0x0000018f982151f0 ConcurrentGCThread "G1 Refine#0"               [id=25388, stack(0x0000005190800000,0x0000005190900000) (1024K)]
  0x0000018f9821a650 ConcurrentGCThread "G1 Service"                [id=26368, stack(0x0000005190900000,0x0000005190a00000) (1024K)]
Total: 15

Threads with active compile tasks:
C2 CompilerThread1  51542 10840       4       java.lang.invoke.MethodType::makeImpl (109 bytes)
Total: 1

VM state: not at safepoint (normal execution)

VM Mutex/Monitor currently owned by a thread: None

Heap address: 0x00000000e0000000, size: 512 MB, Compressed Oops mode: 32-bit

CDS archive(s) mapped at: [0x0000018f99000000-0x0000018f99ba0000-0x0000018f99ba0000), size 12189696, SharedBaseAddress: 0x0000018f99000000, ArchiveRelocationMode: 1.
Compressed class space mapped at: 0x0000018f9a000000-0x0000018fda000000, reserved size: 1073741824
Narrow klass base: 0x0000018f99000000, Narrow klass shift: 0, Narrow klass range: 0x100000000

GC Precious Log:
 CardTable entry size: 512
 Card Set container configuration: InlinePtr #cards 5 size 8 Array Of Cards #cards 12 size 40 Howl #buckets 4 coarsen threshold 1843 Howl Bitmap #cards 512 size 80 coarsen threshold 460 Card regions per heap region 1 cards per card region 2048
 CPUs: 8 total, 8 available
 Memory: 16167M
 Large Page Support: Disabled
 NUMA Support: Disabled
 Compressed Oops: Enabled (32-bit)
 Heap Region Size: 1M
 Heap Min Capacity: 8M
 Heap Initial Capacity: 254M
 Heap Max Capacity: 512M
 Pre-touch: Disabled
 Parallel Workers: 8
 Concurrent Workers: 2
 Concurrent Refinement Workers: 8
 Periodic GC: Disabled

Heap:
 garbage-first heap   total 120832K, used 103504K [0x00000000e0000000, 0x0000000100000000)
  region size 1024K, 55 young (56320K), 3 survivors (3072K)
 Metaspace       used 73348K, committed 74496K, reserved 1114112K
  class space    used 9914K, committed 10432K, reserved 1048576K

Heap Regions: E=young(eden), S=young(survivor), O=old, HS=humongous(starts), HC=humongous(continues), CS=collection set, F=free, TAMS=top-at-mark-start, PB=parsable bottom
|   0|0x00000000e0000000, 0x00000000e0100000, 0x00000000e0100000|100%|HS|  |TAMS 0x00000000e0000000| PB 0x00000000e0000000| Complete 
|   1|0x00000000e0100000, 0x00000000e0200000, 0x00000000e0200000|100%| O|  |TAMS 0x00000000e0100000| PB 0x00000000e0100000| Untracked 
|   2|0x00000000e0200000, 0x00000000e0300000, 0x00000000e0300000|100%| O|  |TAMS 0x00000000e0200000| PB 0x00000000e0200000| Untracked 
|   3|0x00000000e0300000, 0x00000000e0400000, 0x00000000e0400000|100%| O|  |TAMS 0x00000000e0300000| PB 0x00000000e0300000| Untracked 
|   4|0x00000000e0400000, 0x00000000e0500000, 0x00000000e0500000|100%| O|  |TAMS 0x00000000e0400000| PB 0x00000000e0400000| Untracked 
|   5|0x00000000e0500000, 0x00000000e0600000, 0x00000000e0600000|100%| O|  |TAMS 0x00000000e0500000| PB 0x00000000e0500000| Untracked 
|   6|0x00000000e0600000, 0x00000000e0700000, 0x00000000e0700000|100%|HS|  |TAMS 0x00000000e0600000| PB 0x00000000e0600000| Complete 
|   7|0x00000000e0700000, 0x00000000e0800000, 0x00000000e0800000|100%|HC|  |TAMS 0x00000000e0700000| PB 0x00000000e0700000| Complete 
|   8|0x00000000e0800000, 0x00000000e0900000, 0x00000000e0900000|100%|HS|  |TAMS 0x00000000e0800000| PB 0x00000000e0800000| Complete 
|   9|0x00000000e0900000, 0x00000000e0a00000, 0x00000000e0a00000|100%|HS|  |TAMS 0x00000000e0900000| PB 0x00000000e0900000| Complete 
|  10|0x00000000e0a00000, 0x00000000e0b00000, 0x00000000e0b00000|100%|HC|  |TAMS 0x00000000e0a00000| PB 0x00000000e0a00000| Complete 
|  11|0x00000000e0b00000, 0x00000000e0c00000, 0x00000000e0c00000|100%|HC|  |TAMS 0x00000000e0b00000| PB 0x00000000e0b00000| Complete 
|  12|0x00000000e0c00000, 0x00000000e0d00000, 0x00000000e0d00000|100%|HS|  |TAMS 0x00000000e0c00000| PB 0x00000000e0c00000| Complete 
|  13|0x00000000e0d00000, 0x00000000e0e00000, 0x00000000e0e00000|100%|HS|  |TAMS 0x00000000e0d00000| PB 0x00000000e0d00000| Complete 
|  14|0x00000000e0e00000, 0x00000000e0f00000, 0x00000000e0f00000|100%| O|  |TAMS 0x00000000e0e00000| PB 0x00000000e0e00000| Untracked 
|  15|0x00000000e0f00000, 0x00000000e1000000, 0x00000000e1000000|100%| O|  |TAMS 0x00000000e0f00000| PB 0x00000000e0f00000| Untracked 
|  16|0x00000000e1000000, 0x00000000e1100000, 0x00000000e1100000|100%| O|  |TAMS 0x00000000e1000000| PB 0x00000000e1000000| Untracked 
|  17|0x00000000e1100000, 0x00000000e1200000, 0x00000000e1200000|100%| O|  |TAMS 0x00000000e1100000| PB 0x00000000e1100000| Untracked 
|  18|0x00000000e1200000, 0x00000000e1300000, 0x00000000e1300000|100%| O|  |TAMS 0x00000000e1200000| PB 0x00000000e1200000| Untracked 
|  19|0x00000000e1300000, 0x00000000e1400000, 0x00000000e1400000|100%| O|  |TAMS 0x00000000e1300000| PB 0x00000000e1300000| Untracked 
|  20|0x00000000e1400000, 0x00000000e1500000, 0x00000000e1500000|100%| O|  |TAMS 0x00000000e1400000| PB 0x00000000e1400000| Untracked 
|  21|0x00000000e1500000, 0x00000000e1600000, 0x00000000e1600000|100%| O|  |TAMS 0x00000000e1500000| PB 0x00000000e1500000| Untracked 
|  22|0x00000000e1600000, 0x00000000e1700000, 0x00000000e1700000|100%| O|  |TAMS 0x00000000e1600000| PB 0x00000000e1600000| Untracked 
|  23|0x00000000e1700000, 0x00000000e1800000, 0x00000000e1800000|100%| O|  |TAMS 0x00000000e1700000| PB 0x00000000e1700000| Untracked 
|  24|0x00000000e1800000, 0x00000000e1900000, 0x00000000e1900000|100%| O|  |TAMS 0x00000000e1800000| PB 0x00000000e1800000| Untracked 
|  25|0x00000000e1900000, 0x00000000e1a00000, 0x00000000e1a00000|100%| O|  |TAMS 0x00000000e1900000| PB 0x00000000e1900000| Untracked 
|  26|0x00000000e1a00000, 0x00000000e1b00000, 0x00000000e1b00000|100%| O|  |TAMS 0x00000000e1a00000| PB 0x00000000e1a00000| Untracked 
|  27|0x00000000e1b00000, 0x00000000e1b00000, 0x00000000e1c00000|  0%| F|  |TAMS 0x00000000e1b00000| PB 0x00000000e1b00000| Untracked 
|  28|0x00000000e1c00000, 0x00000000e1d00000, 0x00000000e1d00000|100%| O|  |TAMS 0x00000000e1c00000| PB 0x00000000e1c00000| Untracked 
|  29|0x00000000e1d00000, 0x00000000e1e00000, 0x00000000e1e00000|100%| O|  |TAMS 0x00000000e1d00000| PB 0x00000000e1d00000| Untracked 
|  30|0x00000000e1e00000, 0x00000000e1f00000, 0x00000000e1f00000|100%| O|  |TAMS 0x00000000e1e00000| PB 0x00000000e1e00000| Untracked 
|  31|0x00000000e1f00000, 0x00000000e2000000, 0x00000000e2000000|100%| O|  |TAMS 0x00000000e1f00000| PB 0x00000000e1f00000| Untracked 
|  32|0x00000000e2000000, 0x00000000e2100000, 0x00000000e2100000|100%| O|  |TAMS 0x00000000e2000000| PB 0x00000000e2000000| Untracked 
|  33|0x00000000e2100000, 0x00000000e2200000, 0x00000000e2200000|100%| O|  |TAMS 0x00000000e2100000| PB 0x00000000e2100000| Untracked 
|  34|0x00000000e2200000, 0x00000000e2300000, 0x00000000e2300000|100%| O|  |TAMS 0x00000000e2200000| PB 0x00000000e2200000| Untracked 
|  35|0x00000000e2300000, 0x00000000e2400000, 0x00000000e2400000|100%| O|  |TAMS 0x00000000e2300000| PB 0x00000000e2300000| Untracked 
|  36|0x00000000e2400000, 0x00000000e2500000, 0x00000000e2500000|100%| O|  |TAMS 0x00000000e2400000| PB 0x00000000e2400000| Untracked 
|  37|0x00000000e2500000, 0x00000000e2600000, 0x00000000e2600000|100%| O|  |TAMS 0x00000000e2500000| PB 0x00000000e2500000| Untracked 
|  38|0x00000000e2600000, 0x00000000e2700000, 0x00000000e2700000|100%| O|  |TAMS 0x00000000e2600000| PB 0x00000000e2600000| Untracked 
|  39|0x00000000e2700000, 0x00000000e2800000, 0x00000000e2800000|100%| O|  |TAMS 0x00000000e2700000| PB 0x00000000e2700000| Untracked 
|  40|0x00000000e2800000, 0x00000000e2900000, 0x00000000e2900000|100%| O|  |TAMS 0x00000000e2800000| PB 0x00000000e2800000| Untracked 
|  41|0x00000000e2900000, 0x00000000e29a7f60, 0x00000000e2a00000| 65%| O|  |TAMS 0x00000000e2900000| PB 0x00000000e2900000| Untracked 
|  42|0x00000000e2a00000, 0x00000000e2b00000, 0x00000000e2b00000|100%| O|  |TAMS 0x00000000e2a00000| PB 0x00000000e2a00000| Untracked 
|  43|0x00000000e2b00000, 0x00000000e2b00000, 0x00000000e2c00000|  0%| F|  |TAMS 0x00000000e2b00000| PB 0x00000000e2b00000| Untracked 
|  44|0x00000000e2c00000, 0x00000000e2c00000, 0x00000000e2d00000|  0%| F|  |TAMS 0x00000000e2c00000| PB 0x00000000e2c00000| Untracked 
|  45|0x00000000e2d00000, 0x00000000e2d00000, 0x00000000e2e00000|  0%| F|  |TAMS 0x00000000e2d00000| PB 0x00000000e2d00000| Untracked 
|  46|0x00000000e2e00000, 0x00000000e2e6c2f0, 0x00000000e2f00000| 42%| S|CS|TAMS 0x00000000e2e00000| PB 0x00000000e2e00000| Complete 
|  47|0x00000000e2f00000, 0x00000000e2f00000, 0x00000000e3000000|  0%| F|  |TAMS 0x00000000e2f00000| PB 0x00000000e2f00000| Untracked 
|  48|0x00000000e3000000, 0x00000000e3000000, 0x00000000e3100000|  0%| F|  |TAMS 0x00000000e3000000| PB 0x00000000e3000000| Untracked 
|  49|0x00000000e3100000, 0x00000000e3200000, 0x00000000e3200000|100%| S|CS|TAMS 0x00000000e3100000| PB 0x00000000e3100000| Complete 
|  50|0x00000000e3200000, 0x00000000e3200000, 0x00000000e3300000|  0%| F|  |TAMS 0x00000000e3200000| PB 0x00000000e3200000| Untracked 
|  51|0x00000000e3300000, 0x00000000e3400000, 0x00000000e3400000|100%| S|CS|TAMS 0x00000000e3300000| PB 0x00000000e3300000| Complete 
|  52|0x00000000e3400000, 0x00000000e3400000, 0x00000000e3500000|  0%| F|  |TAMS 0x00000000e3400000| PB 0x00000000e3400000| Untracked 
|  53|0x00000000e3500000, 0x00000000e3500000, 0x00000000e3600000|  0%| F|  |TAMS 0x00000000e3500000| PB 0x00000000e3500000| Untracked 
|  54|0x00000000e3600000, 0x00000000e3600000, 0x00000000e3700000|  0%| F|  |TAMS 0x00000000e3600000| PB 0x00000000e3600000| Untracked 
|  55|0x00000000e3700000, 0x00000000e3700000, 0x00000000e3800000|  0%| F|  |TAMS 0x00000000e3700000| PB 0x00000000e3700000| Untracked 
|  56|0x00000000e3800000, 0x00000000e3800000, 0x00000000e3900000|  0%| F|  |TAMS 0x00000000e3800000| PB 0x00000000e3800000| Untracked 
|  57|0x00000000e3900000, 0x00000000e3900000, 0x00000000e3a00000|  0%| F|  |TAMS 0x00000000e3900000| PB 0x00000000e3900000| Untracked 
|  58|0x00000000e3a00000, 0x00000000e3a00000, 0x00000000e3b00000|  0%| F|  |TAMS 0x00000000e3a00000| PB 0x00000000e3a00000| Untracked 
|  59|0x00000000e3b00000, 0x00000000e3b00000, 0x00000000e3c00000|  0%| F|  |TAMS 0x00000000e3b00000| PB 0x00000000e3b00000| Untracked 
|  60|0x00000000e3c00000, 0x00000000e3ce7cc0, 0x00000000e3d00000| 90%| E|  |TAMS 0x00000000e3c00000| PB 0x00000000e3c00000| Complete 
|  61|0x00000000e3d00000, 0x00000000e3e00000, 0x00000000e3e00000|100%| E|CS|TAMS 0x00000000e3d00000| PB 0x00000000e3d00000| Complete 
|  62|0x00000000e3e00000, 0x00000000e3f00000, 0x00000000e3f00000|100%| E|CS|TAMS 0x00000000e3e00000| PB 0x00000000e3e00000| Complete 
|  63|0x00000000e3f00000, 0x00000000e4000000, 0x00000000e4000000|100%| E|CS|TAMS 0x00000000e3f00000| PB 0x00000000e3f00000| Complete 
|  64|0x00000000e4000000, 0x00000000e4100000, 0x00000000e4100000|100%| E|CS|TAMS 0x00000000e4000000| PB 0x00000000e4000000| Complete 
|  65|0x00000000e4100000, 0x00000000e4200000, 0x00000000e4200000|100%| E|CS|TAMS 0x00000000e4100000| PB 0x00000000e4100000| Complete 
|  66|0x00000000e4200000, 0x00000000e4300000, 0x00000000e4300000|100%| E|CS|TAMS 0x00000000e4200000| PB 0x00000000e4200000| Complete 
|  67|0x00000000e4300000, 0x00000000e4400000, 0x00000000e4400000|100%| E|CS|TAMS 0x00000000e4300000| PB 0x00000000e4300000| Complete 
|  68|0x00000000e4400000, 0x00000000e4500000, 0x00000000e4500000|100%| E|CS|TAMS 0x00000000e4400000| PB 0x00000000e4400000| Complete 
|  69|0x00000000e4500000, 0x00000000e4600000, 0x00000000e4600000|100%| E|CS|TAMS 0x00000000e4500000| PB 0x00000000e4500000| Complete 
|  70|0x00000000e4600000, 0x00000000e4700000, 0x00000000e4700000|100%| E|CS|TAMS 0x00000000e4600000| PB 0x00000000e4600000| Complete 
|  71|0x00000000e4700000, 0x00000000e4800000, 0x00000000e4800000|100%| E|CS|TAMS 0x00000000e4700000| PB 0x00000000e4700000| Complete 
|  72|0x00000000e4800000, 0x00000000e4900000, 0x00000000e4900000|100%| E|CS|TAMS 0x00000000e4800000| PB 0x00000000e4800000| Complete 
|  73|0x00000000e4900000, 0x00000000e4a00000, 0x00000000e4a00000|100%| E|CS|TAMS 0x00000000e4900000| PB 0x00000000e4900000| Complete 
|  74|0x00000000e4a00000, 0x00000000e4b00000, 0x00000000e4b00000|100%| E|CS|TAMS 0x00000000e4a00000| PB 0x00000000e4a00000| Complete 
|  75|0x00000000e4b00000, 0x00000000e4c00000, 0x00000000e4c00000|100%| E|CS|TAMS 0x00000000e4b00000| PB 0x00000000e4b00000| Complete 
|  76|0x00000000e4c00000, 0x00000000e4d00000, 0x00000000e4d00000|100%| E|CS|TAMS 0x00000000e4c00000| PB 0x00000000e4c00000| Complete 
|  77|0x00000000e4d00000, 0x00000000e4e00000, 0x00000000e4e00000|100%| E|CS|TAMS 0x00000000e4d00000| PB 0x00000000e4d00000| Complete 
|  78|0x00000000e4e00000, 0x00000000e4f00000, 0x00000000e4f00000|100%| E|CS|TAMS 0x00000000e4e00000| PB 0x00000000e4e00000| Complete 
|  79|0x00000000e4f00000, 0x00000000e5000000, 0x00000000e5000000|100%| E|CS|TAMS 0x00000000e4f00000| PB 0x00000000e4f00000| Complete 
|  80|0x00000000e5000000, 0x00000000e5100000, 0x00000000e5100000|100%| E|CS|TAMS 0x00000000e5000000| PB 0x00000000e5000000| Complete 
|  81|0x00000000e5100000, 0x00000000e5200000, 0x00000000e5200000|100%| E|CS|TAMS 0x00000000e5100000| PB 0x00000000e5100000| Complete 
|  82|0x00000000e5200000, 0x00000000e5300000, 0x00000000e5300000|100%| E|CS|TAMS 0x00000000e5200000| PB 0x00000000e5200000| Complete 
|  83|0x00000000e5300000, 0x00000000e5400000, 0x00000000e5400000|100%| E|CS|TAMS 0x00000000e5300000| PB 0x00000000e5300000| Complete 
|  84|0x00000000e5400000, 0x00000000e5500000, 0x00000000e5500000|100%| E|CS|TAMS 0x00000000e5400000| PB 0x00000000e5400000| Complete 
|  85|0x00000000e5500000, 0x00000000e5600000, 0x00000000e5600000|100%| E|CS|TAMS 0x00000000e5500000| PB 0x00000000e5500000| Complete 
|  86|0x00000000e5600000, 0x00000000e5700000, 0x00000000e5700000|100%| E|CS|TAMS 0x00000000e5600000| PB 0x00000000e5600000| Complete 
|  87|0x00000000e5700000, 0x00000000e5800000, 0x00000000e5800000|100%| E|CS|TAMS 0x00000000e5700000| PB 0x00000000e5700000| Complete 
|  88|0x00000000e5800000, 0x00000000e5900000, 0x00000000e5900000|100%| E|CS|TAMS 0x00000000e5800000| PB 0x00000000e5800000| Complete 
|  89|0x00000000e5900000, 0x00000000e5a00000, 0x00000000e5a00000|100%| E|CS|TAMS 0x00000000e5900000| PB 0x00000000e5900000| Complete 
|  90|0x00000000e5a00000, 0x00000000e5b00000, 0x00000000e5b00000|100%| E|CS|TAMS 0x00000000e5a00000| PB 0x00000000e5a00000| Complete 
|  91|0x00000000e5b00000, 0x00000000e5c00000, 0x00000000e5c00000|100%| E|CS|TAMS 0x00000000e5b00000| PB 0x00000000e5b00000| Complete 
|  92|0x00000000e5c00000, 0x00000000e5d00000, 0x00000000e5d00000|100%| E|CS|TAMS 0x00000000e5c00000| PB 0x00000000e5c00000| Complete 
|  93|0x00000000e5d00000, 0x00000000e5e00000, 0x00000000e5e00000|100%| E|CS|TAMS 0x00000000e5d00000| PB 0x00000000e5d00000| Complete 
|  94|0x00000000e5e00000, 0x00000000e5f00000, 0x00000000e5f00000|100%| E|CS|TAMS 0x00000000e5e00000| PB 0x00000000e5e00000| Complete 
|  95|0x00000000e5f00000, 0x00000000e6000000, 0x00000000e6000000|100%| E|CS|TAMS 0x00000000e5f00000| PB 0x00000000e5f00000| Complete 
|  96|0x00000000e6000000, 0x00000000e6100000, 0x00000000e6100000|100%| E|CS|TAMS 0x00000000e6000000| PB 0x00000000e6000000| Complete 
|  97|0x00000000e6100000, 0x00000000e6200000, 0x00000000e6200000|100%| E|CS|TAMS 0x00000000e6100000| PB 0x00000000e6100000| Complete 
| 214|0x00000000ed600000, 0x00000000ed700000, 0x00000000ed700000|100%| E|CS|TAMS 0x00000000ed600000| PB 0x00000000ed600000| Complete 
| 215|0x00000000ed700000, 0x00000000ed800000, 0x00000000ed800000|100%| E|CS|TAMS 0x00000000ed700000| PB 0x00000000ed700000| Complete 
| 216|0x00000000ed800000, 0x00000000ed900000, 0x00000000ed900000|100%| E|CS|TAMS 0x00000000ed800000| PB 0x00000000ed800000| Complete 
| 217|0x00000000ed900000, 0x00000000eda00000, 0x00000000eda00000|100%| E|CS|TAMS 0x00000000ed900000| PB 0x00000000ed900000| Complete 
| 218|0x00000000eda00000, 0x00000000edb00000, 0x00000000edb00000|100%| E|CS|TAMS 0x00000000eda00000| PB 0x00000000eda00000| Complete 
| 219|0x00000000edb00000, 0x00000000edc00000, 0x00000000edc00000|100%| E|CS|TAMS 0x00000000edb00000| PB 0x00000000edb00000| Complete 
| 220|0x00000000edc00000, 0x00000000edd00000, 0x00000000edd00000|100%| E|CS|TAMS 0x00000000edc00000| PB 0x00000000edc00000| Complete 
| 221|0x00000000edd00000, 0x00000000ede00000, 0x00000000ede00000|100%| E|CS|TAMS 0x00000000edd00000| PB 0x00000000edd00000| Complete 
| 222|0x00000000ede00000, 0x00000000edf00000, 0x00000000edf00000|100%| E|CS|TAMS 0x00000000ede00000| PB 0x00000000ede00000| Complete 
| 253|0x00000000efd00000, 0x00000000efe00000, 0x00000000efe00000|100%| E|CS|TAMS 0x00000000efd00000| PB 0x00000000efd00000| Complete 
| 502|0x00000000ff600000, 0x00000000ff700000, 0x00000000ff700000|100%| E|CS|TAMS 0x00000000ff600000| PB 0x00000000ff600000| Complete 
| 503|0x00000000ff700000, 0x00000000ff800000, 0x00000000ff800000|100%| E|CS|TAMS 0x00000000ff700000| PB 0x00000000ff700000| Complete 
| 504|0x00000000ff800000, 0x00000000ff900000, 0x00000000ff900000|100%| O|  |TAMS 0x00000000ff800000| PB 0x00000000ff800000| Untracked 
| 505|0x00000000ff900000, 0x00000000ffa00000, 0x00000000ffa00000|100%| E|CS|TAMS 0x00000000ff900000| PB 0x00000000ff900000| Complete 
| 506|0x00000000ffa00000, 0x00000000ffb00000, 0x00000000ffb00000|100%| E|CS|TAMS 0x00000000ffa00000| PB 0x00000000ffa00000| Complete 
| 507|0x00000000ffb00000, 0x00000000ffc00000, 0x00000000ffc00000|100%| O|  |TAMS 0x00000000ffb00000| PB 0x00000000ffb00000| Untracked 
| 508|0x00000000ffc00000, 0x00000000ffd00000, 0x00000000ffd00000|100%| O|  |TAMS 0x00000000ffc00000| PB 0x00000000ffc00000| Untracked 
| 509|0x00000000ffd00000, 0x00000000ffe00000, 0x00000000ffe00000|100%| O|  |TAMS 0x00000000ffd00000| PB 0x00000000ffd00000| Untracked 
| 510|0x00000000ffe00000, 0x00000000fff00000, 0x00000000fff00000|100%| O|  |TAMS 0x00000000ffe00000| PB 0x00000000ffe00000| Untracked 
| 511|0x00000000fff00000, 0x0000000100000000, 0x0000000100000000|100%| O|  |TAMS 0x00000000fff00000| PB 0x00000000fff00000| Untracked 

Card table byte_map: [0x0000018f95000000,0x0000018f95100000] _byte_map_base: 0x0000018f94900000

Marking Bits: (CMBitMap*) 0x0000018f86d416f0
 Bits: [0x0000018f95100000, 0x0000018f95900000)

Polling page: 0x0000018f84b30000

Metaspace:

Usage:
  Non-class:     61.95 MB used.
      Class:      9.68 MB used.
       Both:     71.63 MB used.

Virtual space:
  Non-class space:       64.00 MB reserved,      62.56 MB ( 98%) committed,  1 nodes.
      Class space:        1.00 GB reserved,      10.19 MB ( <1%) committed,  1 nodes.
             Both:        1.06 GB reserved,      72.75 MB (  7%) committed. 

Chunk freelists:
   Non-Class:  576.00 KB
       Class:  5.64 MB
        Both:  6.20 MB

MaxMetaspaceSize: unlimited
CompressedClassSpaceSize: 1.00 GB
Initial GC threshold: 21.00 MB
Current GC threshold: 120.75 MB
CDS: on
 - commit_granule_bytes: 65536.
 - commit_granule_words: 8192.
 - virtual_space_node_default_size: 8388608.
 - enlarge_chunks_in_place: 1.
 - use_allocation_guard: 0.


Internal statistics:

num_allocs_failed_limit: 8.
num_arena_births: 1468.
num_arena_deaths: 4.
num_vsnodes_births: 2.
num_vsnodes_deaths: 0.
num_space_committed: 1165.
num_space_uncommitted: 1.
num_chunks_returned_to_freelist: 18.
num_chunks_taken_from_freelist: 4135.
num_chunk_merges: 9.
num_chunk_splits: 2998.
num_chunks_enlarged: 2264.
num_inconsistent_stats: 0.

CodeCache: size=131072Kb used=21740Kb max_used=23966Kb free=109331Kb
 bounds [0x0000018f8cce0000, 0x0000018f8e450000, 0x0000018f94ce0000]
 total_blobs=7781, nmethods=7063, adapters=620, full_count=0
Compilation: enabled, stopped_count=0, restarted_count=0

Compilation events (20 events):
Event: 51.470 Thread 0x0000018f9838e1a0 10883       3       java.util.concurrent.ThreadPoolExecutor::runStateAtLeast (11 bytes)
Event: 51.470 Thread 0x0000018f9838e1a0 nmethod 10883 0x0000018f8d5d0210 code [0x0000018f8d5d03a0, 0x0000018f8d5d04e0]
Event: 51.474 Thread 0x0000018f9838e1a0 10884       3       org.slf4j.impl.StaticLoggerBinder::getSingleton (4 bytes)
Event: 51.474 Thread 0x0000018f9838e1a0 nmethod 10884 0x0000018f8d5d0910 code [0x0000018f8d5d0aa0, 0x0000018f8d5d0b98]
Event: 51.475 Thread 0x0000018f98386780 10885   !   4       java.util.concurrent.ConcurrentHashMap::putVal (432 bytes)
Event: 51.475 Thread 0x0000018f9838e1a0 10886   !   3       org.slf4j.LoggerFactory::getILoggerFactory (103 bytes)
Event: 51.476 Thread 0x0000018f9838e1a0 nmethod 10886 0x0000018f8d4f6a10 code [0x0000018f8d4f6c60, 0x0000018f8d4f7340]
Event: 51.476 Thread 0x0000018f9838e1a0 10887       3       org.slf4j.impl.StaticLoggerBinder::getLoggerFactory (45 bytes)
Event: 51.477 Thread 0x0000018f9838e1a0 nmethod 10887 0x0000018f8d7fc210 code [0x0000018f8d7fc3e0, 0x0000018f8d7fc770]
Event: 51.477 Thread 0x0000018f9838e1a0 10888       3       ch.qos.logback.classic.selector.DefaultContextSelector::getLoggerContext (5 bytes)
Event: 51.477 Thread 0x0000018f9838e1a0 nmethod 10888 0x0000018f8d5d2190 code [0x0000018f8d5d2320, 0x0000018f8d5d2458]
Event: 51.480 Thread 0x0000018f9838e1a0 10889       3       java.lang.invoke.MethodType::methodType (100 bytes)
Event: 51.480 Thread 0x0000018f9838e1a0 nmethod 10889 0x0000018f8ce89b90 code [0x0000018f8ce89de0, 0x0000018f8ce8a5a8]
Event: 51.480 Thread 0x0000018f985e7010 10890       4       java.lang.invoke.Invokers$Holder::linkToTargetMethod (11 bytes)
Event: 51.481 Thread 0x0000018f9838e1a0 10891   !   3       java.util.concurrent.LinkedTransferQueue$DualNode::await (249 bytes)
Event: 51.482 Thread 0x0000018f985e7010 nmethod 10890 0x0000018f8d688210 code [0x0000018f8d6883a0, 0x0000018f8d6884a8]
Event: 51.483 Thread 0x0000018f9838e1a0 nmethod 10891 0x0000018f8d286810 code [0x0000018f8d286c60, 0x0000018f8d288f68]
Event: 51.483 Thread 0x0000018f9838e1a0 10892       1       jdk.internal.net.http.HttpClientImpl$SelectorManager::isClosed (5 bytes)
Event: 51.483 Thread 0x0000018f9838e1a0 nmethod 10892 0x0000018f8d689110 code [0x0000018f8d6892a0, 0x0000018f8d689370]
Event: 51.495 Thread 0x0000018f98386780 nmethod 10885 0x0000018f8d026e10 code [0x0000018f8d0270a0, 0x0000018f8d028728]

GC Heap History (20 events):
Event: 28.828 GC heap before
{Heap before GC invocations=78 (full 0):
 garbage-first heap   total 103424K, used 93049K [0x00000000e0000000, 0x0000000100000000)
  region size 1024K, 43 young (44032K), 3 survivors (3072K)
 Metaspace       used 72274K, committed 73536K, reserved 1114112K
  class space    used 9796K, committed 10368K, reserved 1048576K
}
Event: 28.833 GC heap after
{Heap after GC invocations=79 (full 0):
 garbage-first heap   total 103424K, used 52354K [0x00000000e0000000, 0x0000000100000000)
  region size 1024K, 4 young (4096K), 4 survivors (4096K)
 Metaspace       used 72274K, committed 73536K, reserved 1114112K
  class space    used 9796K, committed 10368K, reserved 1048576K
}
Event: 28.991 GC heap before
{Heap before GC invocations=80 (full 0):
 garbage-first heap   total 103424K, used 92290K [0x00000000e0000000, 0x0000000100000000)
  region size 1024K, 43 young (44032K), 4 survivors (4096K)
 Metaspace       used 72349K, committed 73600K, reserved 1114112K
  class space    used 9798K, committed 10368K, reserved 1048576K
}
Event: 28.994 GC heap after
{Heap after GC invocations=81 (full 0):
 garbage-first heap   total 103424K, used 50760K [0x00000000e0000000, 0x0000000100000000)
  region size 1024K, 2 young (2048K), 2 survivors (2048K)
 Metaspace       used 72349K, committed 73600K, reserved 1114112K
  class space    used 9798K, committed 10368K, reserved 1048576K
}
Event: 29.112 GC heap before
{Heap before GC invocations=81 (full 0):
 garbage-first heap   total 103424K, used 93768K [0x00000000e0000000, 0x0000000100000000)
  region size 1024K, 44 young (45056K), 2 survivors (2048K)
 Metaspace       used 72371K, committed 73600K, reserved 1114112K
  class space    used 9798K, committed 10368K, reserved 1048576K
}
Event: 29.115 GC heap after
{Heap after GC invocations=82 (full 0):
 garbage-first heap   total 103424K, used 52205K [0x00000000e0000000, 0x0000000100000000)
  region size 1024K, 3 young (3072K), 3 survivors (3072K)
 Metaspace       used 72371K, committed 73600K, reserved 1114112K
  class space    used 9798K, committed 10368K, reserved 1048576K
}
Event: 29.247 GC heap before
{Heap before GC invocations=83 (full 0):
 garbage-first heap   total 103424K, used 94189K [0x00000000e0000000, 0x0000000100000000)
  region size 1024K, 44 young (45056K), 3 survivors (3072K)
 Metaspace       used 72394K, committed 73600K, reserved 1114112K
  class space    used 9798K, committed 10368K, reserved 1048576K
}
Event: 29.250 GC heap after
{Heap after GC invocations=84 (full 0):
 garbage-first heap   total 120832K, used 52460K [0x00000000e0000000, 0x0000000100000000)
  region size 1024K, 4 young (4096K), 4 survivors (4096K)
 Metaspace       used 72394K, committed 73600K, reserved 1114112K
  class space    used 9798K, committed 10368K, reserved 1048576K
}
Event: 29.677 GC heap before
{Heap before GC invocations=84 (full 0):
 garbage-first heap   total 120832K, used 109804K [0x00000000e0000000, 0x0000000100000000)
  region size 1024K, 60 young (61440K), 4 survivors (4096K)
 Metaspace       used 72458K, committed 73664K, reserved 1114112K
  class space    used 9804K, committed 10368K, reserved 1048576K
}
Event: 29.685 GC heap after
{Heap after GC invocations=85 (full 0):
 garbage-first heap   total 120832K, used 51644K [0x00000000e0000000, 0x0000000100000000)
  region size 1024K, 3 young (3072K), 3 survivors (3072K)
 Metaspace       used 72458K, committed 73664K, reserved 1114112K
  class space    used 9804K, committed 10368K, reserved 1048576K
}
Event: 30.873 GC heap before
{Heap before GC invocations=85 (full 0):
 garbage-first heap   total 120832K, used 110012K [0x00000000e0000000, 0x0000000100000000)
  region size 1024K, 60 young (61440K), 3 survivors (3072K)
 Metaspace       used 72458K, committed 73664K, reserved 1114112K
  class space    used 9804K, committed 10368K, reserved 1048576K
}
Event: 30.876 GC heap after
{Heap after GC invocations=86 (full 0):
 garbage-first heap   total 120832K, used 51537K [0x00000000e0000000, 0x0000000100000000)
  region size 1024K, 3 young (3072K), 3 survivors (3072K)
 Metaspace       used 72458K, committed 73664K, reserved 1114112K
  class space    used 9804K, committed 10368K, reserved 1048576K
}
Event: 32.026 GC heap before
{Heap before GC invocations=87 (full 0):
 garbage-first heap   total 120832K, used 111953K [0x00000000e0000000, 0x0000000100000000)
  region size 1024K, 62 young (63488K), 3 survivors (3072K)
 Metaspace       used 72646K, committed 73792K, reserved 1114112K
  class space    used 9834K, committed 10368K, reserved 1048576K
}
Event: 32.028 GC heap after
{Heap after GC invocations=88 (full 0):
 garbage-first heap   total 120832K, used 51423K [0x00000000e0000000, 0x0000000100000000)
  region size 1024K, 3 young (3072K), 3 survivors (3072K)
 Metaspace       used 72646K, committed 73792K, reserved 1114112K
  class space    used 9834K, committed 10368K, reserved 1048576K
}
Event: 35.022 GC heap before
{Heap before GC invocations=88 (full 0):
 garbage-first heap   total 120832K, used 112863K [0x00000000e0000000, 0x0000000100000000)
  region size 1024K, 63 young (64512K), 3 survivors (3072K)
 Metaspace       used 72935K, committed 74176K, reserved 1114112K
  class space    used 9861K, committed 10432K, reserved 1048576K
}
Event: 35.027 GC heap after
{Heap after GC invocations=89 (full 0):
 garbage-first heap   total 120832K, used 51470K [0x00000000e0000000, 0x0000000100000000)
  region size 1024K, 3 young (3072K), 3 survivors (3072K)
 Metaspace       used 72935K, committed 74176K, reserved 1114112K
  class space    used 9861K, committed 10432K, reserved 1048576K
}
Event: 38.717 GC heap before
{Heap before GC invocations=89 (full 0):
 garbage-first heap   total 120832K, used 112910K [0x00000000e0000000, 0x0000000100000000)
  region size 1024K, 63 young (64512K), 3 survivors (3072K)
 Metaspace       used 72936K, committed 74176K, reserved 1114112K
  class space    used 9861K, committed 10432K, reserved 1048576K
}
Event: 38.719 GC heap after
{Heap after GC invocations=90 (full 0):
 garbage-first heap   total 120832K, used 51294K [0x00000000e0000000, 0x0000000100000000)
  region size 1024K, 3 young (3072K), 3 survivors (3072K)
 Metaspace       used 72936K, committed 74176K, reserved 1114112K
  class space    used 9861K, committed 10432K, reserved 1048576K
}
Event: 43.324 GC heap before
{Heap before GC invocations=91 (full 0):
 garbage-first heap   total 120832K, used 112734K [0x00000000e0000000, 0x0000000100000000)
  region size 1024K, 63 young (64512K), 3 survivors (3072K)
 Metaspace       used 72936K, committed 74176K, reserved 1114112K
  class space    used 9861K, committed 10432K, reserved 1048576K
}
Event: 43.328 GC heap after
{Heap after GC invocations=92 (full 0):
 garbage-first heap   total 120832K, used 51280K [0x00000000e0000000, 0x0000000100000000)
  region size 1024K, 3 young (3072K), 3 survivors (3072K)
 Metaspace       used 72936K, committed 74176K, reserved 1114112K
  class space    used 9861K, committed 10432K, reserved 1048576K
}

Dll operation events (9 events):
Event: 0.006 Loaded shared library C:\Users\gusta\Desktop\Sonar\sonar-scanner-8.0.1.6346-windows-x64\jre\bin\java.dll
Event: 0.030 Loaded shared library C:\Users\gusta\Desktop\Sonar\sonar-scanner-8.0.1.6346-windows-x64\jre\bin\jsvml.dll
Event: 0.041 Loaded shared library C:\Users\gusta\Desktop\Sonar\sonar-scanner-8.0.1.6346-windows-x64\jre\bin\net.dll
Event: 0.043 Loaded shared library C:\Users\gusta\Desktop\Sonar\sonar-scanner-8.0.1.6346-windows-x64\jre\bin\nio.dll
Event: 0.052 Loaded shared library C:\Users\gusta\Desktop\Sonar\sonar-scanner-8.0.1.6346-windows-x64\jre\bin\zip.dll
Event: 0.070 Loaded shared library C:\Users\gusta\Desktop\Sonar\sonar-scanner-8.0.1.6346-windows-x64\jre\bin\jimage.dll
Event: 0.384 Loaded shared library C:\Users\gusta\Desktop\Sonar\sonar-scanner-8.0.1.6346-windows-x64\jre\bin\sunmscapi.dll
Event: 3.407 Loaded shared library C:\Users\gusta\Desktop\Sonar\sonar-scanner-8.0.1.6346-windows-x64\jre\bin\extnet.dll
Event: 3.621 Loaded shared library C:\Users\gusta\Desktop\Sonar\sonar-scanner-8.0.1.6346-windows-x64\jre\bin\verify.dll

Deoptimization events (20 events):
Event: 51.476 Thread 0x0000018f84932b10 Uncommon trap: trap_request=0xffffffc6 fr.pc=0x0000018f8de07eec relative=0x00000000000001ac
Event: 51.476 Thread 0x0000018f84932b10 Uncommon trap: reason=bimorphic_or_optimized_type_check action=maybe_recompile pc=0x0000018f8de07eec method=java.util.stream.Streams$ConcatSpliterator.estimateSize()J @ 20 c2
Event: 51.476 Thread 0x0000018f84932b10 DEOPT PACKING pc=0x0000018f8de07eec sp=0x00000051904fdd40
Event: 51.476 Thread 0x0000018f84932b10 DEOPT UNPACKING pc=0x0000018f8cd37ba2 sp=0x00000051904fdcb8 mode 2
Event: 51.476 Thread 0x0000018f84932b10 Uncommon trap: trap_request=0xffffffc6 fr.pc=0x0000018f8e4387b8 relative=0x0000000000000b98
Event: 51.476 Thread 0x0000018f84932b10 Uncommon trap: reason=bimorphic_or_optimized_type_check action=maybe_recompile pc=0x0000018f8e4387b8 method=java.util.stream.Streams$ConcatSpliterator.forEachRemaining(Ljava/util/function/Consumer;)V @ 22 c2
Event: 51.476 Thread 0x0000018f84932b10 DEOPT PACKING pc=0x0000018f8e4387b8 sp=0x00000051904fdce0
Event: 51.476 Thread 0x0000018f84932b10 DEOPT UNPACKING pc=0x0000018f8cd37ba2 sp=0x00000051904fdce8 mode 2
Event: 51.477 Thread 0x0000018f84932b10 Uncommon trap: trap_request=0xffffffc6 fr.pc=0x0000018f8e05ae34 relative=0x0000000000000a54
Event: 51.477 Thread 0x0000018f84932b10 Uncommon trap: reason=bimorphic_or_optimized_type_check action=maybe_recompile pc=0x0000018f8e05ae34 method=java.util.stream.Streams$ConcatSpliterator.<init>(Ljava/util/Spliterator;Ljava/util/Spliterator;)V @ 27 c2
Event: 51.477 Thread 0x0000018f84932b10 DEOPT PACKING pc=0x0000018f8e05ae34 sp=0x00000051904fddc0
Event: 51.477 Thread 0x0000018f84932b10 DEOPT UNPACKING pc=0x0000018f8cd37ba2 sp=0x00000051904fdca0 mode 2
Event: 51.477 Thread 0x0000018f84932b10 Uncommon trap: trap_request=0xffffffc6 fr.pc=0x0000018f8de07eec relative=0x00000000000001ac
Event: 51.477 Thread 0x0000018f84932b10 Uncommon trap: reason=bimorphic_or_optimized_type_check action=maybe_recompile pc=0x0000018f8de07eec method=java.util.stream.Streams$ConcatSpliterator.estimateSize()J @ 20 c2
Event: 51.477 Thread 0x0000018f84932b10 DEOPT PACKING pc=0x0000018f8de07eec sp=0x00000051904fdd60
Event: 51.477 Thread 0x0000018f84932b10 DEOPT UNPACKING pc=0x0000018f8cd37ba2 sp=0x00000051904fdcd8 mode 2
Event: 51.477 Thread 0x0000018f84932b10 Uncommon trap: trap_request=0xffffffc6 fr.pc=0x0000018f8e4387b8 relative=0x0000000000000b98
Event: 51.477 Thread 0x0000018f84932b10 Uncommon trap: reason=bimorphic_or_optimized_type_check action=maybe_recompile pc=0x0000018f8e4387b8 method=java.util.stream.Streams$ConcatSpliterator.forEachRemaining(Ljava/util/function/Consumer;)V @ 22 c2
Event: 51.477 Thread 0x0000018f84932b10 DEOPT PACKING pc=0x0000018f8e4387b8 sp=0x00000051904fdd00
Event: 51.477 Thread 0x0000018f84932b10 DEOPT UNPACKING pc=0x0000018f8cd37ba2 sp=0x00000051904fdd08 mode 2

Classes loaded (20 events):
Event: 27.717 Loading class java/util/ImmutableCollections$SubList
Event: 27.717 Loading class java/util/ImmutableCollections$SubList done
Event: 28.056 Loading class java/math/MathContext
Event: 28.056 Loading class java/math/MathContext done
Event: 29.424 Loading class java/nio/file/FileTreeIterator
Event: 29.424 Loading class java/nio/file/FileTreeIterator done
Event: 32.083 Loading class java/nio/file/Path$1
Event: 32.083 Loading class java/nio/file/Path$1 done
Event: 46.509 Loading class java/io/SequenceInputStream
Event: 46.509 Loading class java/io/SequenceInputStream done
Event: 46.509 Loading class java/util/zip/GZIPInputStream$1
Event: 46.509 Loading class java/util/zip/GZIPInputStream$1 done
Event: 46.513 Loading class java/net/ServerSocket
Event: 46.513 Loading class java/net/ServerSocket done
Event: 46.903 Loading class sun/net/util/SocketExceptions
Event: 46.904 Loading class sun/net/util/SocketExceptions done
Event: 46.905 Loading class java/util/concurrent/CompletionException
Event: 46.905 Loading class java/util/concurrent/CompletionException done
Event: 51.421 Loading class sun/net/www/HeaderParser
Event: 51.421 Loading class sun/net/www/HeaderParser done

Classes unloaded (2 events):
Event: 25.430 Thread 0x0000018f9835de70 Unloading class 0x0000018f9a90d800 'GeneratedBySSLR'
Event: 25.430 Thread 0x0000018f9835de70 Unloading class 0x0000018f9a90c000 'GeneratedBySSLR'

Classes redefined (0 events):
No events

Internal exceptions (20 events):
Event: 50.304 Thread 0x0000018fdff22c00 Exception <a 'java/net/ConnectException'{0x00000000e3e7d240}: Connection refused: getsockopt> (0x00000000e3e7d240) 
thrown [s\src\hotspot\share\prims\jni.cpp, line 539]
Event: 50.411 Thread 0x0000018fdff22c00 Exception <a 'java/net/ConnectException'{0x00000000e3e7ddc8}: Connection refused: getsockopt> (0x00000000e3e7ddc8) 
thrown [s\src\hotspot\share\prims\jni.cpp, line 539]
Event: 50.413 Thread 0x0000018fdff22c00 Exception <a 'java/net/ConnectException'{0x00000000e3e7e940}: Connection refused: getsockopt> (0x00000000e3e7e940) 
thrown [s\src\hotspot\share\prims\jni.cpp, line 539]
Event: 50.523 Thread 0x0000018fdff22c00 Exception <a 'java/net/ConnectException'{0x00000000e3e7f4c8}: Connection refused: getsockopt> (0x00000000e3e7f4c8) 
thrown [s\src\hotspot\share\prims\jni.cpp, line 539]
Event: 50.525 Thread 0x0000018fdff22c00 Exception <a 'java/net/ConnectException'{0x00000000e3e80050}: Connection refused: getsockopt> (0x00000000e3e80050) 
thrown [s\src\hotspot\share\prims\jni.cpp, line 539]
Event: 50.634 Thread 0x0000018fdff22c00 Exception <a 'java/net/ConnectException'{0x00000000e3e80be8}: Connection refused: getsockopt> (0x00000000e3e80be8) 
thrown [s\src\hotspot\share\prims\jni.cpp, line 539]
Event: 50.636 Thread 0x0000018fdff22c00 Exception <a 'java/net/ConnectException'{0x00000000e3e81770}: Connection refused: getsockopt> (0x00000000e3e81770) 
thrown [s\src\hotspot\share\prims\jni.cpp, line 539]
Event: 50.742 Thread 0x0000018fdff22c00 Exception <a 'java/net/ConnectException'{0x00000000e3e822f0}: Connection refused: getsockopt> (0x00000000e3e822f0) 
thrown [s\src\hotspot\share\prims\jni.cpp, line 539]
Event: 50.744 Thread 0x0000018fdff22c00 Exception <a 'java/net/ConnectException'{0x00000000e3e82e68}: Connection refused: getsockopt> (0x00000000e3e82e68) 
thrown [s\src\hotspot\share\prims\jni.cpp, line 539]
Event: 50.852 Thread 0x0000018fdff22c00 Exception <a 'java/net/ConnectException'{0x00000000e3e839f0}: Connection refused: getsockopt> (0x00000000e3e839f0) 
thrown [s\src\hotspot\share\prims\jni.cpp, line 539]
Event: 50.853 Thread 0x0000018fdff22c00 Exception <a 'java/net/ConnectException'{0x00000000e3e84570}: Connection refused: getsockopt> (0x00000000e3e84570) 
thrown [s\src\hotspot\share\prims\jni.cpp, line 539]
Event: 50.959 Thread 0x0000018fdff22c00 Exception <a 'java/net/ConnectException'{0x00000000e3e850e8}: Connection refused: getsockopt> (0x00000000e3e850e8) 
thrown [s\src\hotspot\share\prims\jni.cpp, line 539]
Event: 50.961 Thread 0x0000018fdff22c00 Exception <a 'java/net/ConnectException'{0x00000000e3e85c70}: Connection refused: getsockopt> (0x00000000e3e85c70) 
thrown [s\src\hotspot\share\prims\jni.cpp, line 539]
Event: 51.068 Thread 0x0000018fdff22c00 Exception <a 'java/net/ConnectException'{0x00000000e3e867f0}: Connection refused: getsockopt> (0x00000000e3e867f0) 
thrown [s\src\hotspot\share\prims\jni.cpp, line 539]
Event: 51.069 Thread 0x0000018fdff22c00 Exception <a 'java/net/ConnectException'{0x00000000e3e87368}: Connection refused: getsockopt> (0x00000000e3e87368) 
thrown [s\src\hotspot\share\prims\jni.cpp, line 539]
Event: 51.179 Thread 0x0000018fdff22c00 Exception <a 'java/net/ConnectException'{0x00000000e3e87ef0}: Connection refused: getsockopt> (0x00000000e3e87ef0) 
thrown [s\src\hotspot\share\prims\jni.cpp, line 539]
Event: 51.181 Thread 0x0000018fdff22c00 Exception <a 'java/net/ConnectException'{0x00000000e3e88a70}: Connection refused: getsockopt> (0x00000000e3e88a70) 
thrown [s\src\hotspot\share\prims\jni.cpp, line 539]
Event: 51.288 Thread 0x0000018fdff22c00 Exception <a 'java/net/ConnectException'{0x00000000e3e895e8}: Connection refused: getsockopt> (0x00000000e3e895e8) 
thrown [s\src\hotspot\share\prims\jni.cpp, line 539]
Event: 51.289 Thread 0x0000018fdff22c00 Exception <a 'java/net/ConnectException'{0x00000000e3e8a170}: Connection refused: getsockopt> (0x00000000e3e8a170) 
thrown [s\src\hotspot\share\prims\jni.cpp, line 539]
Event: 51.440 Thread 0x0000018f84932b10 Exception <a 'java/lang/NoSuchMethodError'{0x00000000e3dbf1f8}: 'int java.lang.invoke.Invokers$Holder.invokeExact_MT(java.lang.Object, java.lang.Object, java.lang.Object)'> (0x00000000e3dbf1f8) 
thrown [s\src\hotspot\share\interpreter\linkResolver.cpp, line 773]

ZGC Phase Switch (0 events):
No events

VM Operations (20 events):
Event: 38.061 Executing VM operation: Cleanup
Event: 38.061 Executing VM operation: Cleanup done
Event: 38.717 Executing VM operation: G1CollectForAllocation (G1 Evacuation Pause)
Event: 38.719 Executing VM operation: G1CollectForAllocation (G1 Evacuation Pause) done
Event: 38.758 Executing VM operation: G1PauseRemark
Event: 38.767 Executing VM operation: G1PauseRemark done
Event: 38.778 Executing VM operation: G1PauseCleanup
Event: 38.778 Executing VM operation: G1PauseCleanup done
Event: 43.324 Executing VM operation: G1CollectForAllocation (G1 Evacuation Pause)
Event: 43.328 Executing VM operation: G1CollectForAllocation (G1 Evacuation Pause) done
Event: 47.369 Executing VM operation: Cleanup
Event: 47.369 Executing VM operation: Cleanup done
Event: 48.374 Executing VM operation: Cleanup
Event: 48.374 Executing VM operation: Cleanup done
Event: 49.377 Executing VM operation: Cleanup
Event: 49.377 Executing VM operation: Cleanup done
Event: 50.379 Executing VM operation: Cleanup
Event: 50.379 Executing VM operation: Cleanup done
Event: 51.381 Executing VM operation: Cleanup
Event: 51.381 Executing VM operation: Cleanup done

Memory protections (0 events):
No events

Nmethod flushes (20 events):
Event: 38.766 Thread 0x0000018f9835de70 flushing  nmethod 0x0000018f8da75f10
Event: 38.766 Thread 0x0000018f9835de70 flushing  nmethod 0x0000018f8da76690
Event: 38.766 Thread 0x0000018f9835de70 flushing  nmethod 0x0000018f8da7bb90
Event: 38.766 Thread 0x0000018f9835de70 flushing  nmethod 0x0000018f8da99f10
Event: 38.766 Thread 0x0000018f9835de70 flushing  nmethod 0x0000018f8da9a310
Event: 38.766 Thread 0x0000018f9835de70 flushing  nmethod 0x0000018f8daa6490
Event: 38.766 Thread 0x0000018f9835de70 flushing  nmethod 0x0000018f8db32410
Event: 38.766 Thread 0x0000018f9835de70 flushing  nmethod 0x0000018f8dd2cd90
Event: 38.766 Thread 0x0000018f9835de70 flushing  nmethod 0x0000018f8de80110
Event: 38.766 Thread 0x0000018f9835de70 flushing  nmethod 0x0000018f8de93290
Event: 38.766 Thread 0x0000018f9835de70 flushing  nmethod 0x0000018f8de9e790
Event: 38.766 Thread 0x0000018f9835de70 flushing  nmethod 0x0000018f8e06e390
Event: 38.766 Thread 0x0000018f9835de70 flushing  nmethod 0x0000018f8e072090
Event: 38.766 Thread 0x0000018f9835de70 flushing  nmethod 0x0000018f8e091c90
Event: 38.766 Thread 0x0000018f9835de70 flushing  nmethod 0x0000018f8e0e6210
Event: 38.766 Thread 0x0000018f9835de70 flushing  nmethod 0x0000018f8e112890
Event: 38.766 Thread 0x0000018f9835de70 flushing  nmethod 0x0000018f8e127e10
Event: 38.766 Thread 0x0000018f9835de70 flushing  nmethod 0x0000018f8e209890
Event: 38.766 Thread 0x0000018f9835de70 flushing  nmethod 0x0000018f8e2a6790
Event: 38.766 Thread 0x0000018f9835de70 flushing  nmethod 0x0000018f8e315a90

Events (20 events):
Event: 32.050 Thread 0x0000018f84932b10 Thread added: 0x0000018fe064c300
Event: 32.060 Thread 0x0000018fe064c300 Thread exited: 0x0000018fe064c300
Event: 32.376 Thread 0x0000018f98af4830 Thread exited: 0x0000018f98af4830
Event: 32.376 Thread 0x0000018f98d23fa0 Thread exited: 0x0000018f98d23fa0
Event: 46.529 Thread 0x0000018f84932b10 Thread added: 0x0000018fe064c300
Event: 46.529 Thread 0x0000018f84932b10 Thread added: 0x0000018fe064dd40
Event: 46.674 Thread 0x0000018fe064dd40 Thread exited: 0x0000018fe064dd40
Event: 46.674 Thread 0x0000018fe064c300 Thread exited: 0x0000018fe064c300
Event: 46.687 Thread 0x0000018f84932b10 Thread added: 0x0000018fe064c300
Event: 46.687 Thread 0x0000018f84932b10 Thread added: 0x0000018fe064c990
Event: 46.778 Thread 0x0000018fe064c990 Thread exited: 0x0000018fe064c990
Event: 46.778 Thread 0x0000018fe064c300 Thread exited: 0x0000018fe064c300
Event: 46.787 Thread 0x0000018f84932b10 Thread added: 0x0000018fe064c300
Event: 46.787 Thread 0x0000018f84932b10 Thread added: 0x0000018fe064dd40
Event: 46.904 Thread 0x0000018fdff22c00 Thread added: 0x0000018fe064fe10
Event: 51.399 Thread 0x0000018fdff22c00 Thread added: 0x0000018fe064c990
Event: 51.423 Thread 0x0000018f84932b10 Thread added: 0x0000018fe06504a0
Event: 51.433 Thread 0x0000018f9838e1a0 Thread added: 0x0000018fe0a8e4a0
Event: 51.433 Thread 0x0000018f9838e1a0 Thread added: 0x0000018f985e7010
Event: 51.438 Thread 0x0000018f84932b10 Thread added: 0x0000018fe064d020


Dynamic libraries:
0x00007ff685950000 - 0x00007ff68595e000 	C:\Users\gusta\Desktop\Sonar\sonar-scanner-8.0.1.6346-windows-x64\jre\bin\java.exe
0x00007ffb7b120000 - 0x00007ffb7b387000 	C:\WINDOWS\SYSTEM32\ntdll.dll
0x00007ffb79f80000 - 0x00007ffb7a049000 	C:\WINDOWS\System32\KERNEL32.DLL
0x00007ffb78740000 - 0x00007ffb78b31000 	C:\WINDOWS\System32\KERNELBASE.dll
0x00007ffb77cd0000 - 0x00007ffb77e1b000 	C:\WINDOWS\System32\ucrtbase.dll
0x00007ffb5c6e0000 - 0x00007ffb5c6f8000 	C:\Users\gusta\Desktop\Sonar\sonar-scanner-8.0.1.6346-windows-x64\jre\bin\jli.dll
0x00007ffb5c640000 - 0x00007ffb5c65e000 	C:\Users\gusta\Desktop\Sonar\sonar-scanner-8.0.1.6346-windows-x64\jre\bin\VCRUNTIME140.dll
0x00007ffb795e0000 - 0x00007ffb797a5000 	C:\WINDOWS\System32\USER32.dll
0x00007ffb5a8b0000 - 0x00007ffb5ab43000 	C:\WINDOWS\WinSxS\amd64_microsoft.windows.common-controls_6595b64144ccf1df_6.0.26100.8037_none_3e092faae333b53b\COMCTL32.dll
0x00007ffb78bf0000 - 0x00007ffb78c17000 	C:\WINDOWS\System32\win32u.dll
0x00007ffb794f0000 - 0x00007ffb79599000 	C:\WINDOWS\System32\msvcrt.dll
0x00007ffb79440000 - 0x00007ffb7946b000 	C:\WINDOWS\System32\GDI32.dll
0x00007ffb78c20000 - 0x00007ffb78d4b000 	C:\WINDOWS\System32\gdi32full.dll
0x00007ffb78b40000 - 0x00007ffb78be3000 	C:\WINDOWS\System32\msvcp_win.dll
0x00007ffb792d0000 - 0x00007ffb79301000 	C:\WINDOWS\System32\IMM32.DLL
0x00007ffb5df40000 - 0x00007ffb5df4c000 	C:\Users\gusta\Desktop\Sonar\sonar-scanner-8.0.1.6346-windows-x64\jre\bin\vcruntime140_1.dll
0x00007ffb5c300000 - 0x00007ffb5c38d000 	C:\Users\gusta\Desktop\Sonar\sonar-scanner-8.0.1.6346-windows-x64\jre\bin\msvcp140.dll
0x00007ffa9ce40000 - 0x00007ffa9dbe0000 	C:\Users\gusta\Desktop\Sonar\sonar-scanner-8.0.1.6346-windows-x64\jre\bin\server\jvm.dll
0x00007ffb7aa20000 - 0x00007ffb7aadb000 	C:\WINDOWS\System32\ADVAPI32.dll
0x00007ffb799d0000 - 0x00007ffb79a77000 	C:\WINDOWS\System32\sechost.dll
0x00007ffb797b0000 - 0x00007ffb798c8000 	C:\WINDOWS\System32\RPCRT4.dll
0x00007ffb79470000 - 0x00007ffb794e4000 	C:\WINDOWS\System32\WS2_32.dll
0x00007ffb77860000 - 0x00007ffb778be000 	C:\WINDOWS\SYSTEM32\POWRPROF.dll
0x00007ffb5b9a0000 - 0x00007ffb5b9d5000 	C:\WINDOWS\SYSTEM32\WINMM.dll
0x00007ffb69e30000 - 0x00007ffb69e3b000 	C:\WINDOWS\SYSTEM32\VERSION.dll
0x00007ffb77840000 - 0x00007ffb77854000 	C:\WINDOWS\SYSTEM32\UMPDC.dll
0x00007ffb76790000 - 0x00007ffb767ab000 	C:\WINDOWS\SYSTEM32\kernel.appcore.dll
0x00007ffb5ddf0000 - 0x00007ffb5ddfa000 	C:\Users\gusta\Desktop\Sonar\sonar-scanner-8.0.1.6346-windows-x64\jre\bin\jimage.dll
0x00007ffb75750000 - 0x00007ffb75992000 	C:\WINDOWS\SYSTEM32\DBGHELP.DLL
0x00007ffb7ab70000 - 0x00007ffb7aef2000 	C:\WINDOWS\System32\combase.dll
0x00007ffb79360000 - 0x00007ffb79437000 	C:\WINDOWS\System32\OLEAUT32.dll
0x00007ffb540c0000 - 0x00007ffb540fb000 	C:\WINDOWS\SYSTEM32\dbgcore.DLL
0x00007ffb78690000 - 0x00007ffb78735000 	C:\WINDOWS\System32\bcryptPrimitives.dll
0x00007ffb5c1d0000 - 0x00007ffb5c1f0000 	C:\Users\gusta\Desktop\Sonar\sonar-scanner-8.0.1.6346-windows-x64\jre\bin\java.dll
0x00007ffb7a0b0000 - 0x00007ffb7a80f000 	C:\WINDOWS\System32\SHELL32.dll
0x00007ffb78d50000 - 0x00007ffb78eba000 	C:\WINDOWS\System32\wintypes.dll
0x00007ffb77e20000 - 0x00007ffb78684000 	C:\WINDOWS\System32\windows.storage.dll
0x00007ffb7a920000 - 0x00007ffb7aa17000 	C:\WINDOWS\System32\SHCORE.dll
0x00007ffb79f10000 - 0x00007ffb79f77000 	C:\WINDOWS\System32\shlwapi.dll
0x00007ffb77920000 - 0x00007ffb77949000 	C:\WINDOWS\SYSTEM32\profapi.dll
0x00007ffaff110000 - 0x00007ffaff1e7000 	C:\Users\gusta\Desktop\Sonar\sonar-scanner-8.0.1.6346-windows-x64\jre\bin\jsvml.dll
0x00007ffb5dd90000 - 0x00007ffb5dda0000 	C:\Users\gusta\Desktop\Sonar\sonar-scanner-8.0.1.6346-windows-x64\jre\bin\net.dll
0x00007ffb6ed90000 - 0x00007ffb6eeb7000 	C:\WINDOWS\SYSTEM32\WINHTTP.dll
0x00007ffb76d00000 - 0x00007ffb76d6b000 	C:\WINDOWS\system32\mswsock.dll
0x00007ffafed80000 - 0x00007ffafed96000 	C:\Users\gusta\Desktop\Sonar\sonar-scanner-8.0.1.6346-windows-x64\jre\bin\nio.dll
0x00007ffafed60000 - 0x00007ffafed78000 	C:\Users\gusta\Desktop\Sonar\sonar-scanner-8.0.1.6346-windows-x64\jre\bin\zip.dll
0x00007ffb5c900000 - 0x00007ffb5c90e000 	C:\Users\gusta\Desktop\Sonar\sonar-scanner-8.0.1.6346-windows-x64\jre\bin\sunmscapi.dll
0x00007ffb77a90000 - 0x00007ffb77c07000 	C:\WINDOWS\System32\CRYPT32.dll
0x00007ffb77200000 - 0x00007ffb77230000 	C:\WINDOWS\SYSTEM32\ncrypt.dll
0x00007ffb771b0000 - 0x00007ffb771ef000 	C:\WINDOWS\SYSTEM32\NTASN1.dll
0x00007ffb77050000 - 0x00007ffb77063000 	C:\WINDOWS\SYSTEM32\MSASN1.dll
0x00007ffb76fe0000 - 0x00007ffb76ffb000 	C:\WINDOWS\SYSTEM32\CRYPTSP.dll
0x00007ffb766f0000 - 0x00007ffb76729000 	C:\WINDOWS\system32\rsaenh.dll
0x00007ffb77000000 - 0x00007ffb7700c000 	C:\WINDOWS\SYSTEM32\CRYPTBASE.dll
0x00007ffb76d70000 - 0x00007ffb76da0000 	C:\WINDOWS\SYSTEM32\gpapi.dll
0x00007ffb778f0000 - 0x00007ffb7791a000 	C:\WINDOWS\SYSTEM32\bcrypt.dll
0x00007ffb56650000 - 0x00007ffb566db000 	C:\WINDOWS\system32\ncryptprov.dll
0x00007ffb76db0000 - 0x00007ffb76de2000 	C:\WINDOWS\SYSTEM32\USERENV.dll
0x00007ffb76150000 - 0x00007ffb76183000 	C:\WINDOWS\SYSTEM32\IPHLPAPI.DLL
0x00007ffb795d0000 - 0x00007ffb795da000 	C:\WINDOWS\System32\NSI.dll
0x00007ffb66110000 - 0x00007ffb66118000 	C:\WINDOWS\system32\wshunix.dll
0x00007ffb5ddb0000 - 0x00007ffb5ddb9000 	C:\Users\gusta\Desktop\Sonar\sonar-scanner-8.0.1.6346-windows-x64\jre\bin\extnet.dll
0x00007ffb761e0000 - 0x00007ffb7630a000 	C:\WINDOWS\SYSTEM32\DNSAPI.dll
0x00007ffb69e20000 - 0x00007ffb69e2b000 	C:\Windows\System32\rasadhlp.dll
0x00007ffb6f230000 - 0x00007ffb6f2b6000 	C:\WINDOWS\System32\fwpuclnt.dll
0x00007ffb5dda0000 - 0x00007ffb5ddb0000 	C:\Users\gusta\Desktop\Sonar\sonar-scanner-8.0.1.6346-windows-x64\jre\bin\verify.dll

JVMTI agents: none

dbghelp: loaded successfully - version: 4.0.5 - missing functions: none
symbol engine: initialized successfully - sym options: 0x614 - pdb path: .;C:\Users\gusta\Desktop\Sonar\sonar-scanner-8.0.1.6346-windows-x64\jre\bin;C:\WINDOWS\SYSTEM32;C:\WINDOWS\WinSxS\amd64_microsoft.windows.common-controls_6595b64144ccf1df_6.0.26100.8037_none_3e092faae333b53b;C:\Users\gusta\Desktop\Sonar\sonar-scanner-8.0.1.6346-windows-x64\jre\bin\server

VM Arguments:
jvm_args: -Djava.awt.headless=true -Xmx512m -XX:ReservedCodeCacheSize=128m -Dscanner.home=C:\Users\gusta\Desktop\Sonar\sonar-scanner-8.0.1.6346-windows-x64\bin\.. -Dproject.home=C:\Users\gusta\Desktop\djangoProjects\integradora-8B-RAMA-DEV-SpeakBranchAI 
java_command: org.sonarsource.scanner.cli.Main -Dsonar.projectKey=sonarInitF -Dsonar.sources=. -Dsonar.host.url=http://localhost:9000 -Dsonar.login=sqp_37a162d1b881eafb981a61cbd4c8f87d5cf1e336
java_class_path (initial): C:\Users\gusta\Desktop\Sonar\sonar-scanner-8.0.1.6346-windows-x64\bin\..\lib\sonar-scanner-cli-8.0.1.6346.jar
Launcher Type: SUN_STANDARD

[Global flags]
     intx CICompilerCount                          = 4                                         {product} {ergonomic}
     uint ConcGCThreads                            = 2                                         {product} {ergonomic}
     uint G1ConcRefinementThreads                  = 8                                         {product} {ergonomic}
   size_t G1HeapRegionSize                         = 1048576                                   {product} {ergonomic}
    uintx GCDrainStackTargetSize                   = 64                                        {product} {ergonomic}
   size_t InitialHeapSize                          = 266338304                                 {product} {ergonomic}
   size_t MarkStackSize                            = 4194304                                   {product} {ergonomic}
   size_t MaxHeapSize                              = 536870912                                 {product} {command line}
   size_t MaxNewSize                               = 321912832                                 {product} {ergonomic}
   size_t MinHeapDeltaBytes                        = 1048576                                   {product} {ergonomic}
   size_t MinHeapSize                              = 8388608                                   {product} {ergonomic}
    uintx NonNMethodCodeHeapSize                   = 4096                                   {pd product} {ergonomic}
    uintx NonProfiledCodeHeapSize                  = 0                                      {pd product} {ergonomic}
    uintx ProfiledCodeHeapSize                     = 0                                      {pd product} {ergonomic}
    uintx ReservedCodeCacheSize                    = 134217728                              {pd product} {command line}
   size_t SoftMaxHeapSize                          = 536870912                              {manageable} {ergonomic}
     bool UseCompressedOops                        = true                           {product lp64_product} {ergonomic}
     bool UseG1GC                                  = true                                      {product} {ergonomic}
     bool UseLargePagesIndividualAllocation        = false                                  {pd product} {ergonomic}

Logging:
Log output configuration:
 #0: stdout all=warning uptime,level,tags foldmultilines=false
 #1: stderr all=off uptime,level,tags foldmultilines=false

Release file:
IMPLEMENTOR="Eclipse Adoptium" 
IMPLEMENTOR_VERSION="Temurin-21.0.9+10" 
JAVA_RUNTIME_VERSION="21.0.9+10-LTS" 
JAVA_VERSION="21.0.9" 
JAVA_VERSION_DATE="2025-10-21" 
LIBC="default" 
MODULES="java.base java.compiler java.datatransfer java.xml java.prefs java.desktop java.instrument java.logging java.management java.security.sasl java.naming java.rmi java.management.rmi java.net.http java.scripting java.security.jgss java.transaction.xa java.sql java.sql.rowset java.xml.crypto java.se java.smartcardio jdk.accessibility jdk.internal.jvmstat jdk.attach jdk.charsets jdk.internal.opt jdk.zipfs jdk.compiler jdk.crypto.ec jdk.crypto.cryptoki jdk.crypto.mscapi jdk.dynalink jdk.internal.ed jdk.editpad jdk.hotspot.agent jdk.httpserver jdk.incubator.vector jdk.internal.le jdk.internal.vm.ci jdk.internal.vm.compiler jdk.internal.vm.compiler.management jdk.jartool jdk.javadoc jdk.jcmd jdk.management jdk.management.agent jdk.jconsole jdk.jdeps jdk.jdwp.agent jdk.jdi jdk.jfr jdk.jlink jdk.jpackage jdk.jshell jdk.jsobject jdk.jstatd jdk.localedata jdk.management.jfr jdk.naming.dns jdk.naming.rmi jdk.net jdk.nio.mapmode jdk.random jdk.sctp jdk.security.auth jdk.security.jgss jdk.unsupported jdk.unsupported.desktop jdk.xml.dom" 
OS_ARCH="x86_64" 
OS_NAME="Windows" 
SOURCE=".:git:759062135b07" 
BUILD_SOURCE="git:839fa0b45d809157cffd3dc8515aad262a4a1776"
BUILD_SOURCE_REPO="https://github.com/adoptium/temurin-build.git"
SOURCE_REPO="https://github.com/adoptium/jdk21u.git"
FULL_VERSION="21.0.9+10-LTS"
SEMANTIC_VERSION="21.0.9+10"
BUILD_INFO="OS: Windows Server 2022 Version: 10.0"
JVM_VARIANT="Hotspot"
JVM_VERSION="21.0.9+10-LTS"
IMAGE_TYPE="JRE"

Environment Variables:
JAVA_HOME=C:\Users\gusta\Desktop\Sonar\sonar-scanner-8.0.1.6346-windows-x64\bin\..\jre
PATH=C:\Program Files\Common Files\Oracle\Java\javapath;C:\WINDOWS\system32;C:\WINDOWS;C:\WINDOWS\System32\Wbem;C:\WINDOWS\System32\WindowsPowerShell\v1.0\;C:\WINDOWS\System32\OpenSSH\;C:\Program Files\Git\cmd;C:\Program Files\MongoDB\Server\8.0\bin;C:\ProgramData\chocolatey\bin;C:\Program Files\nodejs\;C:\Program Files\MySQL\MySQL Server 9.0\bin;C:\Program Files\MongoDB\Server\8.2\bin;C:\Users\gusta\AppData\Local\Programs\mongosh;C:\Program Files\MongoDB\Tools\100\bin;C:\Program Files (x86)\Stellar CLI;C:\Program Files\Docker\Docker\resources\bin;C:\Users\gusta\Desktop\Sonar\sonar-scanner-8.0.1.6346-windows-x64\bin;C:\Users\gusta\.cargo\bin;C:\Users\gusta\AppData\Local\Programs\Python\Python313\Scripts\;C:\Users\gusta\AppData\Local\Programs\Python\Python313\;C:\Users\gusta\AppData\Local\Programs\Python\Launcher\;C:\Users\gusta\AppData\Local\Microsoft\WindowsApps;C:\Users\gusta\AppData\Local\GitHubDesktop\bin;C:\Users\gusta\AppData\Roaming\npm;C:\Program Files\JetBrains\PyCharm 2025.2.1\bin;C:\Users\gusta\AppData\Local\Programs\mongosh\;C:\Users\gusta\AppData\Local\Programs\Microsoft VS Code\bin;C:\Users\gusta\AppData\Local\Microsoft\WinGet\Links
USERNAME=gust20503
OS=Windows_NT
PROCESSOR_IDENTIFIER=Intel64 Family 6 Model 140 Stepping 1, GenuineIntel
TMP=C:\Users\gusta\AppData\Local\Temp
TEMP=C:\Users\gusta\AppData\Local\Temp




Periodic native trim disabled

---------------  S Y S T E M  ---------------

OS:
 Windows 11 , 64 bit Build 26100 (10.0.26100.7920)
OS uptime: 0 days 4:48 hours
Hyper-V role detected

CPU: total 8 (initial active 8) (4 cores per cpu, 2 threads per core) family 6 model 140 stepping 1 microcode 0xa4, cx8, cmov, fxsr, ht, mmx, 3dnowpref, sse, sse2, sse3, ssse3, sse4.1, sse4.2, popcnt, lzcnt, tsc, tscinvbit, avx, avx2, aes, erms, clmul, bmi1, bmi2, adx, avx512f, avx512dq, avx512cd, avx512bw, avx512vl, sha, fma, vzeroupper, avx512_vpopcntdq, avx512_vpclmulqdq, avx512_vaes, avx512_vnni, clflush, clflushopt, clwb, avx512_vbmi2, avx512_vbmi, hv, rdtscp, rdpid, fsrm, gfni, avx512_bitalg, f16c, cet_ibt, cet_ss, avx512_ifma
Processor Information for the first 8 processors :
  Max Mhz: 2419, Current Mhz: 2419, Mhz Limit: 2419

Memory: 4k page, system-wide physical 16167M (1342M free)
TotalPageFile size 19830M (AvailPageFile size 5M)
current process WorkingSet (physical memory assigned to process): 313M, peak: 342M
current process commit charge ("private bytes"): 344M, peak: 387M

vm_info: OpenJDK 64-Bit Server VM (21.0.9+10-LTS) for windows-amd64 JRE (21.0.9+10-LTS), built on 2025-10-21T00:00:00Z by "admin" with unknown MS VC++:1942

END.
