WARNING 2026-03-30 22:48:50 django.request log_message:249 - Not Found: /
WARNING 2026-03-30 22:48:50 django.request log_message:249 - Not Found: /favicon.ico
WARNING 2026-04-03 14:18:21 django.request log_message:249 - Bad Request: /api/auth/register/
WARNING 2026-04-03 14:19:16 django.request log_message:249 - Bad Request: /api/auth/register/
WARNING 2026-04-03 14:20:20 django.request log_message:249 - Bad Request: /api/auth/register/
WARNING 2026-04-03 14:22:05 django.request log_message:249 - Bad Request: /api/auth/register/
WARNING 2026-04-03 14:34:48 django.request log_message:249 - Method Not Allowed: /api/auth/register/
WARNING 2026-04-03 14:34:49 django.request log_message:249 - Not Found: /favicon.ico
WARNING 2026-04-03 14:35:14 django.request log_message:249 - Method Not Allowed: /api/auth/register/
WARNING 2026-04-03 14:35:57 django.request log_message:249 - Bad Request: /api/auth/register/
WARNING 2026-04-03 14:50:39 django.request log_message:249 - Forbidden: /api/auth/logout/
WARNING 2026-04-03 14:50:48 django.request log_message:249 - Forbidden: /api/auth/login/
WARNING 2026-04-03 14:51:12 django.request log_message:249 - Forbidden: /api/auth/login/
WARNING 2026-04-03 14:51:20 django.request log_message:249 - Method Not Allowed: /api/auth/login/
WARNING 2026-04-03 14:51:52 django.request log_message:249 - Forbidden: /api/auth/logout/
WARNING 2026-04-03 15:50:32 django.request log_message:249 - Unauthorized: /api/questions/
WARNING 2026-04-03 15:50:32 django.request log_message:249 - Unauthorized: /api/questions/
WARNING 2026-04-03 15:53:27 django.request log_message:249 - Unauthorized: /api/questions/
WARNING 2026-04-03 15:57:27 django.request log_message:249 - Unauthorized: /api/questions/
WARNING 2026-04-03 15:57:27 django.request log_message:249 - Unauthorized: /api/questions/
WARNING 2026-04-03 15:59:49 django.request log_message:249 - Unauthorized: /api/questions/
WARNING 2026-04-03 16:00:16 django.request log_message:249 - Unauthorized: /api/questions/
WARNING 2026-04-03 16:11:08 django.request log_message:249 - Unauthorized: /api/questions/
WARNING 2026-04-03 16:11:08 django.request log_message:249 - Unauthorized: /api/questions/
WARNING 2026-04-03 16:17:10 django.request log_message:249 - Unauthorized: /api/questions/
WARNING 2026-04-03 16:17:10 django.request log_message:249 - Unauthorized: /api/questions/
WARNING 2026-04-03 16:19:30 django.request log_message:249 - Unauthorized: /api/questions/
WARNING 2026-04-03 16:19:52 django.request log_message:249 - Unauthorized: /api/questions/
WARNING 2026-04-03 16:21:33 django.request log_message:249 - Bad Request: /api/questions/
WARNING 2026-04-03 17:29:16 django.request log_message:249 - Unauthorized: /api/questions/
WARNING 2026-04-03 17:36:00 django.request log_message:249 - Unauthorized: /api/auth/me/
WARNING 2026-04-03 17:36:00 django.request log_message:249 - Unauthorized: /api/auth/me/
WARNING 2026-04-03 17:57:55 django.request log_message:249 - Unauthorized: /api/questions/
WARNING 2026-04-03 17:58:58 django.request log_message:249 - Unauthorized: /api/questions/
WARNING 2026-04-03 18:16:00 django.request log_message:249 - Unauthorized: /api/auth/me/
WARNING 2026-04-03 18:16:00 django.request log_message:249 - Unauthorized: /api/auth/me/
WARNING 2026-04-03 19:15:14 django.request log_message:249 - Unauthorized: /api/auth/me/
WARNING 2026-04-03 19:15:14 django.request log_message:249 - Unauthorized: /api/auth/me/
WARNING 2026-04-03 19:15:14 django.request log_message:249 - Unauthorized: /api/auth/me/
WARNING 2026-04-03 19:15:14 django.request log_message:249 - Unauthorized: /api/auth/me/
WARNING 2026-04-03 19:15:14 django.request log_message:249 - Unauthorized: /api/auth/me/
WARNING 2026-04-03 19:15:14 django.request log_message:249 - Unauthorized: /api/auth/me/
WARNING 2026-04-03 19:15:14 django.request log_message:249 - Unauthorized: /api/auth/me/
WARNING 2026-04-03 19:15:14 django.request log_message:249 - Unauthorized: /api/auth/me/
WARNING 2026-04-03 19:15:14 django.request log_message:249 - Unauthorized: /api/auth/me/
WARNING 2026-04-03 19:15:14 django.request log_message:249 - Unauthorized: /api/auth/me/
WARNING 2026-04-03 20:43:40 django.request log_message:249 - Unauthorized: /api/questions/
WARNING 2026-04-03 20:44:15 django.request log_message:249 - Unauthorized: /api/questions/
WARNING 2026-04-03 20:44:15 django.request log_message:249 - Unauthorized: /api/questions/
WARNING 2026-04-03 20:44:30 django.request log_message:249 - Unauthorized: /api/auth/logout/
WARNING 2026-04-03 21:21:05 django.request log_message:249 - Unauthorized: /api/questions/
WARNING 2026-04-03 21:21:34 django.request log_message:249 - Unauthorized: /api/questions/
WARNING 2026-04-03 21:21:40 django.request log_message:249 - Unauthorized: /api/auth/logout/
WARNING 2026-04-03 21:24:37 django.request log_message:249 - Bad Request: /api/questions/
WARNING 2026-04-03 21:24:50 django.request log_message:249 - Unauthorized: /api/questions/
WARNING 2026-04-03 21:24:56 django.request log_message:249 - Bad Request: /api/questions/
WARNING 2026-04-03 21:37:24 django.request log_message:249 - Unauthorized: /api/questions/
WARNING 2026-04-03 21:37:24 django.request log_message:249 - Unauthorized: /api/questions/
WARNING 2026-04-03 21:41:56 django.request log_message:249 - Unauthorized: /api/auth/logout/
WARNING 2026-04-03 22:02:16 django.request log_message:249 - Unauthorized: /api/questions/
WARNING 2026-04-03 22:02:34 django.request log_message:249 - Unauthorized: /api/auth/logout/
ERROR 2026-04-03 22:08:40 django.request log_message:249 - Internal Server Error: /api/questions/
Traceback (most recent call last):
  File "C:\Users\gusta\Desktop\djangoProjects\integradora-8B-RAMA-DEV-SpeakBranchAI\.venv\Lib\site-packages\django\db\backends\utils.py", line 105, in _execute
    return self.cursor.execute(sql, params)
           ~~~~~~~~~~~~~~~~~~~^^^^^^^^^^^^^
psycopg2.errors.NotNullViolation: null value in column "phonetic_text" of relation "questions" violates not-null constraint
DETAIL:  Failing row contains (21, Write a short paragraph (4–6 sentences) describing your daily ..., WRITING, A1, PRACTICE, Evaluate the student's response based on the following criteria:..., null, null, EASY, 10, null, 2026-04-04 04:08:40.307297+00, 2026-04-04 04:08:40.307342+00, t, 12).


The above exception was the direct cause of the following exception:

Traceback (most recent call last):
  File "C:\Users\gusta\Desktop\djangoProjects\integradora-8B-RAMA-DEV-SpeakBranchAI\.venv\Lib\site-packages\django\core\handlers\exception.py", line 55, in inner
    response = get_response(request)
  File "C:\Users\gusta\Desktop\djangoProjects\integradora-8B-RAMA-DEV-SpeakBranchAI\.venv\Lib\site-packages\django\core\handlers\base.py", line 198, in _get_response
    response = wrapped_callback(request, *callback_args, **callback_kwargs)
  File "C:\Users\gusta\Desktop\djangoProjects\integradora-8B-RAMA-DEV-SpeakBranchAI\.venv\Lib\site-packages\django\views\decorators\csrf.py", line 65, in _view_wrapper
    return view_func(request, *args, **kwargs)
  File "C:\Users\gusta\Desktop\djangoProjects\integradora-8B-RAMA-DEV-SpeakBranchAI\.venv\Lib\site-packages\rest_framework\viewsets.py", line 124, in view
    return self.dispatch(request, *args, **kwargs)
           ~~~~~~~~~~~~~^^^^^^^^^^^^^^^^^^^^^^^^^^
  File "C:\Users\gusta\Desktop\djangoProjects\integradora-8B-RAMA-DEV-SpeakBranchAI\.venv\Lib\site-packages\rest_framework\views.py", line 509, in dispatch
    response = self.handle_exception(exc)
  File "C:\Users\gusta\Desktop\djangoProjects\integradora-8B-RAMA-DEV-SpeakBranchAI\.venv\Lib\site-packages\rest_framework\views.py", line 469, in handle_exception
    self.raise_uncaught_exception(exc)
    ~~~~~~~~~~~~~~~~~~~~~~~~~~~~~^^^^^
  File "C:\Users\gusta\Desktop\djangoProjects\integradora-8B-RAMA-DEV-SpeakBranchAI\.venv\Lib\site-packages\rest_framework\views.py", line 480, in raise_uncaught_exception
    raise exc
  File "C:\Users\gusta\Desktop\djangoProjects\integradora-8B-RAMA-DEV-SpeakBranchAI\.venv\Lib\site-packages\rest_framework\views.py", line 506, in dispatch
    response = handler(request, *args, **kwargs)
  File "C:\Users\gusta\Desktop\djangoProjects\integradora-8B-RAMA-DEV-SpeakBranchAI\backend\questions\views\question_views.py", line 61, in create
    return super().create(request, *args, **kwargs)
           ~~~~~~~~~~~~~~^^^^^^^^^^^^^^^^^^^^^^^^^^
  File "C:\Users\gusta\Desktop\djangoProjects\integradora-8B-RAMA-DEV-SpeakBranchAI\.venv\Lib\site-packages\rest_framework\mixins.py", line 19, in create
    self.perform_create(serializer)
    ~~~~~~~~~~~~~~~~~~~^^^^^^^^^^^^
  File "C:\Users\gusta\Desktop\djangoProjects\integradora-8B-RAMA-DEV-SpeakBranchAI\backend\questions\views\question_views.py", line 64, in perform_create
    serializer.save(created_by=self.request.user)
    ~~~~~~~~~~~~~~~^^^^^^^^^^^^^^^^^^^^^^^^^^^^^^
  File "C:\Users\gusta\Desktop\djangoProjects\integradora-8B-RAMA-DEV-SpeakBranchAI\.venv\Lib\site-packages\rest_framework\serializers.py", line 208, in save
    self.instance = self.create(validated_data)
                    ~~~~~~~~~~~^^^^^^^^^^^^^^^^
  File "C:\Users\gusta\Desktop\djangoProjects\integradora-8B-RAMA-DEV-SpeakBranchAI\backend\questions\serializers\writing_serializer.py", line 20, in create
    return super().create(validated_data)
           ~~~~~~~~~~~~~~^^^^^^^^^^^^^^^^
  File "C:\Users\gusta\Desktop\djangoProjects\integradora-8B-RAMA-DEV-SpeakBranchAI\.venv\Lib\site-packages\rest_framework\serializers.py", line 989, in create
    instance = ModelClass._default_manager.create(**validated_data)
  File "C:\Users\gusta\Desktop\djangoProjects\integradora-8B-RAMA-DEV-SpeakBranchAI\.venv\Lib\site-packages\django\db\models\manager.py", line 87, in manager_method
    return getattr(self.get_queryset(), name)(*args, **kwargs)
           ~~~~~~~~~~~~~~~~~~~~~~~~~~~~~~~~~~^^^^^^^^^^^^^^^^^
  File "C:\Users\gusta\Desktop\djangoProjects\integradora-8B-RAMA-DEV-SpeakBranchAI\.venv\Lib\site-packages\django\db\models\query.py", line 669, in create
    obj.save(force_insert=True, using=self.db)
    ~~~~~~~~^^^^^^^^^^^^^^^^^^^^^^^^^^^^^^^^^^
  File "C:\Users\gusta\Desktop\djangoProjects\integradora-8B-RAMA-DEV-SpeakBranchAI\backend\questions\models\question.py", line 147, in save
    super().save(*args, **kwargs)
    ~~~~~~~~~~~~^^^^^^^^^^^^^^^^^
  File "C:\Users\gusta\Desktop\djangoProjects\integradora-8B-RAMA-DEV-SpeakBranchAI\.venv\Lib\site-packages\django\db\models\base.py", line 874, in save
    self.save_base(
    ~~~~~~~~~~~~~~^
        using=using,
        ^^^^^^^^^^^^
    ...<2 lines>...
        update_fields=update_fields,
        ^^^^^^^^^^^^^^^^^^^^^^^^^^^^
    )
    ^
  File "C:\Users\gusta\Desktop\djangoProjects\integradora-8B-RAMA-DEV-SpeakBranchAI\.venv\Lib\site-packages\django\db\models\base.py", line 966, in save_base
    updated = self._save_table(
        raw,
    ...<4 lines>...
        update_fields,
    )
  File "C:\Users\gusta\Desktop\djangoProjects\integradora-8B-RAMA-DEV-SpeakBranchAI\.venv\Lib\site-packages\django\db\models\base.py", line 1169, in _save_table
    results = self._do_insert(
        cls._base_manager, using, insert_fields, returning_fields, raw
    )
  File "C:\Users\gusta\Desktop\djangoProjects\integradora-8B-RAMA-DEV-SpeakBranchAI\.venv\Lib\site-packages\django\db\models\base.py", line 1220, in _do_insert
    return manager._insert(
           ~~~~~~~~~~~~~~~^
        [self],
        ^^^^^^^
    ...<3 lines>...
        raw=raw,
        ^^^^^^^^
    )
    ^
  File "C:\Users\gusta\Desktop\djangoProjects\integradora-8B-RAMA-DEV-SpeakBranchAI\.venv\Lib\site-packages\django\db\models\manager.py", line 87, in manager_method
    return getattr(self.get_queryset(), name)(*args, **kwargs)
           ~~~~~~~~~~~~~~~~~~~~~~~~~~~~~~~~~~^^^^^^^^^^^^^^^^^
  File "C:\Users\gusta\Desktop\djangoProjects\integradora-8B-RAMA-DEV-SpeakBranchAI\.venv\Lib\site-packages\django\db\models\query.py", line 1918, in _insert
    return query.get_compiler(using=using).execute_sql(returning_fields)
           ~~~~~~~~~~~~~~~~~~~~~~~~~~~~~~~~~~~~~~~~~~~^^^^^^^^^^^^^^^^^^
  File "C:\Users\gusta\Desktop\djangoProjects\integradora-8B-RAMA-DEV-SpeakBranchAI\.venv\Lib\site-packages\django\db\models\sql\compiler.py", line 1925, in execute_sql
    cursor.execute(sql, params)
    ~~~~~~~~~~~~~~^^^^^^^^^^^^^
  File "C:\Users\gusta\Desktop\djangoProjects\integradora-8B-RAMA-DEV-SpeakBranchAI\.venv\Lib\site-packages\django\db\backends\utils.py", line 122, in execute
    return super().execute(sql, params)
           ~~~~~~~~~~~~~~~^^^^^^^^^^^^^
  File "C:\Users\gusta\Desktop\djangoProjects\integradora-8B-RAMA-DEV-SpeakBranchAI\.venv\Lib\site-packages\django\db\backends\utils.py", line 79, in execute
    return self._execute_with_wrappers(
           ~~~~~~~~~~~~~~~~~~~~~~~~~~~^
        sql, params, many=False, executor=self._execute
        ^^^^^^^^^^^^^^^^^^^^^^^^^^^^^^^^^^^^^^^^^^^^^^^
    )
    ^
  File "C:\Users\gusta\Desktop\djangoProjects\integradora-8B-RAMA-DEV-SpeakBranchAI\.venv\Lib\site-packages\django\db\backends\utils.py", line 92, in _execute_with_wrappers
    return executor(sql, params, many, context)
  File "C:\Users\gusta\Desktop\djangoProjects\integradora-8B-RAMA-DEV-SpeakBranchAI\.venv\Lib\site-packages\django\db\backends\utils.py", line 100, in _execute
    with self.db.wrap_database_errors:
         ^^^^^^^^^^^^^^^^^^^^^^^^^^^^
  File "C:\Users\gusta\Desktop\djangoProjects\integradora-8B-RAMA-DEV-SpeakBranchAI\.venv\Lib\site-packages\django\db\utils.py", line 94, in __exit__
    raise dj_exc_value.with_traceback(traceback) from exc_value
  File "C:\Users\gusta\Desktop\djangoProjects\integradora-8B-RAMA-DEV-SpeakBranchAI\.venv\Lib\site-packages\django\db\backends\utils.py", line 105, in _execute
    return self.cursor.execute(sql, params)
           ~~~~~~~~~~~~~~~~~~~^^^^^^^^^^^^^
django.db.utils.IntegrityError: null value in column "phonetic_text" of relation "questions" violates not-null constraint
DETAIL:  Failing row contains (21, Write a short paragraph (4–6 sentences) describing your daily ..., WRITING, A1, PRACTICE, Evaluate the student's response based on the following criteria:..., null, null, EASY, 10, null, 2026-04-04 04:08:40.307297+00, 2026-04-04 04:08:40.307342+00, t, 12).

ERROR 2026-04-03 22:09:24 django.request log_message:249 - Internal Server Error: /api/questions/
Traceback (most recent call last):
  File "C:\Users\gusta\Desktop\djangoProjects\integradora-8B-RAMA-DEV-SpeakBranchAI\.venv\Lib\site-packages\django\db\backends\utils.py", line 105, in _execute
    return self.cursor.execute(sql, params)
           ~~~~~~~~~~~~~~~~~~~^^^^^^^^^^^^^
psycopg2.errors.NotNullViolation: null value in column "phonetic_text" of relation "questions" violates not-null constraint
DETAIL:  Failing row contains (22, Write a short paragraph (4–6 sentences) describing your daily ..., WRITING, A1, PRACTICE, Evaluate the student's response based on the following criteria:..., null, null, EASY, 10, null, 2026-04-04 04:09:24.297879+00, 2026-04-04 04:09:24.297901+00, t, 12).


The above exception was the direct cause of the following exception:

Traceback (most recent call last):
  File "C:\Users\gusta\Desktop\djangoProjects\integradora-8B-RAMA-DEV-SpeakBranchAI\.venv\Lib\site-packages\django\core\handlers\exception.py", line 55, in inner
    response = get_response(request)
  File "C:\Users\gusta\Desktop\djangoProjects\integradora-8B-RAMA-DEV-SpeakBranchAI\.venv\Lib\site-packages\django\core\handlers\base.py", line 198, in _get_response
    response = wrapped_callback(request, *callback_args, **callback_kwargs)
  File "C:\Users\gusta\Desktop\djangoProjects\integradora-8B-RAMA-DEV-SpeakBranchAI\.venv\Lib\site-packages\django\views\decorators\csrf.py", line 65, in _view_wrapper
    return view_func(request, *args, **kwargs)
  File "C:\Users\gusta\Desktop\djangoProjects\integradora-8B-RAMA-DEV-SpeakBranchAI\.venv\Lib\site-packages\rest_framework\viewsets.py", line 124, in view
    return self.dispatch(request, *args, **kwargs)
           ~~~~~~~~~~~~~^^^^^^^^^^^^^^^^^^^^^^^^^^
  File "C:\Users\gusta\Desktop\djangoProjects\integradora-8B-RAMA-DEV-SpeakBranchAI\.venv\Lib\site-packages\rest_framework\views.py", line 509, in dispatch
    response = self.handle_exception(exc)
  File "C:\Users\gusta\Desktop\djangoProjects\integradora-8B-RAMA-DEV-SpeakBranchAI\.venv\Lib\site-packages\rest_framework\views.py", line 469, in handle_exception
    self.raise_uncaught_exception(exc)
    ~~~~~~~~~~~~~~~~~~~~~~~~~~~~~^^^^^
  File "C:\Users\gusta\Desktop\djangoProjects\integradora-8B-RAMA-DEV-SpeakBranchAI\.venv\Lib\site-packages\rest_framework\views.py", line 480, in raise_uncaught_exception
    raise exc
  File "C:\Users\gusta\Desktop\djangoProjects\integradora-8B-RAMA-DEV-SpeakBranchAI\.venv\Lib\site-packages\rest_framework\views.py", line 506, in dispatch
    response = handler(request, *args, **kwargs)
  File "C:\Users\gusta\Desktop\djangoProjects\integradora-8B-RAMA-DEV-SpeakBranchAI\backend\questions\views\question_views.py", line 61, in create
    return super().create(request, *args, **kwargs)
           ~~~~~~~~~~~~~~^^^^^^^^^^^^^^^^^^^^^^^^^^
  File "C:\Users\gusta\Desktop\djangoProjects\integradora-8B-RAMA-DEV-SpeakBranchAI\.venv\Lib\site-packages\rest_framework\mixins.py", line 19, in create
    self.perform_create(serializer)
    ~~~~~~~~~~~~~~~~~~~^^^^^^^^^^^^
  File "C:\Users\gusta\Desktop\djangoProjects\integradora-8B-RAMA-DEV-SpeakBranchAI\backend\questions\views\question_views.py", line 64, in perform_create
    serializer.save(created_by=self.request.user)
    ~~~~~~~~~~~~~~~^^^^^^^^^^^^^^^^^^^^^^^^^^^^^^
  File "C:\Users\gusta\Desktop\djangoProjects\integradora-8B-RAMA-DEV-SpeakBranchAI\.venv\Lib\site-packages\rest_framework\serializers.py", line 208, in save
    self.instance = self.create(validated_data)
                    ~~~~~~~~~~~^^^^^^^^^^^^^^^^
  File "C:\Users\gusta\Desktop\djangoProjects\integradora-8B-RAMA-DEV-SpeakBranchAI\backend\questions\serializers\writing_serializer.py", line 20, in create
    return super().create(validated_data)
           ~~~~~~~~~~~~~~^^^^^^^^^^^^^^^^
  File "C:\Users\gusta\Desktop\djangoProjects\integradora-8B-RAMA-DEV-SpeakBranchAI\.venv\Lib\site-packages\rest_framework\serializers.py", line 989, in create
    instance = ModelClass._default_manager.create(**validated_data)
  File "C:\Users\gusta\Desktop\djangoProjects\integradora-8B-RAMA-DEV-SpeakBranchAI\.venv\Lib\site-packages\django\db\models\manager.py", line 87, in manager_method
    return getattr(self.get_queryset(), name)(*args, **kwargs)
           ~~~~~~~~~~~~~~~~~~~~~~~~~~~~~~~~~~^^^^^^^^^^^^^^^^^
  File "C:\Users\gusta\Desktop\djangoProjects\integradora-8B-RAMA-DEV-SpeakBranchAI\.venv\Lib\site-packages\django\db\models\query.py", line 669, in create
    obj.save(force_insert=True, using=self.db)
    ~~~~~~~~^^^^^^^^^^^^^^^^^^^^^^^^^^^^^^^^^^
  File "C:\Users\gusta\Desktop\djangoProjects\integradora-8B-RAMA-DEV-SpeakBranchAI\backend\questions\models\question.py", line 147, in save
    super().save(*args, **kwargs)
    ~~~~~~~~~~~~^^^^^^^^^^^^^^^^^
  File "C:\Users\gusta\Desktop\djangoProjects\integradora-8B-RAMA-DEV-SpeakBranchAI\.venv\Lib\site-packages\django\db\models\base.py", line 874, in save
    self.save_base(
    ~~~~~~~~~~~~~~^
        using=using,
        ^^^^^^^^^^^^
    ...<2 lines>...
        update_fields=update_fields,
        ^^^^^^^^^^^^^^^^^^^^^^^^^^^^
    )
    ^
  File "C:\Users\gusta\Desktop\djangoProjects\integradora-8B-RAMA-DEV-SpeakBranchAI\.venv\Lib\site-packages\django\db\models\base.py", line 966, in save_base
    updated = self._save_table(
        raw,
    ...<4 lines>...
        update_fields,
    )
  File "C:\Users\gusta\Desktop\djangoProjects\integradora-8B-RAMA-DEV-SpeakBranchAI\.venv\Lib\site-packages\django\db\models\base.py", line 1169, in _save_table
    results = self._do_insert(
        cls._base_manager, using, insert_fields, returning_fields, raw
    )
  File "C:\Users\gusta\Desktop\djangoProjects\integradora-8B-RAMA-DEV-SpeakBranchAI\.venv\Lib\site-packages\django\db\models\base.py", line 1220, in _do_insert
    return manager._insert(
           ~~~~~~~~~~~~~~~^
        [self],
        ^^^^^^^
    ...<3 lines>...
        raw=raw,
        ^^^^^^^^
    )
    ^
  File "C:\Users\gusta\Desktop\djangoProjects\integradora-8B-RAMA-DEV-SpeakBranchAI\.venv\Lib\site-packages\django\db\models\manager.py", line 87, in manager_method
    return getattr(self.get_queryset(), name)(*args, **kwargs)
           ~~~~~~~~~~~~~~~~~~~~~~~~~~~~~~~~~~^^^^^^^^^^^^^^^^^
  File "C:\Users\gusta\Desktop\djangoProjects\integradora-8B-RAMA-DEV-SpeakBranchAI\.venv\Lib\site-packages\django\db\models\query.py", line 1918, in _insert
    return query.get_compiler(using=using).execute_sql(returning_fields)
           ~~~~~~~~~~~~~~~~~~~~~~~~~~~~~~~~~~~~~~~~~~~^^^^^^^^^^^^^^^^^^
  File "C:\Users\gusta\Desktop\djangoProjects\integradora-8B-RAMA-DEV-SpeakBranchAI\.venv\Lib\site-packages\django\db\models\sql\compiler.py", line 1925, in execute_sql
    cursor.execute(sql, params)
    ~~~~~~~~~~~~~~^^^^^^^^^^^^^
  File "C:\Users\gusta\Desktop\djangoProjects\integradora-8B-RAMA-DEV-SpeakBranchAI\.venv\Lib\site-packages\django\db\backends\utils.py", line 122, in execute
    return super().execute(sql, params)
           ~~~~~~~~~~~~~~~^^^^^^^^^^^^^
  File "C:\Users\gusta\Desktop\djangoProjects\integradora-8B-RAMA-DEV-SpeakBranchAI\.venv\Lib\site-packages\django\db\backends\utils.py", line 79, in execute
    return self._execute_with_wrappers(
           ~~~~~~~~~~~~~~~~~~~~~~~~~~~^
        sql, params, many=False, executor=self._execute
        ^^^^^^^^^^^^^^^^^^^^^^^^^^^^^^^^^^^^^^^^^^^^^^^
    )
    ^
  File "C:\Users\gusta\Desktop\djangoProjects\integradora-8B-RAMA-DEV-SpeakBranchAI\.venv\Lib\site-packages\django\db\backends\utils.py", line 92, in _execute_with_wrappers
    return executor(sql, params, many, context)
  File "C:\Users\gusta\Desktop\djangoProjects\integradora-8B-RAMA-DEV-SpeakBranchAI\.venv\Lib\site-packages\django\db\backends\utils.py", line 100, in _execute
    with self.db.wrap_database_errors:
         ^^^^^^^^^^^^^^^^^^^^^^^^^^^^
  File "C:\Users\gusta\Desktop\djangoProjects\integradora-8B-RAMA-DEV-SpeakBranchAI\.venv\Lib\site-packages\django\db\utils.py", line 94, in __exit__
    raise dj_exc_value.with_traceback(traceback) from exc_value
  File "C:\Users\gusta\Desktop\djangoProjects\integradora-8B-RAMA-DEV-SpeakBranchAI\.venv\Lib\site-packages\django\db\backends\utils.py", line 105, in _execute
    return self.cursor.execute(sql, params)
           ~~~~~~~~~~~~~~~~~~~^^^^^^^^^^^^^
django.db.utils.IntegrityError: null value in column "phonetic_text" of relation "questions" violates not-null constraint
DETAIL:  Failing row contains (22, Write a short paragraph (4–6 sentences) describing your daily ..., WRITING, A1, PRACTICE, Evaluate the student's response based on the following criteria:..., null, null, EASY, 10, null, 2026-04-04 04:09:24.297879+00, 2026-04-04 04:09:24.297901+00, t, 12).

WARNING 2026-04-03 22:28:18 django.request log_message:249 - Unauthorized: /api/auth/me/
WARNING 2026-04-03 22:28:18 django.request log_message:249 - Unauthorized: /api/auth/me/
ERROR 2026-04-03 22:34:09 django.request log_message:249 - Service Unavailable: /api/writing/evaluate/
WARNING 2026-04-03 22:52:35 django.request log_message:249 - Unauthorized: /api/writing/evaluate/
WARNING 2026-04-03 22:52:41 django.request log_message:249 - Unauthorized: /api/questions/
WARNING 2026-04-03 22:52:41 django.request log_message:249 - Unauthorized: /api/questions/
WARNING 2026-04-03 22:52:43 django.request log_message:249 - Unauthorized: /api/auth/logout/
ERROR 2026-04-04 15:17:33 django.request log_message:249 - Internal Server Error: /api/questions/
Traceback (most recent call last):
  File "C:\Users\gusta\Desktop\djangoProjects\integradora-8B-RAMA-DEV-SpeakBranchAI\.venv\Lib\site-packages\django\db\backends\utils.py", line 105, in _execute
    return self.cursor.execute(sql, params)
           ~~~~~~~~~~~~~~~~~~~^^^^^^^^^^^^^
psycopg2.errors.UndefinedColumn: column question_vocabulary.is_key does not exist
LINE 1: ...stion_id", "question_vocabulary"."vocabulary_id", "question_...
                                                             ^


The above exception was the direct cause of the following exception:

Traceback (most recent call last):
  File "C:\Users\gusta\Desktop\djangoProjects\integradora-8B-RAMA-DEV-SpeakBranchAI\.venv\Lib\site-packages\django\core\handlers\exception.py", line 55, in inner
    response = get_response(request)
  File "C:\Users\gusta\Desktop\djangoProjects\integradora-8B-RAMA-DEV-SpeakBranchAI\.venv\Lib\site-packages\django\core\handlers\base.py", line 198, in _get_response
    response = wrapped_callback(request, *callback_args, **callback_kwargs)
  File "C:\Users\gusta\Desktop\djangoProjects\integradora-8B-RAMA-DEV-SpeakBranchAI\.venv\Lib\site-packages\django\views\decorators\csrf.py", line 65, in _view_wrapper
    return view_func(request, *args, **kwargs)
  File "C:\Users\gusta\Desktop\djangoProjects\integradora-8B-RAMA-DEV-SpeakBranchAI\.venv\Lib\site-packages\rest_framework\viewsets.py", line 124, in view
    return self.dispatch(request, *args, **kwargs)
           ~~~~~~~~~~~~~^^^^^^^^^^^^^^^^^^^^^^^^^^
  File "C:\Users\gusta\Desktop\djangoProjects\integradora-8B-RAMA-DEV-SpeakBranchAI\.venv\Lib\site-packages\rest_framework\views.py", line 509, in dispatch
    response = self.handle_exception(exc)
  File "C:\Users\gusta\Desktop\djangoProjects\integradora-8B-RAMA-DEV-SpeakBranchAI\.venv\Lib\site-packages\rest_framework\views.py", line 469, in handle_exception
    self.raise_uncaught_exception(exc)
    ~~~~~~~~~~~~~~~~~~~~~~~~~~~~~^^^^^
  File "C:\Users\gusta\Desktop\djangoProjects\integradora-8B-RAMA-DEV-SpeakBranchAI\.venv\Lib\site-packages\rest_framework\views.py", line 480, in raise_uncaught_exception
    raise exc
  File "C:\Users\gusta\Desktop\djangoProjects\integradora-8B-RAMA-DEV-SpeakBranchAI\.venv\Lib\site-packages\rest_framework\views.py", line 506, in dispatch
    response = handler(request, *args, **kwargs)
  File "C:\Users\gusta\Desktop\djangoProjects\integradora-8B-RAMA-DEV-SpeakBranchAI\.venv\Lib\site-packages\rest_framework\mixins.py", line 46, in list
    return Response(serializer.data)
                    ^^^^^^^^^^^^^^^
  File "C:\Users\gusta\Desktop\djangoProjects\integradora-8B-RAMA-DEV-SpeakBranchAI\.venv\Lib\site-packages\rest_framework\serializers.py", line 795, in data
    ret = super().data
          ^^^^^^^^^^^^
  File "C:\Users\gusta\Desktop\djangoProjects\integradora-8B-RAMA-DEV-SpeakBranchAI\.venv\Lib\site-packages\rest_framework\serializers.py", line 249, in data
    self._data = self.to_representation(self.instance)
                 ~~~~~~~~~~~~~~~~~~~~~~^^^^^^^^^^^^^^^
  File "C:\Users\gusta\Desktop\djangoProjects\integradora-8B-RAMA-DEV-SpeakBranchAI\.venv\Lib\site-packages\rest_framework\serializers.py", line 714, in to_representation
    self.child.to_representation(item) for item in iterable
    ~~~~~~~~~~~~~~~~~~~~~~~~~~~~^^^^^^
  File "C:\Users\gusta\Desktop\djangoProjects\integradora-8B-RAMA-DEV-SpeakBranchAI\.venv\Lib\site-packages\rest_framework\serializers.py", line 538, in to_representation
    ret[field.field_name] = field.to_representation(attribute)
                            ~~~~~~~~~~~~~~~~~~~~~~~^^^^^^^^^^^
  File "C:\Users\gusta\Desktop\djangoProjects\integradora-8B-RAMA-DEV-SpeakBranchAI\.venv\Lib\site-packages\rest_framework\fields.py", line 1870, in to_representation
    return method(value)
  File "C:\Users\gusta\Desktop\djangoProjects\integradora-8B-RAMA-DEV-SpeakBranchAI\backend\questions\serializers\base_serializer.py", line 44, in get_vocabulary_items
    return QuestionVocabularyDetailSerializer(vocab_items, many=True).data
           ^^^^^^^^^^^^^^^^^^^^^^^^^^^^^^^^^^^^^^^^^^^^^^^^^^^^^^^^^^^^^^^
  File "C:\Users\gusta\Desktop\djangoProjects\integradora-8B-RAMA-DEV-SpeakBranchAI\.venv\Lib\site-packages\rest_framework\serializers.py", line 795, in data
    ret = super().data
          ^^^^^^^^^^^^
  File "C:\Users\gusta\Desktop\djangoProjects\integradora-8B-RAMA-DEV-SpeakBranchAI\.venv\Lib\site-packages\rest_framework\serializers.py", line 249, in data
    self._data = self.to_representation(self.instance)
                 ~~~~~~~~~~~~~~~~~~~~~~^^^^^^^^^^^^^^^
  File "C:\Users\gusta\Desktop\djangoProjects\integradora-8B-RAMA-DEV-SpeakBranchAI\.venv\Lib\site-packages\rest_framework\serializers.py", line 714, in to_representation
    self.child.to_representation(item) for item in iterable
                                                   ^^^^^^^^
  File "C:\Users\gusta\Desktop\djangoProjects\integradora-8B-RAMA-DEV-SpeakBranchAI\.venv\Lib\site-packages\django\db\models\query.py", line 390, in __iter__
    self._fetch_all()
    ~~~~~~~~~~~~~~~^^
  File "C:\Users\gusta\Desktop\djangoProjects\integradora-8B-RAMA-DEV-SpeakBranchAI\.venv\Lib\site-packages\django\db\models\query.py", line 2000, in _fetch_all
    self._result_cache = list(self._iterable_class(self))
                         ~~~~^^^^^^^^^^^^^^^^^^^^^^^^^^^^
  File "C:\Users\gusta\Desktop\djangoProjects\integradora-8B-RAMA-DEV-SpeakBranchAI\.venv\Lib\site-packages\django\db\models\query.py", line 95, in __iter__
    results = compiler.execute_sql(
        chunked_fetch=self.chunked_fetch, chunk_size=self.chunk_size
    )
  File "C:\Users\gusta\Desktop\djangoProjects\integradora-8B-RAMA-DEV-SpeakBranchAI\.venv\Lib\site-packages\django\db\models\sql\compiler.py", line 1624, in execute_sql
    cursor.execute(sql, params)
    ~~~~~~~~~~~~~~^^^^^^^^^^^^^
  File "C:\Users\gusta\Desktop\djangoProjects\integradora-8B-RAMA-DEV-SpeakBranchAI\.venv\Lib\site-packages\django\db\backends\utils.py", line 122, in execute
    return super().execute(sql, params)
           ~~~~~~~~~~~~~~~^^^^^^^^^^^^^
  File "C:\Users\gusta\Desktop\djangoProjects\integradora-8B-RAMA-DEV-SpeakBranchAI\.venv\Lib\site-packages\django\db\backends\utils.py", line 79, in execute
    return self._execute_with_wrappers(
           ~~~~~~~~~~~~~~~~~~~~~~~~~~~^
        sql, params, many=False, executor=self._execute
        ^^^^^^^^^^^^^^^^^^^^^^^^^^^^^^^^^^^^^^^^^^^^^^^
    )
    ^
  File "C:\Users\gusta\Desktop\djangoProjects\integradora-8B-RAMA-DEV-SpeakBranchAI\.venv\Lib\site-packages\django\db\backends\utils.py", line 92, in _execute_with_wrappers
    return executor(sql, params, many, context)
  File "C:\Users\gusta\Desktop\djangoProjects\integradora-8B-RAMA-DEV-SpeakBranchAI\.venv\Lib\site-packages\django\db\backends\utils.py", line 100, in _execute
    with self.db.wrap_database_errors:
         ^^^^^^^^^^^^^^^^^^^^^^^^^^^^
  File "C:\Users\gusta\Desktop\djangoProjects\integradora-8B-RAMA-DEV-SpeakBranchAI\.venv\Lib\site-packages\django\db\utils.py", line 94, in __exit__
    raise dj_exc_value.with_traceback(traceback) from exc_value
  File "C:\Users\gusta\Desktop\djangoProjects\integradora-8B-RAMA-DEV-SpeakBranchAI\.venv\Lib\site-packages\django\db\backends\utils.py", line 105, in _execute
    return self.cursor.execute(sql, params)
           ~~~~~~~~~~~~~~~~~~~^^^^^^^^^^^^^
django.db.utils.ProgrammingError: column question_vocabulary.is_key does not exist
LINE 1: ...stion_id", "question_vocabulary"."vocabulary_id", "question_...
                                                             ^

ERROR 2026-04-04 15:17:35 django.request log_message:249 - Internal Server Error: /api/questions/
Traceback (most recent call last):
  File "C:\Users\gusta\Desktop\djangoProjects\integradora-8B-RAMA-DEV-SpeakBranchAI\.venv\Lib\site-packages\django\db\backends\utils.py", line 105, in _execute
    return self.cursor.execute(sql, params)
           ~~~~~~~~~~~~~~~~~~~^^^^^^^^^^^^^
psycopg2.errors.UndefinedColumn: column question_vocabulary.is_key does not exist
LINE 1: ...stion_id", "question_vocabulary"."vocabulary_id", "question_...
                                                             ^


The above exception was the direct cause of the following exception:

Traceback (most recent call last):
  File "C:\Users\gusta\Desktop\djangoProjects\integradora-8B-RAMA-DEV-SpeakBranchAI\.venv\Lib\site-packages\django\core\handlers\exception.py", line 55, in inner
    response = get_response(request)
  File "C:\Users\gusta\Desktop\djangoProjects\integradora-8B-RAMA-DEV-SpeakBranchAI\.venv\Lib\site-packages\django\core\handlers\base.py", line 198, in _get_response
    response = wrapped_callback(request, *callback_args, **callback_kwargs)
  File "C:\Users\gusta\Desktop\djangoProjects\integradora-8B-RAMA-DEV-SpeakBranchAI\.venv\Lib\site-packages\django\views\decorators\csrf.py", line 65, in _view_wrapper
    return view_func(request, *args, **kwargs)
  File "C:\Users\gusta\Desktop\djangoProjects\integradora-8B-RAMA-DEV-SpeakBranchAI\.venv\Lib\site-packages\rest_framework\viewsets.py", line 124, in view
    return self.dispatch(request, *args, **kwargs)
           ~~~~~~~~~~~~~^^^^^^^^^^^^^^^^^^^^^^^^^^
  File "C:\Users\gusta\Desktop\djangoProjects\integradora-8B-RAMA-DEV-SpeakBranchAI\.venv\Lib\site-packages\rest_framework\views.py", line 509, in dispatch
    response = self.handle_exception(exc)
  File "C:\Users\gusta\Desktop\djangoProjects\integradora-8B-RAMA-DEV-SpeakBranchAI\.venv\Lib\site-packages\rest_framework\views.py", line 469, in handle_exception
    self.raise_uncaught_exception(exc)
    ~~~~~~~~~~~~~~~~~~~~~~~~~~~~~^^^^^
  File "C:\Users\gusta\Desktop\djangoProjects\integradora-8B-RAMA-DEV-SpeakBranchAI\.venv\Lib\site-packages\rest_framework\views.py", line 480, in raise_uncaught_exception
    raise exc
  File "C:\Users\gusta\Desktop\djangoProjects\integradora-8B-RAMA-DEV-SpeakBranchAI\.venv\Lib\site-packages\rest_framework\views.py", line 506, in dispatch
    response = handler(request, *args, **kwargs)
  File "C:\Users\gusta\Desktop\djangoProjects\integradora-8B-RAMA-DEV-SpeakBranchAI\.venv\Lib\site-packages\rest_framework\mixins.py", line 46, in list
    return Response(serializer.data)
                    ^^^^^^^^^^^^^^^
  File "C:\Users\gusta\Desktop\djangoProjects\integradora-8B-RAMA-DEV-SpeakBranchAI\.venv\Lib\site-packages\rest_framework\serializers.py", line 795, in data
    ret = super().data
          ^^^^^^^^^^^^
  File "C:\Users\gusta\Desktop\djangoProjects\integradora-8B-RAMA-DEV-SpeakBranchAI\.venv\Lib\site-packages\rest_framework\serializers.py", line 249, in data
    self._data = self.to_representation(self.instance)
                 ~~~~~~~~~~~~~~~~~~~~~~^^^^^^^^^^^^^^^
  File "C:\Users\gusta\Desktop\djangoProjects\integradora-8B-RAMA-DEV-SpeakBranchAI\.venv\Lib\site-packages\rest_framework\serializers.py", line 714, in to_representation
    self.child.to_representation(item) for item in iterable
    ~~~~~~~~~~~~~~~~~~~~~~~~~~~~^^^^^^
  File "C:\Users\gusta\Desktop\djangoProjects\integradora-8B-RAMA-DEV-SpeakBranchAI\.venv\Lib\site-packages\rest_framework\serializers.py", line 538, in to_representation
    ret[field.field_name] = field.to_representation(attribute)
                            ~~~~~~~~~~~~~~~~~~~~~~~^^^^^^^^^^^
  File "C:\Users\gusta\Desktop\djangoProjects\integradora-8B-RAMA-DEV-SpeakBranchAI\.venv\Lib\site-packages\rest_framework\fields.py", line 1870, in to_representation
    return method(value)
  File "C:\Users\gusta\Desktop\djangoProjects\integradora-8B-RAMA-DEV-SpeakBranchAI\backend\questions\serializers\base_serializer.py", line 44, in get_vocabulary_items
    return QuestionVocabularyDetailSerializer(vocab_items, many=True).data
           ^^^^^^^^^^^^^^^^^^^^^^^^^^^^^^^^^^^^^^^^^^^^^^^^^^^^^^^^^^^^^^^
  File "C:\Users\gusta\Desktop\djangoProjects\integradora-8B-RAMA-DEV-SpeakBranchAI\.venv\Lib\site-packages\rest_framework\serializers.py", line 795, in data
    ret = super().data
          ^^^^^^^^^^^^
  File "C:\Users\gusta\Desktop\djangoProjects\integradora-8B-RAMA-DEV-SpeakBranchAI\.venv\Lib\site-packages\rest_framework\serializers.py", line 249, in data
    self._data = self.to_representation(self.instance)
                 ~~~~~~~~~~~~~~~~~~~~~~^^^^^^^^^^^^^^^
  File "C:\Users\gusta\Desktop\djangoProjects\integradora-8B-RAMA-DEV-SpeakBranchAI\.venv\Lib\site-packages\rest_framework\serializers.py", line 714, in to_representation
    self.child.to_representation(item) for item in iterable
                                                   ^^^^^^^^
  File "C:\Users\gusta\Desktop\djangoProjects\integradora-8B-RAMA-DEV-SpeakBranchAI\.venv\Lib\site-packages\django\db\models\query.py", line 390, in __iter__
    self._fetch_all()
    ~~~~~~~~~~~~~~~^^
  File "C:\Users\gusta\Desktop\djangoProjects\integradora-8B-RAMA-DEV-SpeakBranchAI\.venv\Lib\site-packages\django\db\models\query.py", line 2000, in _fetch_all
    self._result_cache = list(self._iterable_class(self))
                         ~~~~^^^^^^^^^^^^^^^^^^^^^^^^^^^^
  File "C:\Users\gusta\Desktop\djangoProjects\integradora-8B-RAMA-DEV-SpeakBranchAI\.venv\Lib\site-packages\django\db\models\query.py", line 95, in __iter__
    results = compiler.execute_sql(
        chunked_fetch=self.chunked_fetch, chunk_size=self.chunk_size
    )
  File "C:\Users\gusta\Desktop\djangoProjects\integradora-8B-RAMA-DEV-SpeakBranchAI\.venv\Lib\site-packages\django\db\models\sql\compiler.py", line 1624, in execute_sql
    cursor.execute(sql, params)
    ~~~~~~~~~~~~~~^^^^^^^^^^^^^
  File "C:\Users\gusta\Desktop\djangoProjects\integradora-8B-RAMA-DEV-SpeakBranchAI\.venv\Lib\site-packages\django\db\backends\utils.py", line 122, in execute
    return super().execute(sql, params)
           ~~~~~~~~~~~~~~~^^^^^^^^^^^^^
  File "C:\Users\gusta\Desktop\djangoProjects\integradora-8B-RAMA-DEV-SpeakBranchAI\.venv\Lib\site-packages\django\db\backends\utils.py", line 79, in execute
    return self._execute_with_wrappers(
           ~~~~~~~~~~~~~~~~~~~~~~~~~~~^
        sql, params, many=False, executor=self._execute
        ^^^^^^^^^^^^^^^^^^^^^^^^^^^^^^^^^^^^^^^^^^^^^^^
    )
    ^
  File "C:\Users\gusta\Desktop\djangoProjects\integradora-8B-RAMA-DEV-SpeakBranchAI\.venv\Lib\site-packages\django\db\backends\utils.py", line 92, in _execute_with_wrappers
    return executor(sql, params, many, context)
  File "C:\Users\gusta\Desktop\djangoProjects\integradora-8B-RAMA-DEV-SpeakBranchAI\.venv\Lib\site-packages\django\db\backends\utils.py", line 100, in _execute
    with self.db.wrap_database_errors:
         ^^^^^^^^^^^^^^^^^^^^^^^^^^^^
  File "C:\Users\gusta\Desktop\djangoProjects\integradora-8B-RAMA-DEV-SpeakBranchAI\.venv\Lib\site-packages\django\db\utils.py", line 94, in __exit__
    raise dj_exc_value.with_traceback(traceback) from exc_value
  File "C:\Users\gusta\Desktop\djangoProjects\integradora-8B-RAMA-DEV-SpeakBranchAI\.venv\Lib\site-packages\django\db\backends\utils.py", line 105, in _execute
    return self.cursor.execute(sql, params)
           ~~~~~~~~~~~~~~~~~~~^^^^^^^^^^^^^
django.db.utils.ProgrammingError: column question_vocabulary.is_key does not exist
LINE 1: ...stion_id", "question_vocabulary"."vocabulary_id", "question_...
                                                             ^

ERROR 2026-04-04 15:18:06 django.request log_message:249 - Internal Server Error: /api/questions/
Traceback (most recent call last):
  File "C:\Users\gusta\Desktop\djangoProjects\integradora-8B-RAMA-DEV-SpeakBranchAI\.venv\Lib\site-packages\django\db\backends\utils.py", line 105, in _execute
    return self.cursor.execute(sql, params)
           ~~~~~~~~~~~~~~~~~~~^^^^^^^^^^^^^
psycopg2.errors.UndefinedColumn: column question_vocabulary.is_key does not exist
LINE 1: ...stion_id", "question_vocabulary"."vocabulary_id", "question_...
                                                             ^


The above exception was the direct cause of the following exception:

Traceback (most recent call last):
  File "C:\Users\gusta\Desktop\djangoProjects\integradora-8B-RAMA-DEV-SpeakBranchAI\.venv\Lib\site-packages\django\core\handlers\exception.py", line 55, in inner
    response = get_response(request)
  File "C:\Users\gusta\Desktop\djangoProjects\integradora-8B-RAMA-DEV-SpeakBranchAI\.venv\Lib\site-packages\django\core\handlers\base.py", line 198, in _get_response
    response = wrapped_callback(request, *callback_args, **callback_kwargs)
  File "C:\Users\gusta\Desktop\djangoProjects\integradora-8B-RAMA-DEV-SpeakBranchAI\.venv\Lib\site-packages\django\views\decorators\csrf.py", line 65, in _view_wrapper
    return view_func(request, *args, **kwargs)
  File "C:\Users\gusta\Desktop\djangoProjects\integradora-8B-RAMA-DEV-SpeakBranchAI\.venv\Lib\site-packages\rest_framework\viewsets.py", line 124, in view
    return self.dispatch(request, *args, **kwargs)
           ~~~~~~~~~~~~~^^^^^^^^^^^^^^^^^^^^^^^^^^
  File "C:\Users\gusta\Desktop\djangoProjects\integradora-8B-RAMA-DEV-SpeakBranchAI\.venv\Lib\site-packages\rest_framework\views.py", line 509, in dispatch
    response = self.handle_exception(exc)
  File "C:\Users\gusta\Desktop\djangoProjects\integradora-8B-RAMA-DEV-SpeakBranchAI\.venv\Lib\site-packages\rest_framework\views.py", line 469, in handle_exception
    self.raise_uncaught_exception(exc)
    ~~~~~~~~~~~~~~~~~~~~~~~~~~~~~^^^^^
  File "C:\Users\gusta\Desktop\djangoProjects\integradora-8B-RAMA-DEV-SpeakBranchAI\.venv\Lib\site-packages\rest_framework\views.py", line 480, in raise_uncaught_exception
    raise exc
  File "C:\Users\gusta\Desktop\djangoProjects\integradora-8B-RAMA-DEV-SpeakBranchAI\.venv\Lib\site-packages\rest_framework\views.py", line 506, in dispatch
    response = handler(request, *args, **kwargs)
  File "C:\Users\gusta\Desktop\djangoProjects\integradora-8B-RAMA-DEV-SpeakBranchAI\.venv\Lib\site-packages\rest_framework\mixins.py", line 46, in list
    return Response(serializer.data)
                    ^^^^^^^^^^^^^^^
  File "C:\Users\gusta\Desktop\djangoProjects\integradora-8B-RAMA-DEV-SpeakBranchAI\.venv\Lib\site-packages\rest_framework\serializers.py", line 795, in data
    ret = super().data
          ^^^^^^^^^^^^
  File "C:\Users\gusta\Desktop\djangoProjects\integradora-8B-RAMA-DEV-SpeakBranchAI\.venv\Lib\site-packages\rest_framework\serializers.py", line 249, in data
    self._data = self.to_representation(self.instance)
                 ~~~~~~~~~~~~~~~~~~~~~~^^^^^^^^^^^^^^^
  File "C:\Users\gusta\Desktop\djangoProjects\integradora-8B-RAMA-DEV-SpeakBranchAI\.venv\Lib\site-packages\rest_framework\serializers.py", line 714, in to_representation
    self.child.to_representation(item) for item in iterable
    ~~~~~~~~~~~~~~~~~~~~~~~~~~~~^^^^^^
  File "C:\Users\gusta\Desktop\djangoProjects\integradora-8B-RAMA-DEV-SpeakBranchAI\.venv\Lib\site-packages\rest_framework\serializers.py", line 538, in to_representation
    ret[field.field_name] = field.to_representation(attribute)
                            ~~~~~~~~~~~~~~~~~~~~~~~^^^^^^^^^^^
  File "C:\Users\gusta\Desktop\djangoProjects\integradora-8B-RAMA-DEV-SpeakBranchAI\.venv\Lib\site-packages\rest_framework\fields.py", line 1870, in to_representation
    return method(value)
  File "C:\Users\gusta\Desktop\djangoProjects\integradora-8B-RAMA-DEV-SpeakBranchAI\backend\questions\serializers\base_serializer.py", line 44, in get_vocabulary_items
    return QuestionVocabularyDetailSerializer(vocab_items, many=True).data
           ^^^^^^^^^^^^^^^^^^^^^^^^^^^^^^^^^^^^^^^^^^^^^^^^^^^^^^^^^^^^^^^
  File "C:\Users\gusta\Desktop\djangoProjects\integradora-8B-RAMA-DEV-SpeakBranchAI\.venv\Lib\site-packages\rest_framework\serializers.py", line 795, in data
    ret = super().data
          ^^^^^^^^^^^^
  File "C:\Users\gusta\Desktop\djangoProjects\integradora-8B-RAMA-DEV-SpeakBranchAI\.venv\Lib\site-packages\rest_framework\serializers.py", line 249, in data
    self._data = self.to_representation(self.instance)
                 ~~~~~~~~~~~~~~~~~~~~~~^^^^^^^^^^^^^^^
  File "C:\Users\gusta\Desktop\djangoProjects\integradora-8B-RAMA-DEV-SpeakBranchAI\.venv\Lib\site-packages\rest_framework\serializers.py", line 714, in to_representation
    self.child.to_representation(item) for item in iterable
                                                   ^^^^^^^^
  File "C:\Users\gusta\Desktop\djangoProjects\integradora-8B-RAMA-DEV-SpeakBranchAI\.venv\Lib\site-packages\django\db\models\query.py", line 390, in __iter__
    self._fetch_all()
    ~~~~~~~~~~~~~~~^^
  File "C:\Users\gusta\Desktop\djangoProjects\integradora-8B-RAMA-DEV-SpeakBranchAI\.venv\Lib\site-packages\django\db\models\query.py", line 2000, in _fetch_all
    self._result_cache = list(self._iterable_class(self))
                         ~~~~^^^^^^^^^^^^^^^^^^^^^^^^^^^^
  File "C:\Users\gusta\Desktop\djangoProjects\integradora-8B-RAMA-DEV-SpeakBranchAI\.venv\Lib\site-packages\django\db\models\query.py", line 95, in __iter__
    results = compiler.execute_sql(
        chunked_fetch=self.chunked_fetch, chunk_size=self.chunk_size
    )
  File "C:\Users\gusta\Desktop\djangoProjects\integradora-8B-RAMA-DEV-SpeakBranchAI\.venv\Lib\site-packages\django\db\models\sql\compiler.py", line 1624, in execute_sql
    cursor.execute(sql, params)
    ~~~~~~~~~~~~~~^^^^^^^^^^^^^
  File "C:\Users\gusta\Desktop\djangoProjects\integradora-8B-RAMA-DEV-SpeakBranchAI\.venv\Lib\site-packages\django\db\backends\utils.py", line 122, in execute
    return super().execute(sql, params)
           ~~~~~~~~~~~~~~~^^^^^^^^^^^^^
  File "C:\Users\gusta\Desktop\djangoProjects\integradora-8B-RAMA-DEV-SpeakBranchAI\.venv\Lib\site-packages\django\db\backends\utils.py", line 79, in execute
    return self._execute_with_wrappers(
           ~~~~~~~~~~~~~~~~~~~~~~~~~~~^
        sql, params, many=False, executor=self._execute
        ^^^^^^^^^^^^^^^^^^^^^^^^^^^^^^^^^^^^^^^^^^^^^^^
    )
    ^
  File "C:\Users\gusta\Desktop\djangoProjects\integradora-8B-RAMA-DEV-SpeakBranchAI\.venv\Lib\site-packages\django\db\backends\utils.py", line 92, in _execute_with_wrappers
    return executor(sql, params, many, context)
  File "C:\Users\gusta\Desktop\djangoProjects\integradora-8B-RAMA-DEV-SpeakBranchAI\.venv\Lib\site-packages\django\db\backends\utils.py", line 100, in _execute
    with self.db.wrap_database_errors:
         ^^^^^^^^^^^^^^^^^^^^^^^^^^^^
  File "C:\Users\gusta\Desktop\djangoProjects\integradora-8B-RAMA-DEV-SpeakBranchAI\.venv\Lib\site-packages\django\db\utils.py", line 94, in __exit__
    raise dj_exc_value.with_traceback(traceback) from exc_value
  File "C:\Users\gusta\Desktop\djangoProjects\integradora-8B-RAMA-DEV-SpeakBranchAI\.venv\Lib\site-packages\django\db\backends\utils.py", line 105, in _execute
    return self.cursor.execute(sql, params)
           ~~~~~~~~~~~~~~~~~~~^^^^^^^^^^^^^
django.db.utils.ProgrammingError: column question_vocabulary.is_key does not exist
LINE 1: ...stion_id", "question_vocabulary"."vocabulary_id", "question_...
                                                             ^

ERROR 2026-04-04 15:18:08 django.request log_message:249 - Internal Server Error: /api/questions/
Traceback (most recent call last):
  File "C:\Users\gusta\Desktop\djangoProjects\integradora-8B-RAMA-DEV-SpeakBranchAI\.venv\Lib\site-packages\django\db\backends\utils.py", line 105, in _execute
    return self.cursor.execute(sql, params)
           ~~~~~~~~~~~~~~~~~~~^^^^^^^^^^^^^
psycopg2.errors.UndefinedColumn: column question_vocabulary.is_key does not exist
LINE 1: ...stion_id", "question_vocabulary"."vocabulary_id", "question_...
                                                             ^


The above exception was the direct cause of the following exception:

Traceback (most recent call last):
  File "C:\Users\gusta\Desktop\djangoProjects\integradora-8B-RAMA-DEV-SpeakBranchAI\.venv\Lib\site-packages\django\core\handlers\exception.py", line 55, in inner
    response = get_response(request)
  File "C:\Users\gusta\Desktop\djangoProjects\integradora-8B-RAMA-DEV-SpeakBranchAI\.venv\Lib\site-packages\django\core\handlers\base.py", line 198, in _get_response
    response = wrapped_callback(request, *callback_args, **callback_kwargs)
  File "C:\Users\gusta\Desktop\djangoProjects\integradora-8B-RAMA-DEV-SpeakBranchAI\.venv\Lib\site-packages\django\views\decorators\csrf.py", line 65, in _view_wrapper
    return view_func(request, *args, **kwargs)
  File "C:\Users\gusta\Desktop\djangoProjects\integradora-8B-RAMA-DEV-SpeakBranchAI\.venv\Lib\site-packages\rest_framework\viewsets.py", line 124, in view
    return self.dispatch(request, *args, **kwargs)
           ~~~~~~~~~~~~~^^^^^^^^^^^^^^^^^^^^^^^^^^
  File "C:\Users\gusta\Desktop\djangoProjects\integradora-8B-RAMA-DEV-SpeakBranchAI\.venv\Lib\site-packages\rest_framework\views.py", line 509, in dispatch
    response = self.handle_exception(exc)
  File "C:\Users\gusta\Desktop\djangoProjects\integradora-8B-RAMA-DEV-SpeakBranchAI\.venv\Lib\site-packages\rest_framework\views.py", line 469, in handle_exception
    self.raise_uncaught_exception(exc)
    ~~~~~~~~~~~~~~~~~~~~~~~~~~~~~^^^^^
  File "C:\Users\gusta\Desktop\djangoProjects\integradora-8B-RAMA-DEV-SpeakBranchAI\.venv\Lib\site-packages\rest_framework\views.py", line 480, in raise_uncaught_exception
    raise exc
  File "C:\Users\gusta\Desktop\djangoProjects\integradora-8B-RAMA-DEV-SpeakBranchAI\.venv\Lib\site-packages\rest_framework\views.py", line 506, in dispatch
    response = handler(request, *args, **kwargs)
  File "C:\Users\gusta\Desktop\djangoProjects\integradora-8B-RAMA-DEV-SpeakBranchAI\.venv\Lib\site-packages\rest_framework\mixins.py", line 46, in list
    return Response(serializer.data)
                    ^^^^^^^^^^^^^^^
  File "C:\Users\gusta\Desktop\djangoProjects\integradora-8B-RAMA-DEV-SpeakBranchAI\.venv\Lib\site-packages\rest_framework\serializers.py", line 795, in data
    ret = super().data
          ^^^^^^^^^^^^
  File "C:\Users\gusta\Desktop\djangoProjects\integradora-8B-RAMA-DEV-SpeakBranchAI\.venv\Lib\site-packages\rest_framework\serializers.py", line 249, in data
    self._data = self.to_representation(self.instance)
                 ~~~~~~~~~~~~~~~~~~~~~~^^^^^^^^^^^^^^^
  File "C:\Users\gusta\Desktop\djangoProjects\integradora-8B-RAMA-DEV-SpeakBranchAI\.venv\Lib\site-packages\rest_framework\serializers.py", line 714, in to_representation
    self.child.to_representation(item) for item in iterable
    ~~~~~~~~~~~~~~~~~~~~~~~~~~~~^^^^^^
  File "C:\Users\gusta\Desktop\djangoProjects\integradora-8B-RAMA-DEV-SpeakBranchAI\.venv\Lib\site-packages\rest_framework\serializers.py", line 538, in to_representation
    ret[field.field_name] = field.to_representation(attribute)
                            ~~~~~~~~~~~~~~~~~~~~~~~^^^^^^^^^^^
  File "C:\Users\gusta\Desktop\djangoProjects\integradora-8B-RAMA-DEV-SpeakBranchAI\.venv\Lib\site-packages\rest_framework\fields.py", line 1870, in to_representation
    return method(value)
  File "C:\Users\gusta\Desktop\djangoProjects\integradora-8B-RAMA-DEV-SpeakBranchAI\backend\questions\serializers\base_serializer.py", line 44, in get_vocabulary_items
    return QuestionVocabularyDetailSerializer(vocab_items, many=True).data
           ^^^^^^^^^^^^^^^^^^^^^^^^^^^^^^^^^^^^^^^^^^^^^^^^^^^^^^^^^^^^^^^
  File "C:\Users\gusta\Desktop\djangoProjects\integradora-8B-RAMA-DEV-SpeakBranchAI\.venv\Lib\site-packages\rest_framework\serializers.py", line 795, in data
    ret = super().data
          ^^^^^^^^^^^^
  File "C:\Users\gusta\Desktop\djangoProjects\integradora-8B-RAMA-DEV-SpeakBranchAI\.venv\Lib\site-packages\rest_framework\serializers.py", line 249, in data
    self._data = self.to_representation(self.instance)
                 ~~~~~~~~~~~~~~~~~~~~~~^^^^^^^^^^^^^^^
  File "C:\Users\gusta\Desktop\djangoProjects\integradora-8B-RAMA-DEV-SpeakBranchAI\.venv\Lib\site-packages\rest_framework\serializers.py", line 714, in to_representation
    self.child.to_representation(item) for item in iterable
                                                   ^^^^^^^^
  File "C:\Users\gusta\Desktop\djangoProjects\integradora-8B-RAMA-DEV-SpeakBranchAI\.venv\Lib\site-packages\django\db\models\query.py", line 390, in __iter__
    self._fetch_all()
    ~~~~~~~~~~~~~~~^^
  File "C:\Users\gusta\Desktop\djangoProjects\integradora-8B-RAMA-DEV-SpeakBranchAI\.venv\Lib\site-packages\django\db\models\query.py", line 2000, in _fetch_all
    self._result_cache = list(self._iterable_class(self))
                         ~~~~^^^^^^^^^^^^^^^^^^^^^^^^^^^^
  File "C:\Users\gusta\Desktop\djangoProjects\integradora-8B-RAMA-DEV-SpeakBranchAI\.venv\Lib\site-packages\django\db\models\query.py", line 95, in __iter__
    results = compiler.execute_sql(
        chunked_fetch=self.chunked_fetch, chunk_size=self.chunk_size
    )
  File "C:\Users\gusta\Desktop\djangoProjects\integradora-8B-RAMA-DEV-SpeakBranchAI\.venv\Lib\site-packages\django\db\models\sql\compiler.py", line 1624, in execute_sql
    cursor.execute(sql, params)
    ~~~~~~~~~~~~~~^^^^^^^^^^^^^
  File "C:\Users\gusta\Desktop\djangoProjects\integradora-8B-RAMA-DEV-SpeakBranchAI\.venv\Lib\site-packages\django\db\backends\utils.py", line 122, in execute
    return super().execute(sql, params)
           ~~~~~~~~~~~~~~~^^^^^^^^^^^^^
  File "C:\Users\gusta\Desktop\djangoProjects\integradora-8B-RAMA-DEV-SpeakBranchAI\.venv\Lib\site-packages\django\db\backends\utils.py", line 79, in execute
    return self._execute_with_wrappers(
           ~~~~~~~~~~~~~~~~~~~~~~~~~~~^
        sql, params, many=False, executor=self._execute
        ^^^^^^^^^^^^^^^^^^^^^^^^^^^^^^^^^^^^^^^^^^^^^^^
    )
    ^
  File "C:\Users\gusta\Desktop\djangoProjects\integradora-8B-RAMA-DEV-SpeakBranchAI\.venv\Lib\site-packages\django\db\backends\utils.py", line 92, in _execute_with_wrappers
    return executor(sql, params, many, context)
  File "C:\Users\gusta\Desktop\djangoProjects\integradora-8B-RAMA-DEV-SpeakBranchAI\.venv\Lib\site-packages\django\db\backends\utils.py", line 100, in _execute
    with self.db.wrap_database_errors:
         ^^^^^^^^^^^^^^^^^^^^^^^^^^^^
  File "C:\Users\gusta\Desktop\djangoProjects\integradora-8B-RAMA-DEV-SpeakBranchAI\.venv\Lib\site-packages\django\db\utils.py", line 94, in __exit__
    raise dj_exc_value.with_traceback(traceback) from exc_value
  File "C:\Users\gusta\Desktop\djangoProjects\integradora-8B-RAMA-DEV-SpeakBranchAI\.venv\Lib\site-packages\django\db\backends\utils.py", line 105, in _execute
    return self.cursor.execute(sql, params)
           ~~~~~~~~~~~~~~~~~~~^^^^^^^^^^^^^
django.db.utils.ProgrammingError: column question_vocabulary.is_key does not exist
LINE 1: ...stion_id", "question_vocabulary"."vocabulary_id", "question_...
                                                             ^

WARNING 2026-04-04 15:33:05 django.request log_message:249 - Unauthorized: /api/auth/logout/
WARNING 2026-04-04 15:41:10 django.request log_message:249 - Unauthorized: /api/vocabulary/
WARNING 2026-04-04 15:41:55 django.request log_message:249 - Unauthorized: /api/vocabulary/
WARNING 2026-04-04 16:19:21 django.request log_message:249 - Unauthorized: /api/vocabulary/
WARNING 2026-04-04 16:21:14 django.request log_message:249 - Unauthorized: /api/auth/logout/
WARNING 2026-04-04 16:21:35 django.request log_message:249 - Unauthorized: /api/vocabulary/
WARNING 2026-04-04 16:26:06 django.request log_message:249 - Unauthorized: /api/vocabulary/
WARNING 2026-04-04 16:26:14 django.request log_message:249 - Unauthorized: /api/vocabulary/
WARNING 2026-04-04 16:26:43 django.request log_message:249 - Unauthorized: /api/vocabulary/
WARNING 2026-04-04 16:27:48 django.request log_message:249 - Unauthorized: /api/vocabulary/
WARNING 2026-04-04 16:45:06 django.request log_message:249 - Unauthorized: /api/questions/
WARNING 2026-04-04 16:45:06 django.request log_message:249 - Unauthorized: /api/questions/
WARNING 2026-04-04 16:45:10 django.request log_message:249 - Unauthorized: /api/auth/me/
WARNING 2026-04-04 16:45:10 django.request log_message:249 - Unauthorized: /api/auth/me/
WARNING 2026-04-04 16:57:36 django.request log_message:249 - Bad Request: /api/vocabulary/exercise-words/
WARNING 2026-04-04 16:58:26 django.request log_message:249 - Bad Request: /api/vocabulary/exercise-words/
WARNING 2026-04-04 16:58:52 django.request log_message:249 - Bad Request: /api/vocabulary/exercise-words/
WARNING 2026-04-04 17:15:25 django.request log_message:249 - Unauthorized: /api/questions/
WARNING 2026-04-04 17:19:23 django.request log_message:249 - Unauthorized: /api/vocabulary/
WARNING 2026-04-04 17:19:25 django.request log_message:249 - Unauthorized: /api/questions/
WARNING 2026-04-04 17:19:25 django.request log_message:249 - Unauthorized: /api/questions/
WARNING 2026-04-04 17:19:29 django.request log_message:249 - Unauthorized: /api/auth/me/
WARNING 2026-04-04 17:19:29 django.request log_message:249 - Unauthorized: /api/auth/me/
WARNING 2026-04-04 18:16:00 django.request log_message:249 - Unauthorized: /api/auth/me/
WARNING 2026-04-04 18:16:00 django.request log_message:249 - Unauthorized: /api/auth/me/
WARNING 2026-04-04 18:16:00 django.request log_message:249 - Unauthorized: /api/auth/me/
WARNING 2026-04-04 18:16:00 django.request log_message:249 - Unauthorized: /api/auth/me/
WARNING 2026-04-04 20:13:08 django.request log_message:249 - Unauthorized: /api/auth/me/
WARNING 2026-04-04 20:13:08 django.request log_message:249 - Unauthorized: /api/auth/me/
