INFO 2026-03-26 02:08:33 django.utils.autoreload run_with_reloader:681 - Watching for file changes with StatReloader
INFO 2026-03-30 21:44:10 django.utils.autoreload run_with_reloader:681 - Watching for file changes with StatReloader
INFO 2026-03-30 22:46:06 django.utils.autoreload trigger_reload:265 - C:\Users\gusta\Desktop\djangoProjects\integradora-8B-RAMA-DEV-SpeakBranchAI\backend\backend\urls.py changed, reloading.
INFO 2026-03-30 22:46:07 django.utils.autoreload run_with_reloader:681 - Watching for file changes with StatReloader
WARNING 2026-03-30 22:48:50 django.server log_message:249 - "GET / HTTP/1.1" 404 2316
WARNING 2026-03-30 22:48:50 django.server log_message:249 - "GET /favicon.ico HTTP/1.1" 404 2367
INFO 2026-04-03 11:37:08 django.utils.autoreload run_with_reloader:681 - Watching for file changes with StatReloader
INFO 2026-04-03 11:37:54 django.utils.autoreload trigger_reload:265 - C:\Users\gusta\Desktop\djangoProjects\integradora-8B-RAMA-DEV-SpeakBranchAI\backend\backend\settings.py changed, reloading.
INFO 2026-04-03 11:37:55 django.utils.autoreload run_with_reloader:681 - Watching for file changes with StatReloader
INFO 2026-04-03 11:37:58 django.utils.autoreload run_with_reloader:681 - Watching for file changes with StatReloader
INFO 2026-04-03 11:38:06 django.utils.autoreload trigger_reload:265 - C:\Users\gusta\Desktop\djangoProjects\integradora-8B-RAMA-DEV-SpeakBranchAI\backend\backend\settings.py changed, reloading.
INFO 2026-04-03 11:38:08 django.utils.autoreload run_with_reloader:681 - Watching for file changes with StatReloader
INFO 2026-04-03 14:18:20 django.server log_message:249 - "OPTIONS /api/auth/register/ HTTP/1.1" 200 0
WARNING 2026-04-03 14:18:21 django.server log_message:249 - "POST /api/auth/register/ HTTP/1.1" 400 48
WARNING 2026-04-03 14:19:16 django.server log_message:249 - "POST /api/auth/register/ HTTP/1.1" 400 48
INFO 2026-04-03 14:19:59 django.utils.autoreload run_with_reloader:681 - Watching for file changes with StatReloader
WARNING 2026-04-03 14:20:20 django.server log_message:249 - "POST /api/auth/register/ HTTP/1.1" 400 48
WARNING 2026-04-03 14:22:05 django.server log_message:249 - "POST /api/auth/register/ HTTP/1.1" 400 48
INFO 2026-04-03 14:29:28 django.utils.autoreload run_with_reloader:681 - Watching for file changes with StatReloader
WARNING 2026-04-03 14:34:48 django.server log_message:249 - "GET /api/auth/register/ HTTP/1.1" 405 10456
INFO 2026-04-03 14:34:49 django.server log_message:249 - "GET /static/rest_framework/css/prettify.css HTTP/1.1" 200 817
INFO 2026-04-03 14:34:49 django.server log_message:249 - "GET /static/rest_framework/css/bootstrap-tweaks.css HTTP/1.1" 200 3426
INFO 2026-04-03 14:34:49 django.server log_message:249 - "GET /static/rest_framework/css/default.css HTTP/1.1" 200 1152
INFO 2026-04-03 14:34:49 django.server log_message:249 - "GET /static/rest_framework/css/bootstrap.min.css HTTP/1.1" 200 121457
INFO 2026-04-03 14:34:49 django.server log_message:249 - "GET /static/rest_framework/js/csrf.js HTTP/1.1" 200 1793
INFO 2026-04-03 14:34:49 django.server log_message:249 - "GET /static/rest_framework/js/default.js HTTP/1.1" 200 1268
INFO 2026-04-03 14:34:49 django.server log_message:249 - "GET /static/rest_framework/js/load-ajax-form.js HTTP/1.1" 200 59
INFO 2026-04-03 14:34:49 django.server log_message:249 - "GET /static/rest_framework/js/ajax-form.js HTTP/1.1" 200 3796
INFO 2026-04-03 14:34:49 django.server log_message:249 - "GET /static/rest_framework/img/grid.png HTTP/1.1" 200 1458
INFO 2026-04-03 14:34:49 django.server log_message:249 - "GET /static/rest_framework/js/bootstrap.min.js HTTP/1.1" 200 39680
INFO 2026-04-03 14:34:49 django.server log_message:249 - "GET /static/rest_framework/js/prettify-min.js HTTP/1.1" 200 13632
INFO 2026-04-03 14:34:49 django.server log_message:249 - "GET /static/rest_framework/js/jquery-3.7.1.min.js HTTP/1.1" 200 87533
WARNING 2026-04-03 14:34:49 django.server log_message:249 - "GET /favicon.ico HTTP/1.1" 404 3320
WARNING 2026-04-03 14:35:14 django.server log_message:249 - "GET /api/auth/register/ HTTP/1.1" 405 10456
WARNING 2026-04-03 14:35:57 django.server log_message:249 - "POST /api/auth/register/ HTTP/1.1" 400 48
INFO 2026-04-03 14:50:32 django.server log_message:249 - "POST /api/auth/register/ HTTP/1.1" 201 54
INFO 2026-04-03 14:50:39 django.server log_message:249 - "OPTIONS /api/auth/logout/ HTTP/1.1" 200 0
WARNING 2026-04-03 14:50:39 django.server log_message:249 - "POST /api/auth/logout/ HTTP/1.1" 403 58
INFO 2026-04-03 14:50:47 django.server log_message:249 - "OPTIONS /api/auth/login/ HTTP/1.1" 200 0
WARNING 2026-04-03 14:50:48 django.server log_message:249 - "POST /api/auth/login/ HTTP/1.1" 403 56
WARNING 2026-04-03 14:51:12 django.server log_message:249 - "POST /api/auth/login/ HTTP/1.1" 403 56
WARNING 2026-04-03 14:51:20 django.server log_message:249 - "GET /api/auth/login/ HTTP/1.1" 405 10429
INFO 2026-04-03 14:51:50 django.server log_message:249 - "POST /api/auth/login/ HTTP/1.1" 200 503
WARNING 2026-04-03 14:51:52 django.server log_message:249 - "POST /api/auth/logout/ HTTP/1.1" 403 58
INFO 2026-04-03 15:37:04 django.utils.autoreload run_with_reloader:681 - Watching for file changes with StatReloader
INFO 2026-04-03 15:40:33 django.utils.autoreload run_with_reloader:681 - Watching for file changes with StatReloader
INFO 2026-04-03 15:40:49 django.server log_message:249 - "POST /api/auth/login/ HTTP/1.1" 200 503
INFO 2026-04-03 15:40:49 django.server log_message:249 - "OPTIONS /api/auth/me/ HTTP/1.1" 200 0
INFO 2026-04-03 15:40:50 django.server log_message:249 - "GET /api/auth/me/ HTTP/1.1" 200 199
INFO 2026-04-03 15:43:46 django.server log_message:249 - "POST /api/auth/logout/ HTTP/1.1" 200 38
INFO 2026-04-03 15:44:00 django.server log_message:249 - "POST /api/auth/login/ HTTP/1.1" 200 503
INFO 2026-04-03 15:44:01 django.server log_message:249 - "GET /api/auth/me/ HTTP/1.1" 200 197
INFO 2026-04-03 15:50:30 django.server log_message:249 - "GET /api/auth/me/ HTTP/1.1" 200 197
INFO 2026-04-03 15:50:31 django.server log_message:249 - "GET /api/auth/me/ HTTP/1.1" 200 197
INFO 2026-04-03 15:50:32 django.server log_message:249 - "OPTIONS /api/questions/ HTTP/1.1" 200 0
INFO 2026-04-03 15:50:32 django.server log_message:249 - "OPTIONS /api/questions/ HTTP/1.1" 200 0
WARNING 2026-04-03 15:50:32 django.server log_message:249 - "GET /api/questions/ HTTP/1.1" 401 58
WARNING 2026-04-03 15:50:32 django.server log_message:249 - "GET /api/questions/ HTTP/1.1" 401 58
WARNING 2026-04-03 15:53:27 django.server log_message:249 - "POST /api/questions/ HTTP/1.1" 401 58
INFO 2026-04-03 15:57:27 django.server log_message:249 - "GET /api/auth/me/ HTTP/1.1" 200 197
WARNING 2026-04-03 15:57:27 django.server log_message:249 - "GET /api/questions/ HTTP/1.1" 401 58
WARNING 2026-04-03 15:57:27 django.server log_message:249 - "GET /api/questions/ HTTP/1.1" 401 58
INFO 2026-04-03 15:57:27 django.server log_message:249 - "GET /api/auth/me/ HTTP/1.1" 200 197
WARNING 2026-04-03 15:59:49 django.server log_message:249 - "GET /api/questions/ HTTP/1.1" 401 58
WARNING 2026-04-03 16:00:16 django.server log_message:249 - "GET /api/questions/ HTTP/1.1" 401 58
INFO 2026-04-03 16:01:13 django.utils.autoreload trigger_reload:265 - C:\Users\gusta\Desktop\djangoProjects\integradora-8B-RAMA-DEV-SpeakBranchAI\backend\questions\models\question.py changed, reloading.
INFO 2026-04-03 16:01:14 django.utils.autoreload run_with_reloader:681 - Watching for file changes with StatReloader
INFO 2026-04-03 16:01:41 django.utils.autoreload trigger_reload:265 - C:\Users\gusta\Desktop\djangoProjects\integradora-8B-RAMA-DEV-SpeakBranchAI\backend\questions\models\question.py changed, reloading.
INFO 2026-04-03 16:01:42 django.utils.autoreload run_with_reloader:681 - Watching for file changes with StatReloader
INFO 2026-04-03 16:10:24 django.utils.autoreload run_with_reloader:681 - Watching for file changes with StatReloader
INFO 2026-04-03 16:11:00 django.server log_message:249 - "POST /api/auth/login/ HTTP/1.1" 200 503
INFO 2026-04-03 16:11:01 django.server log_message:249 - "GET /api/auth/me/ HTTP/1.1" 200 197
WARNING 2026-04-03 16:11:08 django.server log_message:249 - "GET /api/questions/ HTTP/1.1" 401 58
WARNING 2026-04-03 16:11:08 django.server log_message:249 - "GET /api/questions/ HTTP/1.1" 401 58
WARNING 2026-04-03 16:17:10 django.server log_message:249 - "GET /api/questions/ HTTP/1.1" 401 58
WARNING 2026-04-03 16:17:10 django.server log_message:249 - "GET /api/questions/ HTTP/1.1" 401 58
WARNING 2026-04-03 16:19:30 django.server log_message:249 - "POST /api/questions/ HTTP/1.1" 401 58
WARNING 2026-04-03 16:19:52 django.server log_message:249 - "POST /api/questions/ HTTP/1.1" 401 58
INFO 2026-04-03 16:21:25 django.utils.autoreload run_with_reloader:681 - Watching for file changes with StatReloader
WARNING 2026-04-03 16:21:33 django.server log_message:249 - "POST /api/questions/ HTTP/1.1" 400 36
INFO 2026-04-03 16:31:01 django.utils.autoreload trigger_reload:265 - C:\Users\gusta\Desktop\djangoProjects\integradora-8B-RAMA-DEV-SpeakBranchAI\backend\questions\serializers\listening_shadowing_serializer.py changed, reloading.
INFO 2026-04-03 16:31:05 django.utils.autoreload run_with_reloader:681 - Watching for file changes with StatReloader
INFO 2026-04-03 16:33:32 django.utils.autoreload trigger_reload:265 - C:\Users\gusta\Desktop\djangoProjects\integradora-8B-RAMA-DEV-SpeakBranchAI\backend\questions\serializers\listening_comprehension_serializer.py changed, reloading.
INFO 2026-04-03 16:33:34 django.utils.autoreload run_with_reloader:681 - Watching for file changes with StatReloader
WARNING 2026-04-03 17:29:16 django.server log_message:249 - "GET /api/questions/ HTTP/1.1" 401 172
WARNING 2026-04-03 17:36:00 django.server log_message:249 - "GET /api/auth/me/ HTTP/1.1" 401 172
WARNING 2026-04-03 17:36:00 django.server log_message:249 - "GET /api/auth/me/ HTTP/1.1" 401 172
INFO 2026-04-03 17:36:14 django.server log_message:249 - "OPTIONS /api/auth/login/ HTTP/1.1" 200 0
INFO 2026-04-03 17:36:18 django.server log_message:249 - "POST /api/auth/login/ HTTP/1.1" 200 503
INFO 2026-04-03 17:36:19 django.server log_message:249 - "GET /api/auth/me/ HTTP/1.1" 200 197
INFO 2026-04-03 17:36:22 django.server log_message:249 - "GET /api/questions/ HTTP/1.1" 200 3124
INFO 2026-04-03 17:36:23 django.server log_message:249 - "GET /api/questions/ HTTP/1.1" 200 3124
INFO 2026-04-03 17:37:23 django.server log_message:249 - "OPTIONS /api/questions/?difficulty=MEDIUM HTTP/1.1" 200 0
INFO 2026-04-03 17:37:24 django.server log_message:249 - "GET /api/questions/?difficulty=MEDIUM HTTP/1.1" 200 1706
INFO 2026-04-03 17:37:28 django.server log_message:249 - "OPTIONS /api/questions/?difficulty=MEDIUM&category=PRACTICE HTTP/1.1" 200 0
INFO 2026-04-03 17:37:29 django.server log_message:249 - "GET /api/questions/?difficulty=MEDIUM&category=PRACTICE HTTP/1.1" 200 2
INFO 2026-04-03 17:37:34 django.server log_message:249 - "GET /api/questions/?difficulty=MEDIUM HTTP/1.1" 200 1706
INFO 2026-04-03 17:39:34 django.server log_message:249 - "POST /api/questions/ HTTP/1.1" 201 382
INFO 2026-04-03 17:39:44 django.server log_message:249 - "OPTIONS /api/questions/?type=SPEAKING&difficulty=MEDIUM HTTP/1.1" 200 0
INFO 2026-04-03 17:39:45 django.server log_message:249 - "GET /api/questions/?type=SPEAKING&difficulty=MEDIUM HTTP/1.1" 200 2
INFO 2026-04-03 17:40:29 django.server log_message:249 - "POST /api/questions/ HTTP/1.1" 201 382
INFO 2026-04-03 17:45:56 django.server log_message:249 - "GET /api/questions/?type=SPEAKING&difficulty=MEDIUM HTTP/1.1" 200 2
INFO 2026-04-03 17:46:09 django.server log_message:249 - "GET /api/questions/ HTTP/1.1" 200 3620
INFO 2026-04-03 17:46:26 django.server log_message:249 - "GET /api/questions/ HTTP/1.1" 200 3620
INFO 2026-04-03 17:57:55 django.server log_message:249 - "OPTIONS /api/questions/ HTTP/1.1" 200 0
WARNING 2026-04-03 17:57:55 django.server log_message:249 - "GET /api/questions/ HTTP/1.1" 401 172
WARNING 2026-04-03 17:58:58 django.server log_message:249 - "GET /api/questions/ HTTP/1.1" 401 172
INFO 2026-04-03 18:16:00 django.server log_message:249 - "OPTIONS /api/auth/me/ HTTP/1.1" 200 0
INFO 2026-04-03 18:16:00 django.server log_message:249 - "OPTIONS /api/auth/me/ HTTP/1.1" 200 0
WARNING 2026-04-03 18:16:00 django.server log_message:249 - "GET /api/auth/me/ HTTP/1.1" 401 172
WARNING 2026-04-03 18:16:00 django.server log_message:249 - "GET /api/auth/me/ HTTP/1.1" 401 172
INFO 2026-04-03 18:53:14 django.server log_message:249 - "POST /api/auth/login/ HTTP/1.1" 200 503
INFO 2026-04-03 18:53:15 django.server log_message:249 - "GET /api/auth/me/ HTTP/1.1" 200 197
INFO 2026-04-03 18:53:19 django.server log_message:249 - "GET /api/questions/ HTTP/1.1" 200 3620
INFO 2026-04-03 18:53:19 django.server log_message:249 - "GET /api/questions/ HTTP/1.1" 200 3620
INFO 2026-04-03 18:53:21 django.server log_message:249 - "GET /api/auth/me/ HTTP/1.1" 200 197
INFO 2026-04-03 18:53:21 django.server log_message:249 - "OPTIONS /api/questions/2/ HTTP/1.1" 200 0
INFO 2026-04-03 18:53:21 django.server log_message:249 - "OPTIONS /api/questions/2/ HTTP/1.1" 200 0
INFO 2026-04-03 18:53:21 django.server log_message:249 - "GET /api/auth/me/ HTTP/1.1" 200 197
INFO 2026-04-03 18:53:22 django.server log_message:249 - "GET /api/questions/2/ HTTP/1.1" 200 257
INFO 2026-04-03 18:53:22 django.server log_message:249 - "GET /api/questions/2/ HTTP/1.1" 200 257
INFO 2026-04-03 18:53:30 django.server log_message:249 - "GET /api/questions/ HTTP/1.1" 200 3620
INFO 2026-04-03 18:53:31 django.server log_message:249 - "GET /api/questions/ HTTP/1.1" 200 3620
INFO 2026-04-03 18:53:36 django.server log_message:249 - "GET /api/auth/me/ HTTP/1.1" 200 197
INFO 2026-04-03 18:53:36 django.server log_message:249 - "OPTIONS /api/questions/4/ HTTP/1.1" 200 0
INFO 2026-04-03 18:53:36 django.server log_message:249 - "OPTIONS /api/questions/4/ HTTP/1.1" 200 0
INFO 2026-04-03 18:53:37 django.server log_message:249 - "GET /api/auth/me/ HTTP/1.1" 200 197
INFO 2026-04-03 18:53:37 django.server log_message:249 - "GET /api/questions/4/ HTTP/1.1" 200 307
INFO 2026-04-03 18:53:38 django.server log_message:249 - "GET /api/questions/4/ HTTP/1.1" 200 307
INFO 2026-04-03 18:55:14 django.server log_message:249 - "GET /api/questions/ HTTP/1.1" 200 3620
INFO 2026-04-03 18:55:14 django.server log_message:249 - "GET /api/questions/ HTTP/1.1" 200 3620
INFO 2026-04-03 18:55:20 django.server log_message:249 - "OPTIONS /api/questions/?type=READING HTTP/1.1" 200 0
INFO 2026-04-03 18:55:21 django.server log_message:249 - "GET /api/questions/?type=READING HTTP/1.1" 200 710
INFO 2026-04-03 18:55:26 django.server log_message:249 - "GET /api/auth/me/ HTTP/1.1" 200 197
INFO 2026-04-03 18:55:26 django.server log_message:249 - "OPTIONS /api/questions/12/ HTTP/1.1" 200 0
INFO 2026-04-03 18:55:26 django.server log_message:249 - "OPTIONS /api/questions/12/ HTTP/1.1" 200 0
INFO 2026-04-03 18:55:27 django.server log_message:249 - "GET /api/auth/me/ HTTP/1.1" 200 197
INFO 2026-04-03 18:55:27 django.server log_message:249 - "GET /api/questions/12/ HTTP/1.1" 200 265
INFO 2026-04-03 18:55:28 django.server log_message:249 - "GET /api/questions/12/ HTTP/1.1" 200 265
INFO 2026-04-03 18:55:37 django.server log_message:249 - "GET /api/questions/ HTTP/1.1" 200 3620
INFO 2026-04-03 18:55:38 django.server log_message:249 - "GET /api/questions/ HTTP/1.1" 200 3620
INFO 2026-04-03 18:55:43 django.server log_message:249 - "GET /api/auth/me/ HTTP/1.1" 200 197
INFO 2026-04-03 18:55:44 django.server log_message:249 - "GET /api/auth/me/ HTTP/1.1" 200 197
INFO 2026-04-03 18:55:44 django.server log_message:249 - "GET /api/questions/2/ HTTP/1.1" 200 257
INFO 2026-04-03 18:55:45 django.server log_message:249 - "GET /api/questions/2/ HTTP/1.1" 200 257
INFO 2026-04-03 18:55:57 django.server log_message:249 - "GET /api/questions/ HTTP/1.1" 200 3620
INFO 2026-04-03 18:55:57 django.server log_message:249 - "GET /api/questions/ HTTP/1.1" 200 3620
INFO 2026-04-03 18:56:02 django.server log_message:249 - "GET /api/auth/me/ HTTP/1.1" 200 197
INFO 2026-04-03 18:56:03 django.server log_message:249 - "GET /api/auth/me/ HTTP/1.1" 200 197
INFO 2026-04-03 18:56:03 django.server log_message:249 - "GET /api/questions/2/ HTTP/1.1" 200 257
INFO 2026-04-03 18:56:04 django.server log_message:249 - "GET /api/questions/2/ HTTP/1.1" 200 257
INFO 2026-04-03 18:56:43 django.utils.autoreload run_with_reloader:681 - Watching for file changes with StatReloader
INFO 2026-04-03 18:56:48 django.server log_message:249 - "GET /api/questions/ HTTP/1.1" 200 3620
INFO 2026-04-03 18:56:58 django.utils.autoreload run_with_reloader:681 - Watching for file changes with StatReloader
INFO 2026-04-03 18:57:07 django.server log_message:249 - "GET /api/auth/me/ HTTP/1.1" 200 197
INFO 2026-04-03 18:57:08 django.server log_message:249 - "GET /api/auth/me/ HTTP/1.1" 200 197
INFO 2026-04-03 18:57:08 django.server log_message:249 - "GET /api/questions/2/ HTTP/1.1" 200 257
INFO 2026-04-03 18:57:09 django.server log_message:249 - "GET /api/questions/2/ HTTP/1.1" 200 257
INFO 2026-04-03 19:05:04 django.server log_message:249 - "GET /api/questions/ HTTP/1.1" 200 3620
INFO 2026-04-03 19:05:05 django.server log_message:249 - "GET /api/questions/ HTTP/1.1" 200 3620
INFO 2026-04-03 19:05:08 django.server log_message:249 - "GET /api/auth/me/ HTTP/1.1" 200 197
INFO 2026-04-03 19:05:09 django.server log_message:249 - "GET /api/auth/me/ HTTP/1.1" 200 197
INFO 2026-04-03 19:05:09 django.server log_message:249 - "GET /api/questions/2/ HTTP/1.1" 200 257
INFO 2026-04-03 19:05:10 django.server log_message:249 - "GET /api/questions/2/ HTTP/1.1" 200 257
INFO 2026-04-03 19:05:24 django.server log_message:249 - "GET /api/questions/ HTTP/1.1" 200 3620
INFO 2026-04-03 19:05:25 django.server log_message:249 - "GET /api/questions/ HTTP/1.1" 200 3620
INFO 2026-04-03 19:05:26 django.server log_message:249 - "GET /api/auth/me/ HTTP/1.1" 200 197
INFO 2026-04-03 19:05:27 django.server log_message:249 - "GET /api/auth/me/ HTTP/1.1" 200 197
INFO 2026-04-03 19:05:27 django.server log_message:249 - "GET /api/questions/2/ HTTP/1.1" 200 257
INFO 2026-04-03 19:05:28 django.server log_message:249 - "GET /api/questions/2/ HTTP/1.1" 200 257
WARNING 2026-04-03 19:15:14 django.server log_message:249 - "GET /api/auth/me/ HTTP/1.1" 401 172
WARNING 2026-04-03 19:15:14 django.server log_message:249 - "GET /api/auth/me/ HTTP/1.1" 401 172
WARNING 2026-04-03 19:15:14 django.server log_message:249 - "GET /api/auth/me/ HTTP/1.1" 401 172
WARNING 2026-04-03 19:15:14 django.server log_message:249 - "GET /api/auth/me/ HTTP/1.1" 401 172
WARNING 2026-04-03 19:15:14 django.server log_message:249 - "GET /api/auth/me/ HTTP/1.1" 401 172
WARNING 2026-04-03 19:15:14 django.server log_message:249 - "GET /api/auth/me/ HTTP/1.1" 401 172
WARNING 2026-04-03 19:15:14 django.server log_message:249 - "GET /api/auth/me/ HTTP/1.1" 401 172
WARNING 2026-04-03 19:15:14 django.server log_message:249 - "GET /api/auth/me/ HTTP/1.1" 401 172
WARNING 2026-04-03 19:15:14 django.server log_message:249 - "GET /api/auth/me/ HTTP/1.1" 401 172
WARNING 2026-04-03 19:15:14 django.server log_message:249 - "GET /api/auth/me/ HTTP/1.1" 401 172
INFO 2026-04-03 20:18:01 django.server log_message:249 - "OPTIONS /api/auth/login/ HTTP/1.1" 200 0
INFO 2026-04-03 20:18:05 django.server log_message:249 - "POST /api/auth/login/ HTTP/1.1" 200 503
INFO 2026-04-03 20:18:05 django.server log_message:249 - "OPTIONS /api/auth/me/ HTTP/1.1" 200 0
INFO 2026-04-03 20:18:06 django.server log_message:249 - "GET /api/auth/me/ HTTP/1.1" 200 197
INFO 2026-04-03 20:18:08 django.server log_message:249 - "OPTIONS /api/questions/ HTTP/1.1" 200 0
INFO 2026-04-03 20:18:08 django.server log_message:249 - "OPTIONS /api/questions/ HTTP/1.1" 200 0
INFO 2026-04-03 20:18:09 django.server log_message:249 - "GET /api/questions/ HTTP/1.1" 200 3620
INFO 2026-04-03 20:18:11 django.server log_message:249 - "GET /api/questions/ HTTP/1.1" 200 3620
INFO 2026-04-03 20:18:32 django.server log_message:249 - "DELETE /api/questions/2/ HTTP/1.1" 204 0
INFO 2026-04-03 20:18:36 django.server log_message:249 - "OPTIONS /api/questions/1/ HTTP/1.1" 200 0
INFO 2026-04-03 20:18:38 django.server log_message:249 - "DELETE /api/questions/1/ HTTP/1.1" 204 0
INFO 2026-04-03 20:18:44 django.server log_message:249 - "DELETE /api/questions/4/ HTTP/1.1" 204 0
INFO 2026-04-03 20:18:46 django.server log_message:249 - "OPTIONS /api/questions/3/ HTTP/1.1" 200 0
INFO 2026-04-03 20:18:48 django.server log_message:249 - "DELETE /api/questions/3/ HTTP/1.1" 204 0
INFO 2026-04-03 20:18:51 django.server log_message:249 - "OPTIONS /api/questions/5/ HTTP/1.1" 200 0
INFO 2026-04-03 20:18:52 django.server log_message:249 - "DELETE /api/questions/5/ HTTP/1.1" 204 0
INFO 2026-04-03 20:18:58 django.server log_message:249 - "GET /api/auth/me/ HTTP/1.1" 200 197
INFO 2026-04-03 20:18:58 django.server log_message:249 - "OPTIONS /api/questions/14/ HTTP/1.1" 200 0
INFO 2026-04-03 20:18:58 django.server log_message:249 - "OPTIONS /api/questions/14/ HTTP/1.1" 200 0
INFO 2026-04-03 20:18:59 django.server log_message:249 - "GET /api/auth/me/ HTTP/1.1" 200 197
INFO 2026-04-03 20:18:59 django.server log_message:249 - "GET /api/questions/14/ HTTP/1.1" 200 382
INFO 2026-04-03 20:19:00 django.server log_message:249 - "GET /api/questions/14/ HTTP/1.1" 200 382
WARNING 2026-04-03 20:43:40 django.server log_message:249 - "GET /api/questions/ HTTP/1.1" 401 172
WARNING 2026-04-03 20:44:15 django.server log_message:249 - "GET /api/questions/ HTTP/1.1" 401 172
WARNING 2026-04-03 20:44:15 django.server log_message:249 - "GET /api/questions/ HTTP/1.1" 401 172
INFO 2026-04-03 20:44:30 django.server log_message:249 - "OPTIONS /api/auth/logout/ HTTP/1.1" 200 0
WARNING 2026-04-03 20:44:30 django.server log_message:249 - "POST /api/auth/logout/ HTTP/1.1" 401 172
INFO 2026-04-03 20:44:57 django.server log_message:249 - "POST /api/auth/login/ HTTP/1.1" 200 503
INFO 2026-04-03 20:44:58 django.server log_message:249 - "GET /api/auth/me/ HTTP/1.1" 200 197
INFO 2026-04-03 20:45:01 django.server log_message:249 - "GET /api/questions/ HTTP/1.1" 200 2441
INFO 2026-04-03 20:45:02 django.server log_message:249 - "GET /api/questions/ HTTP/1.1" 200 2441
INFO 2026-04-03 20:45:06 django.server log_message:249 - "GET /api/auth/me/ HTTP/1.1" 200 197
INFO 2026-04-03 20:45:06 django.server log_message:249 - "GET /api/auth/me/ HTTP/1.1" 200 197
INFO 2026-04-03 20:45:06 django.server log_message:249 - "GET /api/questions/14/ HTTP/1.1" 200 382
INFO 2026-04-03 20:45:07 django.server log_message:249 - "GET /api/questions/14/ HTTP/1.1" 200 382
INFO 2026-04-03 20:45:23 django.server log_message:249 - "GET /api/questions/ HTTP/1.1" 200 2441
INFO 2026-04-03 20:45:24 django.server log_message:249 - "GET /api/questions/ HTTP/1.1" 200 2441
INFO 2026-04-03 20:47:37 django.server log_message:249 - "GET /api/questions/ HTTP/1.1" 200 2441
INFO 2026-04-03 20:47:38 django.server log_message:249 - "GET /api/questions/ HTTP/1.1" 200 2441
INFO 2026-04-03 20:47:39 django.server log_message:249 - "GET /api/auth/me/ HTTP/1.1" 200 197
INFO 2026-04-03 20:47:39 django.server log_message:249 - "OPTIONS /api/questions/15/ HTTP/1.1" 200 0
INFO 2026-04-03 20:47:39 django.server log_message:249 - "OPTIONS /api/questions/15/ HTTP/1.1" 200 0
INFO 2026-04-03 20:47:40 django.server log_message:249 - "GET /api/auth/me/ HTTP/1.1" 200 197
INFO 2026-04-03 20:47:40 django.server log_message:249 - "GET /api/questions/15/ HTTP/1.1" 200 382
INFO 2026-04-03 20:47:41 django.server log_message:249 - "GET /api/questions/15/ HTTP/1.1" 200 382
INFO 2026-04-03 20:47:53 django.server log_message:249 - "GET /api/questions/ HTTP/1.1" 200 2441
INFO 2026-04-03 20:47:54 django.server log_message:249 - "GET /api/questions/ HTTP/1.1" 200 2441
INFO 2026-04-03 20:48:51 django.server log_message:249 - "GET /api/auth/me/ HTTP/1.1" 200 197
INFO 2026-04-03 20:48:52 django.server log_message:249 - "GET /api/auth/me/ HTTP/1.1" 200 197
INFO 2026-04-03 20:48:52 django.server log_message:249 - "GET /api/questions/14/ HTTP/1.1" 200 382
INFO 2026-04-03 20:48:53 django.server log_message:249 - "GET /api/questions/14/ HTTP/1.1" 200 382
INFO 2026-04-03 20:49:15 django.server log_message:249 - "GET /api/questions/ HTTP/1.1" 200 2441
INFO 2026-04-03 20:49:16 django.server log_message:249 - "GET /api/questions/ HTTP/1.1" 200 2441
INFO 2026-04-03 20:49:27 django.server log_message:249 - "OPTIONS /api/questions/7/ HTTP/1.1" 200 0
INFO 2026-04-03 20:49:29 django.server log_message:249 - "DELETE /api/questions/7/ HTTP/1.1" 204 0
INFO 2026-04-03 20:49:31 django.server log_message:249 - "OPTIONS /api/questions/6/ HTTP/1.1" 200 0
INFO 2026-04-03 20:49:33 django.server log_message:249 - "DELETE /api/questions/6/ HTTP/1.1" 204 0
INFO 2026-04-03 20:49:59 django.server log_message:249 - "GET /api/auth/me/ HTTP/1.1" 200 197
INFO 2026-04-03 20:50:00 django.server log_message:249 - "GET /api/auth/me/ HTTP/1.1" 200 197
INFO 2026-04-03 20:50:00 django.server log_message:249 - "GET /api/questions/14/ HTTP/1.1" 200 382
INFO 2026-04-03 20:50:01 django.server log_message:249 - "GET /api/questions/14/ HTTP/1.1" 200 382
INFO 2026-04-03 20:50:09 django.server log_message:249 - "GET /api/questions/ HTTP/1.1" 200 1962
INFO 2026-04-03 20:50:10 django.server log_message:249 - "GET /api/questions/ HTTP/1.1" 200 1962
INFO 2026-04-03 20:54:12 django.server log_message:249 - "POST /api/questions/ HTTP/1.1" 201 735
INFO 2026-04-03 20:54:19 django.server log_message:249 - "GET /api/auth/me/ HTTP/1.1" 200 197
INFO 2026-04-03 20:54:19 django.server log_message:249 - "OPTIONS /api/questions/16/ HTTP/1.1" 200 0
INFO 2026-04-03 20:54:19 django.server log_message:249 - "OPTIONS /api/questions/16/ HTTP/1.1" 200 0
INFO 2026-04-03 20:54:20 django.server log_message:249 - "GET /api/auth/me/ HTTP/1.1" 200 197
INFO 2026-04-03 20:54:20 django.server log_message:249 - "GET /api/questions/16/ HTTP/1.1" 200 735
INFO 2026-04-03 20:54:21 django.server log_message:249 - "GET /api/questions/16/ HTTP/1.1" 200 735
INFO 2026-04-03 20:54:47 django.server log_message:249 - "GET /api/questions/ HTTP/1.1" 200 2430
INFO 2026-04-03 20:54:48 django.server log_message:249 - "GET /api/questions/ HTTP/1.1" 200 2430
INFO 2026-04-03 20:55:03 django.server log_message:249 - "DELETE /api/questions/16/ HTTP/1.1" 204 0
WARNING 2026-04-03 21:21:05 django.server log_message:249 - "POST /api/questions/ HTTP/1.1" 401 172
WARNING 2026-04-03 21:21:34 django.server log_message:249 - "POST /api/questions/ HTTP/1.1" 401 172
WARNING 2026-04-03 21:21:40 django.server log_message:249 - "POST /api/auth/logout/ HTTP/1.1" 401 172
INFO 2026-04-03 21:22:07 django.server log_message:249 - "POST /api/auth/login/ HTTP/1.1" 200 503
INFO 2026-04-03 21:22:07 django.server log_message:249 - "GET /api/auth/me/ HTTP/1.1" 200 197
INFO 2026-04-03 21:22:10 django.server log_message:249 - "GET /api/questions/ HTTP/1.1" 200 1962
INFO 2026-04-03 21:22:11 django.server log_message:249 - "GET /api/questions/ HTTP/1.1" 200 1962
WARNING 2026-04-03 21:24:37 django.server log_message:249 - "POST /api/questions/ HTTP/1.1" 400 90
WARNING 2026-04-03 21:24:50 django.server log_message:249 - "GET /api/questions/ HTTP/1.1" 401 9964
INFO 2026-04-03 21:24:50 django.server log_message:249 - "GET /static/rest_framework/css/bootstrap.min.css HTTP/1.1" 304 0
INFO 2026-04-03 21:24:50 django.server log_message:249 - "GET /static/rest_framework/css/bootstrap-tweaks.css HTTP/1.1" 304 0
INFO 2026-04-03 21:24:50 django.server log_message:249 - "GET /static/rest_framework/css/prettify.css HTTP/1.1" 304 0
INFO 2026-04-03 21:24:50 django.server log_message:249 - "GET /static/rest_framework/css/default.css HTTP/1.1" 304 0
INFO 2026-04-03 21:24:50 django.server log_message:249 - "GET /static/rest_framework/js/jquery-3.7.1.min.js HTTP/1.1" 304 0
INFO 2026-04-03 21:24:50 django.server log_message:249 - "GET /static/rest_framework/js/ajax-form.js HTTP/1.1" 304 0
INFO 2026-04-03 21:24:50 django.server log_message:249 - "GET /static/rest_framework/js/csrf.js HTTP/1.1" 304 0
INFO 2026-04-03 21:24:50 django.server log_message:249 - "GET /static/rest_framework/js/bootstrap.min.js HTTP/1.1" 304 0
INFO 2026-04-03 21:24:50 django.server log_message:249 - "GET /static/rest_framework/js/prettify-min.js HTTP/1.1" 304 0
INFO 2026-04-03 21:24:50 django.server log_message:249 - "GET /static/rest_framework/js/default.js HTTP/1.1" 304 0
INFO 2026-04-03 21:24:50 django.server log_message:249 - "GET /static/rest_framework/js/load-ajax-form.js HTTP/1.1" 304 0
INFO 2026-04-03 21:24:50 django.server log_message:249 - "GET /static/rest_framework/img/grid.png HTTP/1.1" 304 0
WARNING 2026-04-03 21:24:56 django.server log_message:249 - "POST /api/questions/ HTTP/1.1" 400 90
INFO 2026-04-03 21:27:29 django.utils.autoreload trigger_reload:265 - C:\Users\gusta\Desktop\djangoProjects\integradora-8B-RAMA-DEV-SpeakBranchAI\backend\questions\serializers\reading_serializer.py changed, reloading.
INFO 2026-04-03 21:27:31 django.utils.autoreload run_with_reloader:681 - Watching for file changes with StatReloader
INFO 2026-04-03 21:27:49 django.server log_message:249 - "POST /api/questions/ HTTP/1.1" 201 1179
INFO 2026-04-03 21:28:07 django.server log_message:249 - "GET /api/auth/me/ HTTP/1.1" 200 197
INFO 2026-04-03 21:28:07 django.server log_message:249 - "OPTIONS /api/questions/17/ HTTP/1.1" 200 0
INFO 2026-04-03 21:28:07 django.server log_message:249 - "OPTIONS /api/questions/17/ HTTP/1.1" 200 0
INFO 2026-04-03 21:28:07 django.server log_message:249 - "GET /api/auth/me/ HTTP/1.1" 200 197
INFO 2026-04-03 21:28:08 django.server log_message:249 - "GET /api/questions/17/ HTTP/1.1" 200 1179
INFO 2026-04-03 21:28:08 django.server log_message:249 - "GET /api/questions/17/ HTTP/1.1" 200 1179
INFO 2026-04-03 21:29:19 django.server log_message:249 - "GET /api/questions/ HTTP/1.1" 200 2495
INFO 2026-04-03 21:29:19 django.server log_message:249 - "GET /api/questions/ HTTP/1.1" 200 2495
INFO 2026-04-03 21:29:31 django.server log_message:249 - "GET /api/auth/me/ HTTP/1.1" 200 197
INFO 2026-04-03 21:29:32 django.server log_message:249 - "GET /api/auth/me/ HTTP/1.1" 200 197
INFO 2026-04-03 21:29:32 django.server log_message:249 - "GET /api/questions/17/ HTTP/1.1" 200 1179
INFO 2026-04-03 21:29:33 django.server log_message:249 - "GET /api/questions/17/ HTTP/1.1" 200 1179
INFO 2026-04-03 21:29:43 django.server log_message:249 - "GET /api/questions/ HTTP/1.1" 200 2495
INFO 2026-04-03 21:29:43 django.server log_message:249 - "GET /api/questions/ HTTP/1.1" 200 2495
INFO 2026-04-03 21:31:44 django.server log_message:249 - "POST /api/questions/ HTTP/1.1" 201 385
INFO 2026-04-03 21:31:49 django.server log_message:249 - "GET /api/auth/me/ HTTP/1.1" 200 197
INFO 2026-04-03 21:31:49 django.server log_message:249 - "OPTIONS /api/questions/18/ HTTP/1.1" 200 0
INFO 2026-04-03 21:31:49 django.server log_message:249 - "OPTIONS /api/questions/18/ HTTP/1.1" 200 0
INFO 2026-04-03 21:31:50 django.server log_message:249 - "GET /api/auth/me/ HTTP/1.1" 200 197
INFO 2026-04-03 21:31:50 django.server log_message:249 - "GET /api/questions/18/ HTTP/1.1" 200 385
INFO 2026-04-03 21:31:51 django.server log_message:249 - "GET /api/questions/18/ HTTP/1.1" 200 385
INFO 2026-04-03 21:33:38 django.server log_message:249 - "GET /api/questions/ HTTP/1.1" 200 2722
INFO 2026-04-03 21:33:38 django.server log_message:249 - "GET /api/questions/ HTTP/1.1" 200 2722
INFO 2026-04-03 21:33:55 django.server log_message:249 - "GET /api/auth/me/ HTTP/1.1" 200 197
INFO 2026-04-03 21:33:55 django.server log_message:249 - "GET /api/auth/me/ HTTP/1.1" 200 197
INFO 2026-04-03 21:33:55 django.server log_message:249 - "GET /api/questions/15/ HTTP/1.1" 200 382
INFO 2026-04-03 21:33:56 django.server log_message:249 - "GET /api/questions/15/ HTTP/1.1" 200 382
INFO 2026-04-03 21:34:19 django.server log_message:249 - "GET /api/questions/ HTTP/1.1" 200 2722
INFO 2026-04-03 21:34:20 django.server log_message:249 - "GET /api/questions/ HTTP/1.1" 200 2722
INFO 2026-04-03 21:35:46 django.server log_message:249 - "GET /api/questions/ HTTP/1.1" 200 2722
INFO 2026-04-03 21:35:47 django.server log_message:249 - "GET /api/questions/ HTTP/1.1" 200 2722
INFO 2026-04-03 21:35:51 django.server log_message:249 - "DELETE /api/questions/18/ HTTP/1.1" 204 0
INFO 2026-04-03 21:36:39 django.server log_message:249 - "POST /api/questions/ HTTP/1.1" 201 367
INFO 2026-04-03 21:36:46 django.server log_message:249 - "GET /api/auth/me/ HTTP/1.1" 200 197
INFO 2026-04-03 21:36:46 django.server log_message:249 - "OPTIONS /api/questions/19/ HTTP/1.1" 200 0
INFO 2026-04-03 21:36:46 django.server log_message:249 - "OPTIONS /api/questions/19/ HTTP/1.1" 200 0
INFO 2026-04-03 21:36:46 django.server log_message:249 - "GET /api/auth/me/ HTTP/1.1" 200 197
INFO 2026-04-03 21:36:47 django.server log_message:249 - "GET /api/questions/19/ HTTP/1.1" 200 367
INFO 2026-04-03 21:36:47 django.server log_message:249 - "GET /api/questions/19/ HTTP/1.1" 200 367
WARNING 2026-04-03 21:37:24 django.server log_message:249 - "GET /api/questions/ HTTP/1.1" 401 172
WARNING 2026-04-03 21:37:24 django.server log_message:249 - "GET /api/questions/ HTTP/1.1" 401 172
INFO 2026-04-03 21:39:24 django.server log_message:249 - "GET /api/docs/ HTTP/1.1" 200 4694
INFO 2026-04-03 21:39:25 django.server log_message:249 - "GET /api/schema/ HTTP/1.1" 200 48428
WARNING 2026-04-03 21:41:56 django.server log_message:249 - "POST /api/auth/logout/ HTTP/1.1" 401 172
INFO 2026-04-03 21:42:12 django.server log_message:249 - "POST /api/auth/login/ HTTP/1.1" 200 503
INFO 2026-04-03 21:42:13 django.server log_message:249 - "GET /api/auth/me/ HTTP/1.1" 200 197
INFO 2026-04-03 21:42:53 django.server log_message:249 - "GET /api/questions/ HTTP/1.1" 200 2755
INFO 2026-04-03 21:42:54 django.server log_message:249 - "GET /api/questions/ HTTP/1.1" 200 2755
INFO 2026-04-03 21:50:16 django.utils.autoreload trigger_reload:265 - C:\Users\gusta\Desktop\djangoProjects\integradora-8B-RAMA-DEV-SpeakBranchAI\backend\questions\serializers\listening_comprehension_serializer.py changed, reloading.
INFO 2026-04-03 21:50:17 django.utils.autoreload run_with_reloader:681 - Watching for file changes with StatReloader
INFO 2026-04-03 22:00:12 django.utils.autoreload run_with_reloader:681 - Watching for file changes with StatReloader
WARNING 2026-04-03 22:02:16 django.server log_message:249 - "POST /api/questions/ HTTP/1.1" 401 172
WARNING 2026-04-03 22:02:34 django.server log_message:249 - "POST /api/auth/logout/ HTTP/1.1" 401 172
INFO 2026-04-03 22:03:10 django.server log_message:249 - "POST /api/auth/login/ HTTP/1.1" 200 503
INFO 2026-04-03 22:03:10 django.server log_message:249 - "GET /api/auth/me/ HTTP/1.1" 200 197
INFO 2026-04-03 22:03:13 django.server log_message:249 - "GET /api/questions/ HTTP/1.1" 200 2755
INFO 2026-04-03 22:03:14 django.server log_message:249 - "GET /api/questions/ HTTP/1.1" 200 2755
INFO 2026-04-03 22:05:29 django.server log_message:249 - "POST /api/questions/ HTTP/1.1" 201 667
INFO 2026-04-03 22:05:33 django.server log_message:249 - "GET /api/auth/me/ HTTP/1.1" 200 197
INFO 2026-04-03 22:05:33 django.server log_message:249 - "OPTIONS /api/questions/20/ HTTP/1.1" 200 0
INFO 2026-04-03 22:05:33 django.server log_message:249 - "OPTIONS /api/questions/20/ HTTP/1.1" 200 0
INFO 2026-04-03 22:05:34 django.server log_message:249 - "GET /api/auth/me/ HTTP/1.1" 200 197
INFO 2026-04-03 22:05:34 django.server log_message:249 - "GET /api/questions/20/ HTTP/1.1" 200 667
INFO 2026-04-03 22:05:35 django.server log_message:249 - "GET /api/questions/20/ HTTP/1.1" 200 667
INFO 2026-04-03 22:05:59 django.server log_message:249 - "GET /api/questions/ HTTP/1.1" 200 3008
INFO 2026-04-03 22:06:00 django.server log_message:249 - "GET /api/questions/ HTTP/1.1" 200 3008
ERROR 2026-04-03 22:08:40 django.server log_message:249 - "POST /api/questions/ HTTP/1.1" 500 274142
INFO 2026-04-03 22:09:17 django.utils.autoreload run_with_reloader:681 - Watching for file changes with StatReloader
ERROR 2026-04-03 22:09:24 django.server log_message:249 - "POST /api/questions/ HTTP/1.1" 500 274142
INFO 2026-04-03 22:10:15 django.utils.autoreload trigger_reload:265 - C:\Users\gusta\Desktop\djangoProjects\integradora-8B-RAMA-DEV-SpeakBranchAI\backend\questions\serializers\writing_serializer.py changed, reloading.
INFO 2026-04-03 22:10:17 django.utils.autoreload run_with_reloader:681 - Watching for file changes with StatReloader
INFO 2026-04-03 22:10:34 django.server log_message:249 - "POST /api/questions/ HTTP/1.1" 201 1012
INFO 2026-04-03 22:10:42 django.server log_message:249 - "GET /api/auth/me/ HTTP/1.1" 200 197
INFO 2026-04-03 22:10:42 django.server log_message:249 - "OPTIONS /api/questions/23/ HTTP/1.1" 200 0
INFO 2026-04-03 22:10:42 django.server log_message:249 - "OPTIONS /api/questions/23/ HTTP/1.1" 200 0
INFO 2026-04-03 22:10:43 django.server log_message:249 - "GET /api/auth/me/ HTTP/1.1" 200 197
INFO 2026-04-03 22:10:43 django.server log_message:249 - "GET /api/questions/23/ HTTP/1.1" 200 1012
INFO 2026-04-03 22:10:44 django.server log_message:249 - "GET /api/questions/23/ HTTP/1.1" 200 1012
INFO 2026-04-03 22:11:05 django.server log_message:249 - "GET /api/questions/ HTTP/1.1" 200 3415
INFO 2026-04-03 22:11:06 django.server log_message:249 - "GET /api/questions/ HTTP/1.1" 200 3415
INFO 2026-04-03 22:11:15 django.server log_message:249 - "GET /api/auth/me/ HTTP/1.1" 200 197
INFO 2026-04-03 22:11:15 django.server log_message:249 - "GET /api/auth/me/ HTTP/1.1" 200 197
INFO 2026-04-03 22:11:15 django.server log_message:249 - "GET /api/questions/23/ HTTP/1.1" 200 1012
INFO 2026-04-03 22:11:16 django.server log_message:249 - "GET /api/questions/23/ HTTP/1.1" 200 1012
INFO 2026-04-03 22:17:38 django.server log_message:249 - "GET /api/questions/ HTTP/1.1" 200 3415
INFO 2026-04-03 22:17:39 django.server log_message:249 - "GET /api/questions/ HTTP/1.1" 200 3415
INFO 2026-04-03 22:19:55 django.utils.autoreload trigger_reload:265 - C:\Users\gusta\Desktop\djangoProjects\integradora-8B-RAMA-DEV-SpeakBranchAI\backend\backend\settings.py changed, reloading.
INFO 2026-04-03 22:19:57 django.utils.autoreload run_with_reloader:681 - Watching for file changes with StatReloader
INFO 2026-04-03 22:27:59 django.utils.autoreload run_with_reloader:681 - Watching for file changes with StatReloader
INFO 2026-04-03 22:28:18 django.server log_message:249 - "OPTIONS /api/auth/me/ HTTP/1.1" 200 0
INFO 2026-04-03 22:28:18 django.server log_message:249 - "OPTIONS /api/auth/me/ HTTP/1.1" 200 0
WARNING 2026-04-03 22:28:18 django.server log_message:249 - "GET /api/auth/me/ HTTP/1.1" 401 172
WARNING 2026-04-03 22:28:18 django.server log_message:249 - "GET /api/auth/me/ HTTP/1.1" 401 172
INFO 2026-04-03 22:28:27 django.server log_message:249 - "OPTIONS /api/auth/login/ HTTP/1.1" 200 0
INFO 2026-04-03 22:28:31 django.server log_message:249 - "POST /api/auth/login/ HTTP/1.1" 200 503
INFO 2026-04-03 22:28:32 django.server log_message:249 - "GET /api/auth/me/ HTTP/1.1" 200 197
INFO 2026-04-03 22:28:34 django.server log_message:249 - "OPTIONS /api/questions/ HTTP/1.1" 200 0
INFO 2026-04-03 22:28:34 django.server log_message:249 - "OPTIONS /api/questions/ HTTP/1.1" 200 0
INFO 2026-04-03 22:28:35 django.server log_message:249 - "GET /api/questions/ HTTP/1.1" 200 3415
INFO 2026-04-03 22:28:35 django.server log_message:249 - "GET /api/questions/ HTTP/1.1" 200 3415
INFO 2026-04-03 22:29:20 django.server log_message:249 - "POST /api/questions/ HTTP/1.1" 201 1014
INFO 2026-04-03 22:29:28 django.server log_message:249 - "GET /api/auth/me/ HTTP/1.1" 200 197
INFO 2026-04-03 22:29:28 django.server log_message:249 - "OPTIONS /api/questions/24/ HTTP/1.1" 200 0
INFO 2026-04-03 22:29:28 django.server log_message:249 - "OPTIONS /api/questions/24/ HTTP/1.1" 200 0
INFO 2026-04-03 22:29:29 django.server log_message:249 - "GET /api/auth/me/ HTTP/1.1" 200 197
INFO 2026-04-03 22:29:29 django.server log_message:249 - "GET /api/questions/24/ HTTP/1.1" 200 1014
INFO 2026-04-03 22:29:30 django.server log_message:249 - "GET /api/questions/24/ HTTP/1.1" 200 1014
INFO 2026-04-03 22:29:41 django.server log_message:249 - "GET /api/auth/me/ HTTP/1.1" 200 197
INFO 2026-04-03 22:29:41 django.server log_message:249 - "GET /api/auth/me/ HTTP/1.1" 200 197
INFO 2026-04-03 22:29:41 django.server log_message:249 - "GET /api/questions/24/ HTTP/1.1" 200 1014
INFO 2026-04-03 22:29:42 django.server log_message:249 - "GET /api/questions/24/ HTTP/1.1" 200 1014
INFO 2026-04-03 22:29:58 django.server log_message:249 - "GET /api/auth/me/ HTTP/1.1" 200 197
INFO 2026-04-03 22:29:59 django.server log_message:249 - "GET /api/auth/me/ HTTP/1.1" 200 197
INFO 2026-04-03 22:29:59 django.server log_message:249 - "GET /api/questions/24/ HTTP/1.1" 200 1014
INFO 2026-04-03 22:30:00 django.server log_message:249 - "GET /api/questions/24/ HTTP/1.1" 200 1014
INFO 2026-04-03 22:30:36 django.server log_message:249 - "GET /api/auth/me/ HTTP/1.1" 200 197
INFO 2026-04-03 22:30:37 django.server log_message:249 - "GET /api/auth/me/ HTTP/1.1" 200 197
INFO 2026-04-03 22:30:37 django.server log_message:249 - "GET /api/questions/24/ HTTP/1.1" 200 1014
INFO 2026-04-03 22:30:38 django.server log_message:249 - "GET /api/questions/24/ HTTP/1.1" 200 1014
INFO 2026-04-03 22:31:35 django.server log_message:249 - "GET /api/auth/me/ HTTP/1.1" 200 197
INFO 2026-04-03 22:31:35 django.server log_message:249 - "GET /api/auth/me/ HTTP/1.1" 200 197
INFO 2026-04-03 22:31:35 django.server log_message:249 - "GET /api/questions/24/ HTTP/1.1" 200 1014
INFO 2026-04-03 22:31:36 django.server log_message:249 - "GET /api/questions/24/ HTTP/1.1" 200 1014
INFO 2026-04-03 22:34:04 django.server log_message:249 - "OPTIONS /api/writing/evaluate/ HTTP/1.1" 200 0
ERROR 2026-04-03 22:34:09 django.server log_message:249 - "POST /api/writing/evaluate/ HTTP/1.1" 503 80
INFO 2026-04-03 22:52:26 django.utils.autoreload run_with_reloader:681 - Watching for file changes with StatReloader
WARNING 2026-04-03 22:52:35 django.server log_message:249 - "POST /api/writing/evaluate/ HTTP/1.1" 401 172
WARNING 2026-04-03 22:52:41 django.server log_message:249 - "GET /api/questions/ HTTP/1.1" 401 172
WARNING 2026-04-03 22:52:41 django.server log_message:249 - "GET /api/questions/ HTTP/1.1" 401 172
INFO 2026-04-03 22:52:43 django.server log_message:249 - "OPTIONS /api/auth/logout/ HTTP/1.1" 200 0
WARNING 2026-04-03 22:52:43 django.server log_message:249 - "POST /api/auth/logout/ HTTP/1.1" 401 172
INFO 2026-04-03 22:52:58 django.server log_message:249 - "POST /api/auth/login/ HTTP/1.1" 200 503
INFO 2026-04-03 22:52:59 django.server log_message:249 - "GET /api/auth/me/ HTTP/1.1" 200 197
INFO 2026-04-03 22:53:02 django.server log_message:249 - "GET /api/questions/ HTTP/1.1" 200 3824
INFO 2026-04-03 22:53:03 django.server log_message:249 - "GET /api/questions/ HTTP/1.1" 200 3824
INFO 2026-04-03 22:53:08 django.server log_message:249 - "GET /api/auth/me/ HTTP/1.1" 200 197
INFO 2026-04-03 22:53:09 django.server log_message:249 - "GET /api/auth/me/ HTTP/1.1" 200 197
INFO 2026-04-03 22:53:09 django.server log_message:249 - "GET /api/questions/23/ HTTP/1.1" 200 1012
INFO 2026-04-03 22:53:10 django.server log_message:249 - "GET /api/questions/23/ HTTP/1.1" 200 1012
INFO 2026-04-03 22:53:47 django.server log_message:249 - "POST /api/writing/evaluate/ HTTP/1.1" 200 377
INFO 2026-04-03 22:54:15 django.server log_message:249 - "GET /api/questions/ HTTP/1.1" 200 3824
INFO 2026-04-03 22:54:15 django.server log_message:249 - "GET /api/questions/ HTTP/1.1" 200 3824
INFO 2026-04-03 22:54:40 django.server log_message:249 - "PATCH /api/questions/24/ HTTP/1.1" 200 1012
INFO 2026-04-03 22:54:44 django.server log_message:249 - "GET /api/auth/me/ HTTP/1.1" 200 197
INFO 2026-04-03 22:54:44 django.server log_message:249 - "GET /api/auth/me/ HTTP/1.1" 200 197
INFO 2026-04-03 22:54:44 django.server log_message:249 - "GET /api/questions/24/ HTTP/1.1" 200 1012
INFO 2026-04-03 22:54:45 django.server log_message:249 - "GET /api/questions/24/ HTTP/1.1" 200 1012
INFO 2026-04-03 22:54:54 django.server log_message:249 - "POST /api/writing/evaluate/ HTTP/1.1" 200 409
INFO 2026-04-04 15:16:43 django.utils.autoreload run_with_reloader:681 - Watching for file changes with StatReloader
INFO 2026-04-04 15:17:20 django.server log_message:249 - "OPTIONS /api/auth/login/ HTTP/1.1" 200 0
INFO 2026-04-04 15:17:25 django.server log_message:249 - "POST /api/auth/login/ HTTP/1.1" 200 503
INFO 2026-04-04 15:17:25 django.server log_message:249 - "OPTIONS /api/auth/me/ HTTP/1.1" 200 0
INFO 2026-04-04 15:17:25 django.server log_message:249 - "GET /api/auth/me/ HTTP/1.1" 200 197
INFO 2026-04-04 15:17:30 django.server log_message:249 - "OPTIONS /api/questions/ HTTP/1.1" 200 0
INFO 2026-04-04 15:17:30 django.server log_message:249 - "OPTIONS /api/questions/ HTTP/1.1" 200 0
ERROR 2026-04-04 15:17:33 django.server log_message:249 - "GET /api/questions/ HTTP/1.1" 500 238331
ERROR 2026-04-04 15:17:35 django.server log_message:249 - "GET /api/questions/ HTTP/1.1" 500 238331
INFO 2026-04-04 15:18:04 django.server log_message:249 - "GET /api/auth/me/ HTTP/1.1" 200 197
INFO 2026-04-04 15:18:05 django.server log_message:249 - "GET /api/auth/me/ HTTP/1.1" 200 197
ERROR 2026-04-04 15:18:06 django.server log_message:249 - "GET /api/questions/ HTTP/1.1" 500 238331
ERROR 2026-04-04 15:18:08 django.server log_message:249 - "GET /api/questions/ HTTP/1.1" 500 238331
INFO 2026-04-04 15:19:52 django.server log_message:249 - "GET /api/auth/me/ HTTP/1.1" 200 197
INFO 2026-04-04 15:19:52 django.server log_message:249 - "GET /api/auth/me/ HTTP/1.1" 200 197
INFO 2026-04-04 15:19:54 django.server log_message:249 - "GET /api/questions/ HTTP/1.1" 200 5683
INFO 2026-04-04 15:19:57 django.server log_message:249 - "GET /api/questions/ HTTP/1.1" 200 5683
INFO 2026-04-04 15:22:04 django.server log_message:249 - "POST /api/questions/ HTTP/1.1" 201 503
INFO 2026-04-04 15:22:14 django.server log_message:249 - "OPTIONS /api/questions/25/vocabulary/ HTTP/1.1" 200 0
INFO 2026-04-04 15:22:14 django.server log_message:249 - "OPTIONS /api/questions/25/vocabulary/ HTTP/1.1" 200 0
INFO 2026-04-04 15:22:15 django.server log_message:249 - "GET /api/questions/25/vocabulary/ HTTP/1.1" 200 2
INFO 2026-04-04 15:22:16 django.server log_message:249 - "GET /api/questions/25/vocabulary/ HTTP/1.1" 200 2
INFO 2026-04-04 15:33:05 django.server log_message:249 - "OPTIONS /api/auth/logout/ HTTP/1.1" 200 0
WARNING 2026-04-04 15:33:05 django.server log_message:249 - "POST /api/auth/logout/ HTTP/1.1" 401 172
INFO 2026-04-04 15:33:29 django.server log_message:249 - "POST /api/auth/login/ HTTP/1.1" 200 503
INFO 2026-04-04 15:33:30 django.server log_message:249 - "GET /api/auth/me/ HTTP/1.1" 200 197
INFO 2026-04-04 15:34:27 django.server log_message:249 - "GET /api/questions/ HTTP/1.1" 200 5984
INFO 2026-04-04 15:34:29 django.server log_message:249 - "GET /api/questions/ HTTP/1.1" 200 5984
INFO 2026-04-04 15:40:42 django.utils.autoreload trigger_reload:265 - C:\Users\gusta\Desktop\djangoProjects\integradora-8B-RAMA-DEV-SpeakBranchAI\backend\vocabulary\views.py changed, reloading.
INFO 2026-04-04 15:40:44 django.utils.autoreload run_with_reloader:681 - Watching for file changes with StatReloader
INFO 2026-04-04 15:40:54 django.utils.autoreload trigger_reload:265 - C:\Users\gusta\Desktop\djangoProjects\integradora-8B-RAMA-DEV-SpeakBranchAI\backend\vocabulary\urls.py changed, reloading.
INFO 2026-04-04 15:40:55 django.utils.autoreload run_with_reloader:681 - Watching for file changes with StatReloader
INFO 2026-04-04 15:41:08 django.server log_message:249 - "GET /api/auth/me/ HTTP/1.1" 200 197
INFO 2026-04-04 15:41:09 django.server log_message:249 - "GET /api/auth/me/ HTTP/1.1" 200 197
INFO 2026-04-04 15:41:10 django.server log_message:249 - "OPTIONS /api/vocabulary/ HTTP/1.1" 200 0
WARNING 2026-04-04 15:41:10 django.server log_message:249 - "GET /api/vocabulary/ HTTP/1.1" 401 37
INFO 2026-04-04 15:41:47 django.server log_message:249 - "GET /api/questions/ HTTP/1.1" 200 5984
INFO 2026-04-04 15:41:50 django.server log_message:249 - "GET /api/questions/ HTTP/1.1" 200 5984
INFO 2026-04-04 15:41:50 django.server log_message:249 - "OPTIONS /api/questions/20/vocabulary/ HTTP/1.1" 200 0
INFO 2026-04-04 15:41:50 django.server log_message:249 - "OPTIONS /api/questions/20/vocabulary/ HTTP/1.1" 200 0
INFO 2026-04-04 15:41:51 django.server log_message:249 - "GET /api/questions/20/vocabulary/ HTTP/1.1" 200 2
INFO 2026-04-04 15:41:52 django.server log_message:249 - "GET /api/questions/20/vocabulary/ HTTP/1.1" 200 2
WARNING 2026-04-04 15:41:55 django.server log_message:249 - "GET /api/vocabulary/ HTTP/1.1" 401 37
WARNING 2026-04-04 16:19:21 django.server log_message:249 - "GET /api/vocabulary/ HTTP/1.1" 401 37
WARNING 2026-04-04 16:20:55 django.security.csrf log_message:249 - Forbidden (Origin checking failed - http://localhost:5173 does not match any trusted origins.): /api/vocabulary/
WARNING 2026-04-04 16:20:55 django.server log_message:249 - "POST /api/vocabulary/ HTTP/1.1" 403 2554
WARNING 2026-04-04 16:20:56 django.security.csrf log_message:249 - Forbidden (Origin checking failed - http://localhost:5173 does not match any trusted origins.): /api/vocabulary/
WARNING 2026-04-04 16:20:56 django.server log_message:249 - "POST /api/vocabulary/ HTTP/1.1" 403 2554
WARNING 2026-04-04 16:21:14 django.server log_message:249 - "POST /api/auth/logout/ HTTP/1.1" 401 172
INFO 2026-04-04 16:21:33 django.server log_message:249 - "POST /api/auth/login/ HTTP/1.1" 200 503
INFO 2026-04-04 16:21:34 django.server log_message:249 - "GET /api/auth/me/ HTTP/1.1" 200 197
WARNING 2026-04-04 16:21:35 django.server log_message:249 - "GET /api/vocabulary/ HTTP/1.1" 401 37
WARNING 2026-04-04 16:23:11 django.security.csrf log_message:249 - Forbidden (Origin checking failed - http://localhost:5173 does not match any trusted origins.): /api/vocabulary/
WARNING 2026-04-04 16:23:11 django.server log_message:249 - "POST /api/vocabulary/ HTTP/1.1" 403 2554
INFO 2026-04-04 16:24:19 django.utils.autoreload trigger_reload:265 - C:\Users\gusta\Desktop\djangoProjects\integradora-8B-RAMA-DEV-SpeakBranchAI\backend\vocabulary\views.py changed, reloading.
INFO 2026-04-04 16:24:20 django.utils.autoreload run_with_reloader:681 - Watching for file changes with StatReloader
INFO 2026-04-04 16:24:37 django.utils.autoreload trigger_reload:265 - C:\Users\gusta\Desktop\djangoProjects\integradora-8B-RAMA-DEV-SpeakBranchAI\backend\vocabulary\views.py changed, reloading.
INFO 2026-04-04 16:24:39 django.utils.autoreload run_with_reloader:681 - Watching for file changes with StatReloader
INFO 2026-04-04 16:24:49 django.utils.autoreload trigger_reload:265 - C:\Users\gusta\Desktop\djangoProjects\integradora-8B-RAMA-DEV-SpeakBranchAI\backend\vocabulary\views.py changed, reloading.
INFO 2026-04-04 16:24:51 django.utils.autoreload run_with_reloader:681 - Watching for file changes with StatReloader
INFO 2026-04-04 16:25:04 django.utils.autoreload trigger_reload:265 - C:\Users\gusta\Desktop\djangoProjects\integradora-8B-RAMA-DEV-SpeakBranchAI\backend\vocabulary\views.py changed, reloading.
INFO 2026-04-04 16:25:06 django.utils.autoreload run_with_reloader:681 - Watching for file changes with StatReloader
INFO 2026-04-04 16:25:12 django.utils.autoreload trigger_reload:265 - C:\Users\gusta\Desktop\djangoProjects\integradora-8B-RAMA-DEV-SpeakBranchAI\backend\vocabulary\views.py changed, reloading.
INFO 2026-04-04 16:25:14 django.utils.autoreload run_with_reloader:681 - Watching for file changes with StatReloader
WARNING 2026-04-04 16:26:06 django.server log_message:249 - "POST /api/vocabulary/ HTTP/1.1" 401 37
WARNING 2026-04-04 16:26:14 django.server log_message:249 - "POST /api/vocabulary/ HTTP/1.1" 401 37
INFO 2026-04-04 16:26:29 django.server log_message:249 - "POST /api/auth/logout/ HTTP/1.1" 200 38
INFO 2026-04-04 16:26:40 django.server log_message:249 - "POST /api/auth/login/ HTTP/1.1" 200 503
INFO 2026-04-04 16:26:41 django.server log_message:249 - "GET /api/auth/me/ HTTP/1.1" 200 197
WARNING 2026-04-04 16:26:43 django.server log_message:249 - "GET /api/vocabulary/ HTTP/1.1" 401 37
WARNING 2026-04-04 16:27:48 django.server log_message:249 - "POST /api/vocabulary/ HTTP/1.1" 401 37
INFO 2026-04-04 16:30:35 django.utils.autoreload trigger_reload:265 - C:\Users\gusta\Desktop\djangoProjects\integradora-8B-RAMA-DEV-SpeakBranchAI\backend\vocabulary\views.py changed, reloading.
INFO 2026-04-04 16:30:36 django.utils.autoreload run_with_reloader:681 - Watching for file changes with StatReloader
INFO 2026-04-04 16:30:56 django.utils.autoreload run_with_reloader:681 - Watching for file changes with StatReloader
INFO 2026-04-04 16:31:05 django.server log_message:249 - "POST /api/vocabulary/ HTTP/1.1" 201 798
INFO 2026-04-04 16:31:10 django.server log_message:249 - "GET /api/auth/me/ HTTP/1.1" 200 197
INFO 2026-04-04 16:31:11 django.server log_message:249 - "GET /api/auth/me/ HTTP/1.1" 200 197
INFO 2026-04-04 16:31:11 django.server log_message:249 - "GET /api/vocabulary/ HTTP/1.1" 200 6488
INFO 2026-04-04 16:31:38 django.server log_message:249 - "OPTIONS /api/vocabulary/?search=to HTTP/1.1" 200 0
INFO 2026-04-04 16:31:38 django.server log_message:249 - "GET /api/vocabulary/?search=to HTTP/1.1" 200 12
INFO 2026-04-04 16:31:40 django.server log_message:249 - "GET /api/vocabulary/?search=to HTTP/1.1" 200 12
INFO 2026-04-04 16:31:41 django.server log_message:249 - "OPTIONS /api/vocabulary/?search=t HTTP/1.1" 200 0
INFO 2026-04-04 16:31:42 django.server log_message:249 - "GET /api/vocabulary/?search=t HTTP/1.1" 200 3264
INFO 2026-04-04 16:31:45 django.server log_message:249 - "GET /api/vocabulary/ HTTP/1.1" 200 6488
INFO 2026-04-04 16:31:46 django.server log_message:249 - "OPTIONS /api/vocabulary/?search=To HTTP/1.1" 200 0
INFO 2026-04-04 16:31:46 django.server log_message:249 - "GET /api/vocabulary/?search=To HTTP/1.1" 200 12
INFO 2026-04-04 16:31:48 django.server log_message:249 - "GET /api/vocabulary/?search=To HTTP/1.1" 200 12
INFO 2026-04-04 16:31:49 django.server log_message:249 - "GET /api/vocabulary/ HTTP/1.1" 200 6488
INFO 2026-04-04 16:31:54 django.server log_message:249 - "OPTIONS /api/vocabulary/?search=To+change+i HTTP/1.1" 200 0
INFO 2026-04-04 16:31:54 django.server log_message:249 - "GET /api/vocabulary/?search=To+change+i HTTP/1.1" 200 12
INFO 2026-04-04 16:31:57 django.server log_message:249 - "GET /api/vocabulary/ HTTP/1.1" 200 6488
INFO 2026-04-04 16:33:42 django.server log_message:249 - "GET /api/questions/ HTTP/1.1" 200 5984
INFO 2026-04-04 16:33:45 django.server log_message:249 - "GET /api/questions/ HTTP/1.1" 200 5984
INFO 2026-04-04 16:33:46 django.server log_message:249 - "GET /api/questions/20/vocabulary/ HTTP/1.1" 200 2
INFO 2026-04-04 16:33:47 django.server log_message:249 - "GET /api/questions/20/vocabulary/ HTTP/1.1" 200 2
INFO 2026-04-04 16:34:13 django.server log_message:249 - "GET /api/questions/20/vocabulary/ HTTP/1.1" 200 2
INFO 2026-04-04 16:34:14 django.server log_message:249 - "GET /api/questions/20/vocabulary/ HTTP/1.1" 200 2
INFO 2026-04-04 16:34:53 django.server log_message:249 - "OPTIONS /api/questions/19/vocabulary/ HTTP/1.1" 200 0
INFO 2026-04-04 16:34:53 django.server log_message:249 - "OPTIONS /api/questions/19/vocabulary/ HTTP/1.1" 200 0
INFO 2026-04-04 16:34:54 django.server log_message:249 - "GET /api/questions/19/vocabulary/ HTTP/1.1" 200 2
INFO 2026-04-04 16:34:54 django.server log_message:249 - "GET /api/questions/19/vocabulary/ HTTP/1.1" 200 2
INFO 2026-04-04 16:37:30 django.utils.autoreload trigger_reload:265 - C:\Users\gusta\Desktop\djangoProjects\integradora-8B-RAMA-DEV-SpeakBranchAI\backend\questions\serializers\base_serializer.py changed, reloading.
INFO 2026-04-04 16:37:31 django.utils.autoreload run_with_reloader:681 - Watching for file changes with StatReloader
